{"time":"2024-10-11T18:05:59.505937163+01:00","level":"INFO","source":{"function":"github.com/FredericoBento/HandGame/internal/services.(*PongService).Start","file":"/home/fredarch/Documents/Github/HandGame/internal/services/pong.go","line":29},"msg":"PongService Started"}
{"time":"2024-10-11T18:06:55.026265103+01:00","level":"WARN","source":{"function":"github.com/FredericoBento/HandGame/internal/services.(*PongService).Stop","file":"/home/fredarch/Documents/Github/HandGame/internal/services/pong.go","line":35},"msg":"PongService Stopped"}
{"time":"2024-10-11T18:06:56.29430391+01:00","level":"INFO","source":{"function":"github.com/FredericoBento/HandGame/internal/services.(*PongService).Resume","file":"/home/fredarch/Documents/Github/HandGame/internal/services/pong.go","line":41},"msg":"PongService Resumed"}
{"time":"2024-10-11T18:12:35.542677324+01:00","level":"INFO","source":{"function":"github.com/FredericoBento/HandGame/internal/services.(*PongService).Start","file":"/home/fredarch/Documents/Github/HandGame/internal/services/pong.go","line":29},"msg":"PongService Started"}
{"time":"2024-10-11T18:14:11.743627027+01:00","level":"INFO","source":{"function":"github.com/FredericoBento/HandGame/internal/services.(*PongService).Start","file":"/home/fredarch/Documents/Github/HandGame/internal/services/pong.go","line":29},"msg":"PongService Started"}
{"time":"2024-10-11T18:16:32.907487098+01:00","level":"INFO","source":{"function":"github.com/FredericoBento/HandGame/internal/services.(*PongService).Start","file":"/home/fredarch/Documents/Github/HandGame/internal/services/pong.go","line":29},"msg":"PongService Started"}
{"time":"2024-10-11T18:18:45.586814751+01:00","level":"INFO","source":{"function":"github.com/FredericoBento/HandGame/internal/services.(*PongService).Start","file":"/home/fredarch/Documents/Github/HandGame/internal/services/pong.go","line":29},"msg":"PongService Started"}
{"time":"2024-10-11T18:18:55.324682885+01:00","level":"WARN","source":{"function":"github.com/FredericoBento/HandGame/internal/services.(*PongService).Stop","file":"/home/fredarch/Documents/Github/HandGame/internal/services/pong.go","line":35},"msg":"PongService Stopped"}
{"time":"2024-10-11T18:19:43.388767805+01:00","level":"INFO","source":{"function":"github.com/FredericoBento/HandGame/internal/services.(*PongService).Start","file":"/home/fredarch/Documents/Github/HandGame/internal/services/pong.go","line":29},"msg":"PongService Started"}
{"time":"2024-10-11T20:56:32.04713118+01:00","level":"INFO","source":{"function":"github.com/FredericoBento/HandGame/internal/services.(*PongService).Start","file":"/home/fredarch/Documents/Github/HandGame/internal/services/pong.go","line":29},"msg":"PongService Started"}
{"time":"2024-10-13T16:41:47.466601675+01:00","level":"INFO","source":{"function":"github.com/FredericoBento/HandGame/internal/services.(*PongService).Start","file":"/home/fredarch/Documents/Github/HandGame/internal/services/pong.go","line":29},"msg":"PongService Started"}
{"time":"2024-10-13T18:38:33.804034125+01:00","level":"INFO","source":{"function":"github.com/FredericoBento/HandGame/internal/services.(*PongService).Start","file":"/home/fredarch/Documents/Github/HandGame/internal/services/pong.go","line":29},"msg":"PongService Started"}
{"time":"2024-10-13T18:39:11.53586721+01:00","level":"INFO","source":{"function":"github.com/FredericoBento/HandGame/internal/services.(*PongService).Start","file":"/home/fredarch/Documents/Github/HandGame/internal/services/pong.go","line":29},"msg":"PongService Started"}
{"time":"2024-10-13T18:42:36.938154111+01:00","level":"INFO","source":{"function":"github.com/FredericoBento/HandGame/internal/services.(*PongService).Start","file":"/home/fredarch/Documents/Github/HandGame/internal/services/pong.go","line":29},"msg":"PongService Started"}
{"time":"2024-10-13T18:42:52.883471842+01:00","level":"INFO","source":{"function":"github.com/FredericoBento/HandGame/internal/services.(*PongService).Start","file":"/home/fredarch/Documents/Github/HandGame/internal/services/pong.go","line":29},"msg":"PongService Started"}
{"time":"2024-10-13T18:42:57.806951058+01:00","level":"INFO","source":{"function":"github.com/FredericoBento/HandGame/internal/services.(*PongService).Start","file":"/home/fredarch/Documents/Github/HandGame/internal/services/pong.go","line":29},"msg":"PongService Started"}
{"time":"2024-10-13T18:43:20.868762567+01:00","level":"INFO","source":{"function":"github.com/FredericoBento/HandGame/internal/services.(*PongService).Start","file":"/home/fredarch/Documents/Github/HandGame/internal/services/pong.go","line":29},"msg":"PongService Started"}
{"time":"2024-10-13T18:45:33.913671018+01:00","level":"INFO","source":{"function":"github.com/FredericoBento/HandGame/internal/services.(*PongService).Start","file":"/home/fredarch/Documents/Github/HandGame/internal/services/pong.go","line":29},"msg":"PongService Started"}
{"time":"2024-10-13T18:46:31.752273144+01:00","level":"INFO","source":{"function":"github.com/FredericoBento/HandGame/internal/services.(*PongService).Start","file":"/home/fredarch/Documents/Github/HandGame/internal/services/pong.go","line":29},"msg":"PongService Started"}
{"time":"2024-10-13T18:49:02.706330563+01:00","level":"INFO","source":{"function":"github.com/FredericoBento/HandGame/internal/services.(*PongService).Start","file":"/home/fredarch/Documents/Github/HandGame/internal/services/pong.go","line":29},"msg":"PongService Started"}
{"time":"2024-10-13T18:50:57.441735446+01:00","level":"INFO","source":{"function":"github.com/FredericoBento/HandGame/internal/services.(*PongService).Start","file":"/home/fredarch/Documents/Github/HandGame/internal/services/pong.go","line":29},"msg":"PongService Started"}
{"time":"2024-10-13T18:51:13.519273086+01:00","level":"INFO","source":{"function":"github.com/FredericoBento/HandGame/internal/services.(*PongService).Start","file":"/home/fredarch/Documents/Github/HandGame/internal/services/pong.go","line":29},"msg":"PongService Started"}
{"time":"2024-10-13T18:51:16.690700365+01:00","level":"INFO","source":{"function":"github.com/FredericoBento/HandGame/internal/services.(*PongService).Start","file":"/home/fredarch/Documents/Github/HandGame/internal/services/pong.go","line":29},"msg":"PongService Started"}
{"time":"2024-10-13T18:53:22.314237473+01:00","level":"INFO","source":{"function":"github.com/FredericoBento/HandGame/internal/services.(*PongService).Start","file":"/home/fredarch/Documents/Github/HandGame/internal/services/pong.go","line":29},"msg":"PongService Started"}
{"time":"2024-10-13T18:56:36.488350529+01:00","level":"INFO","source":{"function":"github.com/FredericoBento/HandGame/internal/services.(*PongService).Start","file":"/home/fredarch/Documents/Github/HandGame/internal/services/pong.go","line":29},"msg":"PongService Started"}
{"time":"2024-10-13T18:58:16.591622316+01:00","level":"INFO","source":{"function":"github.com/FredericoBento/HandGame/internal/services.(*PongService).Start","file":"/home/fredarch/Documents/Github/HandGame/internal/services/pong.go","line":29},"msg":"PongService Started"}
{"time":"2024-10-13T18:59:07.233904807+01:00","level":"INFO","source":{"function":"github.com/FredericoBento/HandGame/internal/services.(*PongService).Start","file":"/home/fredarch/Documents/Github/HandGame/internal/services/pong.go","line":29},"msg":"PongService Started"}
{"time":"2024-10-13T19:01:40.613341741+01:00","level":"INFO","source":{"function":"github.com/FredericoBento/HandGame/internal/services.(*PongService).Start","file":"/home/fredarch/Documents/Github/HandGame/internal/services/pong.go","line":29},"msg":"PongService Started"}
{"time":"2024-10-13T19:02:32.080071107+01:00","level":"INFO","source":{"function":"github.com/FredericoBento/HandGame/internal/services.(*PongService).Start","file":"/home/fredarch/Documents/Github/HandGame/internal/services/pong.go","line":29},"msg":"PongService Started"}
{"time":"2024-10-13T19:02:52.235719566+01:00","level":"INFO","source":{"function":"github.com/FredericoBento/HandGame/internal/services.(*PongService).Start","file":"/home/fredarch/Documents/Github/HandGame/internal/services/pong.go","line":29},"msg":"PongService Started"}
{"time":"2024-10-13T19:03:40.347717429+01:00","level":"INFO","source":{"function":"github.com/FredericoBento/HandGame/internal/services.(*PongService).Start","file":"/home/fredarch/Documents/Github/HandGame/internal/services/pong.go","line":29},"msg":"PongService Started"}
{"time":"2024-10-13T19:05:06.348324388+01:00","level":"INFO","source":{"function":"github.com/FredericoBento/HandGame/internal/services.(*PongService).Start","file":"/home/fredarch/Documents/Github/HandGame/internal/services/pong.go","line":29},"msg":"PongService Started"}
{"time":"2024-10-13T19:06:36.01056118+01:00","level":"INFO","source":{"function":"github.com/FredericoBento/HandGame/internal/services.(*PongService).Start","file":"/home/fredarch/Documents/Github/HandGame/internal/services/pong.go","line":29},"msg":"PongService Started"}
{"time":"2024-10-13T19:08:59.627399229+01:00","level":"INFO","source":{"function":"github.com/FredericoBento/HandGame/internal/services.(*PongService).Start","file":"/home/fredarch/Documents/Github/HandGame/internal/services/pong.go","line":29},"msg":"PongService Started"}
{"time":"2024-10-13T19:09:16.479080558+01:00","level":"INFO","source":{"function":"github.com/FredericoBento/HandGame/internal/services.(*PongService).Start","file":"/home/fredarch/Documents/Github/HandGame/internal/services/pong.go","line":29},"msg":"PongService Started"}
{"time":"2024-10-13T19:09:27.59985153+01:00","level":"INFO","source":{"function":"github.com/FredericoBento/HandGame/internal/services.(*PongService).Start","file":"/home/fredarch/Documents/Github/HandGame/internal/services/pong.go","line":29},"msg":"PongService Started"}
{"time":"2024-10-13T19:10:34.393679348+01:00","level":"INFO","source":{"function":"github.com/FredericoBento/HandGame/internal/services.(*PongService).Start","file":"/home/fredarch/Documents/Github/HandGame/internal/services/pong.go","line":29},"msg":"PongService Started"}
{"time":"2024-10-13T19:11:00.790858833+01:00","level":"INFO","source":{"function":"github.com/FredericoBento/HandGame/internal/services.(*PongService).Start","file":"/home/fredarch/Documents/Github/HandGame/internal/services/pong.go","line":29},"msg":"PongService Started"}
{"time":"2024-10-13T19:11:11.844571009+01:00","level":"INFO","source":{"function":"github.com/FredericoBento/HandGame/internal/services.(*PongService).Start","file":"/home/fredarch/Documents/Github/HandGame/internal/services/pong.go","line":29},"msg":"PongService Started"}
{"time":"2024-10-13T19:13:01.677879836+01:00","level":"INFO","source":{"function":"github.com/FredericoBento/HandGame/internal/services.(*PongService).Start","file":"/home/fredarch/Documents/Github/HandGame/internal/services/pong.go","line":29},"msg":"PongService Started"}
{"time":"2024-10-13T20:51:05.554818088+01:00","level":"INFO","source":{"function":"github.com/FredericoBento/HandGame/internal/services.(*PongService).Start","file":"/home/fredarch/Documents/Github/HandGame/internal/services/pong.go","line":29},"msg":"PongService Started"}
{"time":"2024-10-13T21:16:26.485436991+01:00","level":"INFO","source":{"function":"github.com/FredericoBento/HandGame/internal/services.(*PongService).Start","file":"/home/fredarch/Documents/Github/HandGame/internal/services/pong.go","line":29},"msg":"PongService Started"}
{"time":"2024-10-14T13:18:04.629218644+01:00","level":"INFO","source":{"function":"github.com/FredericoBento/HandGame/internal/services.(*PongService).Start","file":"/home/fredarch/Documents/Github/HandGame/internal/services/pong.go","line":29},"msg":"PongService Started"}
{"time":"2024-10-14T16:08:27.798456629+01:00","level":"INFO","source":{"function":"github.com/FredericoBento/HandGame/internal/services.(*PongService).Start","file":"/home/fredarch/Documents/Github/HandGame/internal/services/pong.go","line":85},"msg":"PongService Started"}
{"time":"2024-10-14T16:09:58.888298952+01:00","level":"INFO","source":{"function":"github.com/FredericoBento/HandGame/internal/services.(*PongService).Start","file":"/home/fredarch/Documents/Github/HandGame/internal/services/pong.go","line":85},"msg":"PongService Started"}
{"time":"2024-10-14T16:12:59.523586159+01:00","level":"INFO","source":{"function":"github.com/FredericoBento/HandGame/internal/services.(*PongService).Start","file":"/home/fredarch/Documents/Github/HandGame/internal/services/pong.go","line":85},"msg":"PongService Started"}
{"time":"2024-10-14T16:13:30.38164536+01:00","level":"INFO","source":{"function":"github.com/FredericoBento/HandGame/internal/services.(*PongService).Start","file":"/home/fredarch/Documents/Github/HandGame/internal/services/pong.go","line":85},"msg":"PongService Started"}
{"time":"2024-10-14T16:14:15.904325705+01:00","level":"INFO","source":{"function":"github.com/FredericoBento/HandGame/internal/services.(*PongService).Start","file":"/home/fredarch/Documents/Github/HandGame/internal/services/pong.go","line":86},"msg":"PongService Started"}
{"time":"2024-10-14T16:14:49.162215327+01:00","level":"INFO","source":{"function":"github.com/FredericoBento/HandGame/internal/services.(*PongService).Start","file":"/home/fredarch/Documents/Github/HandGame/internal/services/pong.go","line":86},"msg":"PongService Started"}
{"time":"2024-10-14T16:16:39.910247377+01:00","level":"INFO","source":{"function":"github.com/FredericoBento/HandGame/internal/services.(*PongService).Start","file":"/home/fredarch/Documents/Github/HandGame/internal/services/pong.go","line":86},"msg":"PongService Started"}
{"time":"2024-10-14T16:17:05.057280905+01:00","level":"INFO","source":{"function":"github.com/FredericoBento/HandGame/internal/services.(*PongService).Start","file":"/home/fredarch/Documents/Github/HandGame/internal/services/pong.go","line":86},"msg":"PongService Started"}
{"time":"2024-10-14T16:18:36.984667381+01:00","level":"INFO","source":{"function":"github.com/FredericoBento/HandGame/internal/services.(*PongService).Start","file":"/home/fredarch/Documents/Github/HandGame/internal/services/pong.go","line":88},"msg":"PongService Started"}
{"time":"2024-10-14T16:18:55.353777364+01:00","level":"INFO","source":{"function":"github.com/FredericoBento/HandGame/internal/services.(*PongService).Start","file":"/home/fredarch/Documents/Github/HandGame/internal/services/pong.go","line":88},"msg":"PongService Started"}
{"time":"2024-10-14T16:21:02.307009419+01:00","level":"INFO","source":{"function":"github.com/FredericoBento/HandGame/internal/services.(*PongService).Start","file":"/home/fredarch/Documents/Github/HandGame/internal/services/pong.go","line":89},"msg":"PongService Started"}
{"time":"2024-10-14T16:25:06.304053942+01:00","level":"INFO","source":{"function":"github.com/FredericoBento/HandGame/internal/services.(*PongService).Start","file":"/home/fredarch/Documents/Github/HandGame/internal/services/pong.go","line":88},"msg":"PongService Started"}
{"time":"2024-10-14T16:29:12.515630845+01:00","level":"INFO","source":{"function":"github.com/FredericoBento/HandGame/internal/services.(*PongService).Start","file":"/home/fredarch/Documents/Github/HandGame/internal/services/pong.go","line":88},"msg":"PongService Started"}
{"time":"2024-10-14T16:30:55.045005775+01:00","level":"INFO","source":{"function":"github.com/FredericoBento/HandGame/internal/services.(*PongService).Start","file":"/home/fredarch/Documents/Github/HandGame/internal/services/pong.go","line":88},"msg":"PongService Started"}
{"time":"2024-10-14T16:36:29.618716806+01:00","level":"INFO","source":{"function":"github.com/FredericoBento/HandGame/internal/services.(*PongService).Start","file":"/home/fredarch/Documents/Github/HandGame/internal/services/pong.go","line":88},"msg":"PongService Started"}
{"time":"2024-10-14T16:40:53.112273945+01:00","level":"INFO","source":{"function":"github.com/FredericoBento/HandGame/internal/services.(*PongService).Start","file":"/home/fredarch/Documents/Github/HandGame/internal/services/pong.go","line":88},"msg":"PongService Started"}
{"time":"2024-10-14T16:42:05.594974606+01:00","level":"INFO","source":{"function":"github.com/FredericoBento/HandGame/internal/services.(*PongService).Start","file":"/home/fredarch/Documents/Github/HandGame/internal/services/pong.go","line":88},"msg":"PongService Started"}
{"time":"2024-10-14T16:42:25.794275075+01:00","level":"INFO","source":{"function":"github.com/FredericoBento/HandGame/internal/services.(*PongService).Start","file":"/home/fredarch/Documents/Github/HandGame/internal/services/pong.go","line":88},"msg":"PongService Started"}
{"time":"2024-10-14T16:51:38.918462383+01:00","level":"INFO","source":{"function":"github.com/FredericoBento/HandGame/internal/services.(*PongService).Start","file":"/home/fredarch/Documents/Github/HandGame/internal/services/pong.go","line":88},"msg":"PongService Started"}
{"time":"2024-10-14T16:53:03.745729091+01:00","level":"INFO","source":{"function":"github.com/FredericoBento/HandGame/internal/services.(*PongService).Start","file":"/home/fredarch/Documents/Github/HandGame/internal/services/pong.go","line":88},"msg":"PongService Started"}
{"time":"2024-10-14T16:55:33.285547979+01:00","level":"INFO","source":{"function":"github.com/FredericoBento/HandGame/internal/services.(*PongService).Start","file":"/home/fredarch/Documents/Github/HandGame/internal/services/pong.go","line":88},"msg":"PongService Started"}
{"time":"2024-10-14T16:57:38.236647591+01:00","level":"ERROR","source":{"function":"github.com/FredericoBento/HandGame/internal/services.(*PongService).HandleWebSocketConnection.func1","file":"/home/fredarch/Documents/Github/HandGame/internal/services/pong.go","line":72},"msg":"Failed to add client to the game session:","!BADKEY":"game is full"}
{"time":"2024-10-14T16:57:45.316441489+01:00","level":"ERROR","source":{"function":"github.com/FredericoBento/HandGame/internal/services.(*PongService).HandleWebSocketConnection.func1","file":"/home/fredarch/Documents/Github/HandGame/internal/services/pong.go","line":72},"msg":"Failed to add client to the game session:","!BADKEY":"game is full"}
{"time":"2024-10-14T18:28:29.489954773+01:00","level":"INFO","source":{"function":"github.com/FredericoBento/HandGame/internal/services.(*PongService).Start","file":"/home/fredarch/Documents/Github/HandGame/internal/services/pong.go","line":88},"msg":"PongService Started"}
{"time":"2024-10-15T12:28:50.785796938+01:00","level":"INFO","source":{"function":"github.com/FredericoBento/HandGame/internal/services.(*PongService).Start","file":"/home/fredarch/Documents/Github/HandGame/internal/services/pong.go","line":88},"msg":"PongService Started"}
{"time":"2024-10-15T13:45:34.236567604+01:00","level":"INFO","source":{"function":"github.com/FredericoBento/HandGame/internal/services.(*PongService).Start","file":"/home/fredarch/Documents/Github/HandGame/internal/services/pong.go","line":81},"msg":"PongService Started"}
{"time":"2024-10-15T13:47:59.66759184+01:00","level":"INFO","source":{"function":"github.com/FredericoBento/HandGame/internal/services.(*PongService).Start","file":"/home/fredarch/Documents/Github/HandGame/internal/services/pong.go","line":81},"msg":"PongService Started"}
{"time":"2024-10-15T13:48:55.742242539+01:00","level":"INFO","source":{"function":"github.com/FredericoBento/HandGame/internal/services.(*PongService).Start","file":"/home/fredarch/Documents/Github/HandGame/internal/services/pong.go","line":81},"msg":"PongService Started"}
{"time":"2024-10-15T13:48:56.443587424+01:00","level":"ERROR","source":{"function":"github.com/FredericoBento/HandGame/internal/services.(*PongService).HandleWebSocketConnection.func1","file":"/home/fredarch/Documents/Github/HandGame/internal/services/pong.go","line":63},"msg":"Error User not logged:"}
{"time":"2024-10-15T13:50:08.754599484+01:00","level":"INFO","source":{"function":"github.com/FredericoBento/HandGame/internal/services.(*PongService).Start","file":"/home/fredarch/Documents/Github/HandGame/internal/services/pong.go","line":81},"msg":"PongService Started"}
{"time":"2024-10-15T13:51:29.504559671+01:00","level":"INFO","source":{"function":"github.com/FredericoBento/HandGame/internal/services.(*PongService).Start","file":"/home/fredarch/Documents/Github/HandGame/internal/services/pong.go","line":82},"msg":"PongService Started"}
{"time":"2024-10-15T13:53:09.892342733+01:00","level":"INFO","source":{"function":"github.com/FredericoBento/HandGame/internal/services.(*PongService).Start","file":"/home/fredarch/Documents/Github/HandGame/internal/services/pong.go","line":82},"msg":"PongService Started"}
{"time":"2024-10-15T13:54:03.078408864+01:00","level":"INFO","source":{"function":"github.com/FredericoBento/HandGame/internal/services.(*PongService).Start","file":"/home/fredarch/Documents/Github/HandGame/internal/services/pong.go","line":82},"msg":"PongService Started"}
{"time":"2024-10-15T13:55:57.583089859+01:00","level":"INFO","source":{"function":"github.com/FredericoBento/HandGame/internal/services.(*PongService).Start","file":"/home/fredarch/Documents/Github/HandGame/internal/services/pong.go","line":82},"msg":"PongService Started"}
{"time":"2024-10-15T13:57:01.553004011+01:00","level":"INFO","source":{"function":"github.com/FredericoBento/HandGame/internal/services.(*PongService).Start","file":"/home/fredarch/Documents/Github/HandGame/internal/services/pong.go","line":82},"msg":"PongService Started"}
{"time":"2024-10-15T13:58:23.720140384+01:00","level":"INFO","source":{"function":"github.com/FredericoBento/HandGame/internal/services.(*PongService).Start","file":"/home/fredarch/Documents/Github/HandGame/internal/services/pong.go","line":82},"msg":"PongService Started"}
{"time":"2024-10-15T14:03:04.266077236+01:00","level":"INFO","source":{"function":"github.com/FredericoBento/HandGame/internal/services.(*PongService).Start","file":"/home/fredarch/Documents/Github/HandGame/internal/services/pong.go","line":82},"msg":"PongService Started"}
{"time":"2024-10-15T14:03:04.993912397+01:00","level":"ERROR","source":{"function":"github.com/FredericoBento/HandGame/internal/services.(*PongService).HandleWebSocketConnection.func1","file":"/home/fredarch/Documents/Github/HandGame/internal/services/pong.go","line":57},"msg":"Error User not logged:"}
{"time":"2024-10-15T14:03:10.907285642+01:00","level":"ERROR","source":{"function":"github.com/FredericoBento/HandGame/internal/services.(*PongService).HandleWebSocketConnection.func1","file":"/home/fredarch/Documents/Github/HandGame/internal/services/pong.go","line":57},"msg":"Error User not logged:"}
{"time":"2024-10-15T14:03:48.67773516+01:00","level":"INFO","source":{"function":"github.com/FredericoBento/HandGame/internal/services.(*PongService).Start","file":"/home/fredarch/Documents/Github/HandGame/internal/services/pong.go","line":82},"msg":"PongService Started"}
{"time":"2024-10-15T14:03:49.992895078+01:00","level":"ERROR","source":{"function":"github.com/FredericoBento/HandGame/internal/services.(*PongService).HandleWebSocketConnection.func1","file":"/home/fredarch/Documents/Github/HandGame/internal/services/pong.go","line":57},"msg":"Error User not logged:"}
{"time":"2024-10-15T14:05:41.206674386+01:00","level":"INFO","source":{"function":"github.com/FredericoBento/HandGame/internal/services.(*PongService).Start","file":"/home/fredarch/Documents/Github/HandGame/internal/services/pong.go","line":82},"msg":"PongService Started"}
{"time":"2024-10-15T14:41:39.33415893+01:00","level":"INFO","source":{"function":"github.com/FredericoBento/HandGame/internal/services.(*PongService).Start","file":"/home/fredarch/Documents/Github/HandGame/internal/services/pong.go","line":82},"msg":"PongService Started"}
{"time":"2024-10-15T14:43:55.482120686+01:00","level":"INFO","source":{"function":"github.com/FredericoBento/HandGame/internal/services.(*PongService).Start","file":"/home/fredarch/Documents/Github/HandGame/internal/services/pong.go","line":82},"msg":"PongService Started"}
{"time":"2024-10-15T14:43:55.772758849+01:00","level":"ERROR","source":{"function":"github.com/FredericoBento/HandGame/internal/services.(*PongService).HandleWebSocketConnection.func1","file":"/home/fredarch/Documents/Github/HandGame/internal/services/pong.go","line":57},"msg":"Error User not logged:"}
{"time":"2024-10-15T14:44:12.790522355+01:00","level":"INFO","source":{"function":"github.com/FredericoBento/HandGame/internal/services.(*PongService).Start","file":"/home/fredarch/Documents/Github/HandGame/internal/services/pong.go","line":82},"msg":"PongService Started"}
{"time":"2024-10-15T14:44:12.807817169+01:00","level":"ERROR","source":{"function":"github.com/FredericoBento/HandGame/internal/services.(*PongService).HandleWebSocketConnection.func1","file":"/home/fredarch/Documents/Github/HandGame/internal/services/pong.go","line":57},"msg":"Error User not logged:"}
{"time":"2024-10-15T14:51:45.43181118+01:00","level":"INFO","source":{"function":"github.com/FredericoBento/HandGame/internal/services.(*PongService).Start","file":"/home/fredarch/Documents/Github/HandGame/internal/services/pong.go","line":82},"msg":"PongService Started"}
{"time":"2024-10-15T14:51:46.994429368+01:00","level":"ERROR","source":{"function":"github.com/FredericoBento/HandGame/internal/services.(*PongService).HandleWebSocketConnection.func1","file":"/home/fredarch/Documents/Github/HandGame/internal/services/pong.go","line":57},"msg":"Error User not logged:"}
{"time":"2024-10-15T14:51:50.76670488+01:00","level":"ERROR","source":{"function":"github.com/FredericoBento/HandGame/internal/services.(*PongService).HandleWebSocketConnection.func1","file":"/home/fredarch/Documents/Github/HandGame/internal/services/pong.go","line":57},"msg":"Error User not logged:"}
{"time":"2024-10-15T14:53:24.227994063+01:00","level":"INFO","source":{"function":"github.com/FredericoBento/HandGame/internal/services.(*PongService).Start","file":"/home/fredarch/Documents/Github/HandGame/internal/services/pong.go","line":82},"msg":"PongService Started"}
{"time":"2024-10-15T14:53:24.487257209+01:00","level":"ERROR","source":{"function":"github.com/FredericoBento/HandGame/internal/services.(*PongService).HandleWebSocketConnection.func1","file":"/home/fredarch/Documents/Github/HandGame/internal/services/pong.go","line":57},"msg":"Error User not logged:"}
{"time":"2024-10-15T14:58:28.65374113+01:00","level":"INFO","source":{"function":"github.com/FredericoBento/HandGame/internal/services.(*PongService).Start","file":"/home/fredarch/Documents/Github/HandGame/internal/services/pong.go","line":82},"msg":"PongService Started"}
{"time":"2024-10-15T14:59:45.46496065+01:00","level":"INFO","source":{"function":"github.com/FredericoBento/HandGame/internal/services.(*PongService).Start","file":"/home/fredarch/Documents/Github/HandGame/internal/services/pong.go","line":82},"msg":"PongService Started"}
{"time":"2024-10-15T15:03:18.947671281+01:00","level":"INFO","source":{"function":"github.com/FredericoBento/HandGame/internal/services.(*PongService).Start","file":"/home/fredarch/Documents/Github/HandGame/internal/services/pong.go","line":82},"msg":"PongService Started"}
{"time":"2024-10-15T15:12:21.963574143+01:00","level":"INFO","source":{"function":"github.com/FredericoBento/HandGame/internal/services.(*PongService).Start","file":"/home/fredarch/Documents/Github/HandGame/internal/services/pong.go","line":86},"msg":"PongService Started"}
{"time":"2024-10-15T15:12:29.007565985+01:00","level":"INFO","source":{"function":"github.com/FredericoBento/HandGame/internal/services.(*PongService).ReadMessageHandler","file":"/home/fredarch/Documents/Github/HandGame/internal/services/pong.go","line":54},"msg":"Got Message: {\"code\":\"123\",\"HEADERS\":{\"HX-Request\":\"true\",\"HX-Trigger\":\"pong-form\",\"HX-Trigger-Name\":null,\"HX-Target\":\"pong-form\",\"HX-Current-URL\":\"http://localhost:8080/pong/home\"}}"}
{"time":"2024-10-15T15:12:49.103327292+01:00","level":"INFO","source":{"function":"github.com/FredericoBento/HandGame/internal/services.(*PongService).Start","file":"/home/fredarch/Documents/Github/HandGame/internal/services/pong.go","line":86},"msg":"PongService Started"}
{"time":"2024-10-15T15:12:54.675395688+01:00","level":"INFO","source":{"function":"github.com/FredericoBento/HandGame/internal/services.(*PongService).ReadMessageHandler","file":"/home/fredarch/Documents/Github/HandGame/internal/services/pong.go","line":54},"msg":"Got Message On Pong: {\"code\":\"123\",\"HEADERS\":{\"HX-Request\":\"true\",\"HX-Trigger\":\"pong-form\",\"HX-Trigger-Name\":null,\"HX-Target\":\"pong-form\",\"HX-Current-URL\":\"http://localhost:8080/pong/home\"}}"}
{"time":"2024-10-15T15:15:42.020772849+01:00","level":"INFO","source":{"function":"github.com/FredericoBento/HandGame/internal/services.(*PongService).Start","file":"/home/fredarch/Documents/Github/HandGame/internal/services/pong.go","line":86},"msg":"PongService Started"}
{"time":"2024-10-15T15:15:48.635075373+01:00","level":"INFO","source":{"function":"github.com/FredericoBento/HandGame/internal/services.(*PongService).ReadMessageHandler","file":"/home/fredarch/Documents/Github/HandGame/internal/services/pong.go","line":54},"msg":"Got Message: {\"code\":\"123\",\"HEADERS\":{\"HX-Request\":\"true\",\"HX-Trigger\":\"pong-form\",\"HX-Trigger-Name\":null,\"HX-Target\":\"pong-form\",\"HX-Current-URL\":\"http://localhost:8080/pong/home\"}} from eee"}
{"time":"2024-10-15T15:18:51.581249915+01:00","level":"INFO","source":{"function":"github.com/FredericoBento/HandGame/internal/services.(*PongService).Start","file":"/home/fredarch/Documents/Github/HandGame/internal/services/pong.go","line":82},"msg":"PongService Started"}
{"time":"2024-10-15T15:18:51.62577923+01:00","level":"ERROR","source":{"function":"github.com/FredericoBento/HandGame/internal/services.(*PongService).HandleWebSocketConnection.func1","file":"/home/fredarch/Documents/Github/HandGame/internal/services/pong.go","line":61},"msg":"Error User not logged:"}
{"time":"2024-10-15T15:19:25.265757457+01:00","level":"INFO","source":{"function":"github.com/FredericoBento/HandGame/internal/services.(*PongService).Start","file":"/home/fredarch/Documents/Github/HandGame/internal/services/pong.go","line":82},"msg":"PongService Started"}
{"time":"2024-10-15T15:19:52.729957669+01:00","level":"INFO","source":{"function":"github.com/FredericoBento/HandGame/internal/services.(*PongService).Start","file":"/home/fredarch/Documents/Github/HandGame/internal/services/pong.go","line":82},"msg":"PongService Started"}
{"time":"2024-10-15T15:20:24.032762517+01:00","level":"INFO","source":{"function":"github.com/FredericoBento/HandGame/internal/services.(*PongService).Start","file":"/home/fredarch/Documents/Github/HandGame/internal/services/pong.go","line":82},"msg":"PongService Started"}
{"time":"2024-10-15T15:20:29.721850705+01:00","level":"INFO","source":{"function":"github.com/FredericoBento/HandGame/internal/services.(*PongService).ReadMessageHandler","file":"/home/fredarch/Documents/Github/HandGame/internal/services/pong.go","line":54},"msg":"Got Message: Hello Server! from eee"}
{"time":"2024-10-15T15:21:04.043134025+01:00","level":"INFO","source":{"function":"github.com/FredericoBento/HandGame/internal/services.(*PongService).Start","file":"/home/fredarch/Documents/Github/HandGame/internal/services/pong.go","line":82},"msg":"PongService Started"}
{"time":"2024-10-15T15:21:10.300290726+01:00","level":"INFO","source":{"function":"github.com/FredericoBento/HandGame/internal/services.(*PongService).ReadMessageHandler","file":"/home/fredarch/Documents/Github/HandGame/internal/services/pong.go","line":54},"msg":"Got Message: Hello Server! from eee"}
{"time":"2024-10-15T15:23:39.330212392+01:00","level":"INFO","source":{"function":"github.com/FredericoBento/HandGame/internal/services.(*PongService).Start","file":"/home/fredarch/Documents/Github/HandGame/internal/services/pong.go","line":82},"msg":"PongService Started"}
{"time":"2024-10-15T15:23:45.502928644+01:00","level":"INFO","source":{"function":"github.com/FredericoBento/HandGame/internal/services.(*PongService).ReadMessageHandler","file":"/home/fredarch/Documents/Github/HandGame/internal/services/pong.go","line":54},"msg":"Got Message: Hello Server! from eee"}
{"time":"2024-10-15T15:24:56.673438331+01:00","level":"INFO","source":{"function":"github.com/FredericoBento/HandGame/internal/services.(*PongService).Start","file":"/home/fredarch/Documents/Github/HandGame/internal/services/pong.go","line":82},"msg":"PongService Started"}
{"time":"2024-10-15T15:25:01.167550123+01:00","level":"INFO","source":{"function":"github.com/FredericoBento/HandGame/internal/services.(*PongService).ReadMessageHandler","file":"/home/fredarch/Documents/Github/HandGame/internal/services/pong.go","line":54},"msg":"Got Message: Hello Server! from eee"}
{"time":"2024-10-15T15:25:09.156593424+01:00","level":"INFO","source":{"function":"github.com/FredericoBento/HandGame/internal/services.(*PongService).Start","file":"/home/fredarch/Documents/Github/HandGame/internal/services/pong.go","line":82},"msg":"PongService Started"}
{"time":"2024-10-15T15:25:14.447253592+01:00","level":"INFO","source":{"function":"github.com/FredericoBento/HandGame/internal/services.(*PongService).ReadMessageHandler","file":"/home/fredarch/Documents/Github/HandGame/internal/services/pong.go","line":54},"msg":"Got Message: Hello Server! from eee"}
{"time":"2024-10-15T15:25:44.15857637+01:00","level":"INFO","source":{"function":"github.com/FredericoBento/HandGame/internal/services.(*PongService).Start","file":"/home/fredarch/Documents/Github/HandGame/internal/services/pong.go","line":82},"msg":"PongService Started"}
{"time":"2024-10-15T15:25:47.744441497+01:00","level":"INFO","source":{"function":"github.com/FredericoBento/HandGame/internal/services.(*PongService).ReadMessageHandler","file":"/home/fredarch/Documents/Github/HandGame/internal/services/pong.go","line":54},"msg":"Got Message: Hello Server! from eee"}
{"time":"2024-10-15T15:27:07.393388786+01:00","level":"INFO","source":{"function":"github.com/FredericoBento/HandGame/internal/services.(*PongService).Start","file":"/home/fredarch/Documents/Github/HandGame/internal/services/pong.go","line":82},"msg":"PongService Started"}
{"time":"2024-10-15T15:27:17.558883035+01:00","level":"INFO","source":{"function":"github.com/FredericoBento/HandGame/internal/services.(*PongService).ReadMessageHandler","file":"/home/fredarch/Documents/Github/HandGame/internal/services/pong.go","line":54},"msg":"Got Message: Hello Server! from eee"}
{"time":"2024-10-15T15:28:01.613023444+01:00","level":"INFO","source":{"function":"github.com/FredericoBento/HandGame/internal/services.(*PongService).ReadMessageHandler","file":"/home/fredarch/Documents/Github/HandGame/internal/services/pong.go","line":54},"msg":"Got Message: Hello Server! from fred"}
{"time":"2024-10-15T15:28:10.690685693+01:00","level":"INFO","source":{"function":"github.com/FredericoBento/HandGame/internal/services.(*PongService).ReadMessageHandler","file":"/home/fredarch/Documents/Github/HandGame/internal/services/pong.go","line":54},"msg":"Got Message: Hello Server! from fred"}
{"time":"2024-10-15T15:29:31.000108681+01:00","level":"INFO","source":{"function":"github.com/FredericoBento/HandGame/internal/services.(*PongService).Start","file":"/home/fredarch/Documents/Github/HandGame/internal/services/pong.go","line":82},"msg":"PongService Started"}
{"time":"2024-10-15T15:29:37.701648427+01:00","level":"INFO","source":{"function":"github.com/FredericoBento/HandGame/internal/services.(*PongService).ReadMessageHandler","file":"/home/fredarch/Documents/Github/HandGame/internal/services/pong.go","line":54},"msg":"Got Message: Hello Server! from eee"}
{"time":"2024-10-15T15:32:26.549629363+01:00","level":"INFO","source":{"function":"github.com/FredericoBento/HandGame/internal/services.(*PongService).Start","file":"/home/fredarch/Documents/Github/HandGame/internal/services/pong.go","line":82},"msg":"PongService Started"}
{"time":"2024-10-15T15:32:32.493603229+01:00","level":"INFO","source":{"function":"github.com/FredericoBento/HandGame/internal/services.(*PongService).ReadMessageHandler","file":"/home/fredarch/Documents/Github/HandGame/internal/services/pong.go","line":54},"msg":"Got Message: Hello Server! from eee"}
{"time":"2024-10-15T15:40:04.257783728+01:00","level":"INFO","source":{"function":"github.com/FredericoBento/HandGame/internal/services.(*PongService).Start","file":"/home/fredarch/Documents/Github/HandGame/internal/services/pong.go","line":82},"msg":"PongService Started"}
{"time":"2024-10-15T15:40:10.01011309+01:00","level":"INFO","source":{"function":"github.com/FredericoBento/HandGame/internal/services.(*PongService).ReadMessageHandler","file":"/home/fredarch/Documents/Github/HandGame/internal/services/pong.go","line":54},"msg":"Got Message: Hello Server! from eee"}
{"time":"2024-10-15T15:40:11.33607134+01:00","level":"INFO","source":{"function":"github.com/FredericoBento/HandGame/internal/services.(*PongService).ReadMessageHandler","file":"/home/fredarch/Documents/Github/HandGame/internal/services/pong.go","line":54},"msg":"Got Message: Hello Server! from eee"}
{"time":"2024-10-15T15:40:16.471324865+01:00","level":"INFO","source":{"function":"github.com/FredericoBento/HandGame/internal/services.(*PongService).ReadMessageHandler","file":"/home/fredarch/Documents/Github/HandGame/internal/services/pong.go","line":54},"msg":"Got Message: Hello Server! from eee"}
{"time":"2024-10-15T15:40:49.912055504+01:00","level":"INFO","source":{"function":"github.com/FredericoBento/HandGame/internal/services.(*PongService).Start","file":"/home/fredarch/Documents/Github/HandGame/internal/services/pong.go","line":82},"msg":"PongService Started"}
{"time":"2024-10-15T15:40:54.046515849+01:00","level":"INFO","source":{"function":"github.com/FredericoBento/HandGame/internal/services.(*PongService).ReadMessageHandler","file":"/home/fredarch/Documents/Github/HandGame/internal/services/pong.go","line":54},"msg":"Got Message: Hello Server! from eee"}
{"time":"2024-10-15T15:41:28.366543637+01:00","level":"INFO","source":{"function":"github.com/FredericoBento/HandGame/internal/services.(*PongService).Start","file":"/home/fredarch/Documents/Github/HandGame/internal/services/pong.go","line":82},"msg":"PongService Started"}
{"time":"2024-10-15T15:41:34.788429897+01:00","level":"INFO","source":{"function":"github.com/FredericoBento/HandGame/internal/services.(*PongService).ReadMessageHandler","file":"/home/fredarch/Documents/Github/HandGame/internal/services/pong.go","line":54},"msg":"Got Message: Hello Server! from eee"}
{"time":"2024-10-15T15:41:53.502915226+01:00","level":"INFO","source":{"function":"github.com/FredericoBento/HandGame/internal/services.(*PongService).Start","file":"/home/fredarch/Documents/Github/HandGame/internal/services/pong.go","line":82},"msg":"PongService Started"}
{"time":"2024-10-15T15:41:58.948632845+01:00","level":"INFO","source":{"function":"github.com/FredericoBento/HandGame/internal/services.(*PongService).ReadMessageHandler","file":"/home/fredarch/Documents/Github/HandGame/internal/services/pong.go","line":54},"msg":"Got Message: Hello Server! from eee"}
{"time":"2024-10-15T15:42:11.275127737+01:00","level":"INFO","source":{"function":"github.com/FredericoBento/HandGame/internal/services.(*PongService).Start","file":"/home/fredarch/Documents/Github/HandGame/internal/services/pong.go","line":82},"msg":"PongService Started"}
{"time":"2024-10-15T15:42:15.094265353+01:00","level":"INFO","source":{"function":"github.com/FredericoBento/HandGame/internal/services.(*PongService).ReadMessageHandler","file":"/home/fredarch/Documents/Github/HandGame/internal/services/pong.go","line":54},"msg":"Got Message: Hello Server! from eee"}
{"time":"2024-10-15T15:42:58.829860802+01:00","level":"INFO","source":{"function":"github.com/FredericoBento/HandGame/internal/services.(*PongService).Start","file":"/home/fredarch/Documents/Github/HandGame/internal/services/pong.go","line":82},"msg":"PongService Started"}
{"time":"2024-10-15T15:43:05.122240146+01:00","level":"INFO","source":{"function":"github.com/FredericoBento/HandGame/internal/services.(*PongService).ReadMessageHandler","file":"/home/fredarch/Documents/Github/HandGame/internal/services/pong.go","line":54},"msg":"Got Message: Hello Server! from eee"}
{"time":"2024-10-15T16:06:26.136009737+01:00","level":"INFO","source":{"function":"github.com/FredericoBento/HandGame/internal/services.(*PongService).Start","file":"/home/fredarch/Documents/Github/HandGame/internal/services/pong.go","line":82},"msg":"PongService Started"}
{"time":"2024-10-15T16:06:35.363069996+01:00","level":"INFO","source":{"function":"github.com/FredericoBento/HandGame/internal/services.(*PongService).ReadMessageHandler","file":"/home/fredarch/Documents/Github/HandGame/internal/services/pong.go","line":54},"msg":"Got Message: Hello Server! from eee"}
{"time":"2024-10-15T16:06:38.400928173+01:00","level":"INFO","source":{"function":"github.com/FredericoBento/HandGame/internal/services.(*PongService).ReadMessageHandler","file":"/home/fredarch/Documents/Github/HandGame/internal/services/pong.go","line":54},"msg":"Got Message: {\"action\":\"Join Room\",\"content\":\"123\"} from eee"}
{"time":"2024-10-15T16:07:12.660411534+01:00","level":"INFO","source":{"function":"github.com/FredericoBento/HandGame/internal/services.(*PongService).Start","file":"/home/fredarch/Documents/Github/HandGame/internal/services/pong.go","line":82},"msg":"PongService Started"}
{"time":"2024-10-15T16:07:18.835282196+01:00","level":"INFO","source":{"function":"github.com/FredericoBento/HandGame/internal/services.(*PongService).ReadMessageHandler","file":"/home/fredarch/Documents/Github/HandGame/internal/services/pong.go","line":54},"msg":"Got Message: Hello Server! from eee"}
{"time":"2024-10-15T16:07:20.684415761+01:00","level":"INFO","source":{"function":"github.com/FredericoBento/HandGame/internal/services.(*PongService).ReadMessageHandler","file":"/home/fredarch/Documents/Github/HandGame/internal/services/pong.go","line":54},"msg":"Got Message: {\"action\":\"Join Room\",\"content\":{\"code\":\"123\"}} from eee"}
{"time":"2024-10-15T16:07:45.779827737+01:00","level":"INFO","source":{"function":"github.com/FredericoBento/HandGame/internal/services.(*PongService).Start","file":"/home/fredarch/Documents/Github/HandGame/internal/services/pong.go","line":82},"msg":"PongService Started"}
{"time":"2024-10-15T16:07:49.638340818+01:00","level":"INFO","source":{"function":"github.com/FredericoBento/HandGame/internal/services.(*PongService).ReadMessageHandler","file":"/home/fredarch/Documents/Github/HandGame/internal/services/pong.go","line":54},"msg":"Got Message: Hello Server! from eee"}
{"time":"2024-10-15T16:07:51.148916913+01:00","level":"INFO","source":{"function":"github.com/FredericoBento/HandGame/internal/services.(*PongService).ReadMessageHandler","file":"/home/fredarch/Documents/Github/HandGame/internal/services/pong.go","line":54},"msg":"Got Message: {\"action\":\"Join Room\",\"content\":{\"code\":\"123\"}} from eee"}
{"time":"2024-10-15T16:08:35.314885822+01:00","level":"INFO","source":{"function":"github.com/FredericoBento/HandGame/internal/services.(*PongService).Start","file":"/home/fredarch/Documents/Github/HandGame/internal/services/pong.go","line":82},"msg":"PongService Started"}
{"time":"2024-10-15T16:08:41.815985219+01:00","level":"INFO","source":{"function":"github.com/FredericoBento/HandGame/internal/services.(*PongService).ReadMessageHandler","file":"/home/fredarch/Documents/Github/HandGame/internal/services/pong.go","line":54},"msg":"Got Message: Hello Server! from eee"}
{"time":"2024-10-15T16:08:43.280950819+01:00","level":"INFO","source":{"function":"github.com/FredericoBento/HandGame/internal/services.(*PongService).ReadMessageHandler","file":"/home/fredarch/Documents/Github/HandGame/internal/services/pong.go","line":54},"msg":"Got Message: {\"action\":\"Join\",\"code\":\"123\"} from eee"}
{"time":"2024-10-15T16:12:17.246477713+01:00","level":"INFO","source":{"function":"github.com/FredericoBento/HandGame/internal/services.(*PongService).Start","file":"/home/fredarch/Documents/Github/HandGame/internal/services/pong.go","line":89},"msg":"PongService Started"}
{"time":"2024-10-15T16:12:26.649972317+01:00","level":"INFO","source":{"function":"github.com/FredericoBento/HandGame/internal/services.(*PongService).ReadMessageHandler","file":"/home/fredarch/Documents/Github/HandGame/internal/services/pong.go","line":58},"msg":"Got Message: Hello Server! from eee"}
{"time":"2024-10-15T16:12:26.650031317+01:00","level":"INFO","source":{"function":"github.com/FredericoBento/HandGame/internal/services.(*PongService).ReadMessageHandler","file":"/home/fredarch/Documents/Github/HandGame/internal/services/pong.go","line":61},"msg":""}
{"time":"2024-10-15T16:12:27.91270212+01:00","level":"INFO","source":{"function":"github.com/FredericoBento/HandGame/internal/services.(*PongService).ReadMessageHandler","file":"/home/fredarch/Documents/Github/HandGame/internal/services/pong.go","line":58},"msg":"Got Message: {\"action\":\"Join\",\"code\":\"123\"} from eee"}
{"time":"2024-10-15T16:12:27.912923111+01:00","level":"INFO","source":{"function":"github.com/FredericoBento/HandGame/internal/services.(*PongService).ReadMessageHandler","file":"/home/fredarch/Documents/Github/HandGame/internal/services/pong.go","line":61},"msg":"Join"}
{"time":"2024-10-15T16:32:35.51168559+01:00","level":"INFO","source":{"function":"github.com/FredericoBento/HandGame/internal/services.(*PongService).Start","file":"/home/fredarch/Documents/Github/HandGame/internal/services/pong.go","line":94},"msg":"PongService Started"}
{"time":"2024-10-15T16:32:52.817602707+01:00","level":"INFO","source":{"function":"github.com/FredericoBento/HandGame/internal/services.(*PongService).ReadMessageHandler","file":"/home/fredarch/Documents/Github/HandGame/internal/services/pong.go","line":52},"msg":"Got Message: Hello Server! from eee"}
{"time":"2024-10-15T16:32:54.980781131+01:00","level":"INFO","source":{"function":"github.com/FredericoBento/HandGame/internal/services.(*PongService).ReadMessageHandler","file":"/home/fredarch/Documents/Github/HandGame/internal/services/pong.go","line":52},"msg":"Got Message: {\"action\":\"Join\",\"code\":\"123\"} from eee"}
{"time":"2024-10-15T16:35:25.816883255+01:00","level":"INFO","source":{"function":"github.com/FredericoBento/HandGame/internal/services.(*PongService).Start","file":"/home/fredarch/Documents/Github/HandGame/internal/services/pong.go","line":94},"msg":"PongService Started"}
{"time":"2024-10-15T16:35:37.355185817+01:00","level":"INFO","source":{"function":"github.com/FredericoBento/HandGame/internal/services.(*PongService).ReadMessageHandler","file":"/home/fredarch/Documents/Github/HandGame/internal/services/pong.go","line":52},"msg":"Got Message: Hello Server! from eee"}
{"time":"2024-10-15T16:35:39.654464023+01:00","level":"INFO","source":{"function":"github.com/FredericoBento/HandGame/internal/services.(*PongService).ReadMessageHandler","file":"/home/fredarch/Documents/Github/HandGame/internal/services/pong.go","line":52},"msg":"Got Message: {\"action\":\"Join\",\"code\":\"123\"} from eee"}
{"time":"2024-10-15T16:38:29.56523922+01:00","level":"INFO","source":{"function":"github.com/FredericoBento/HandGame/internal/services.(*PongService).Start","file":"/home/fredarch/Documents/Github/HandGame/internal/services/pong.go","line":94},"msg":"PongService Started"}
{"time":"2024-10-15T16:38:33.266988509+01:00","level":"INFO","source":{"function":"github.com/FredericoBento/HandGame/internal/services.(*PongService).ReadMessageHandler","file":"/home/fredarch/Documents/Github/HandGame/internal/services/pong.go","line":52},"msg":"Got Message: Hello Server! from eee"}
{"time":"2024-10-15T16:38:34.493348231+01:00","level":"INFO","source":{"function":"github.com/FredericoBento/HandGame/internal/services.(*PongService).ReadMessageHandler","file":"/home/fredarch/Documents/Github/HandGame/internal/services/pong.go","line":52},"msg":"Got Message: {\"action\":\"Join\",\"code\":\"123\"} from eee"}
{"time":"2024-10-15T16:40:01.825022218+01:00","level":"INFO","source":{"function":"github.com/FredericoBento/HandGame/internal/services.(*PongService).Start","file":"/home/fredarch/Documents/Github/HandGame/internal/services/pong.go","line":93},"msg":"PongService Started"}
{"time":"2024-10-15T16:40:06.188430944+01:00","level":"INFO","source":{"function":"github.com/FredericoBento/HandGame/internal/services.(*PongService).ReadMessageHandler","file":"/home/fredarch/Documents/Github/HandGame/internal/services/pong.go","line":52},"msg":"Got Message: Hello Server! from eee"}
{"time":"2024-10-15T16:40:07.644946634+01:00","level":"INFO","source":{"function":"github.com/FredericoBento/HandGame/internal/services.(*PongService).ReadMessageHandler","file":"/home/fredarch/Documents/Github/HandGame/internal/services/pong.go","line":52},"msg":"Got Message: {\"action\":\"Join\",\"code\":\"123\"} from eee"}
{"time":"2024-10-15T16:42:58.516171881+01:00","level":"INFO","source":{"function":"github.com/FredericoBento/HandGame/internal/services.(*PongService).Start","file":"/home/fredarch/Documents/Github/HandGame/internal/services/pong.go","line":93},"msg":"PongService Started"}
{"time":"2024-10-15T16:43:03.686824586+01:00","level":"INFO","source":{"function":"github.com/FredericoBento/HandGame/internal/services.(*PongService).ReadMessageHandler","file":"/home/fredarch/Documents/Github/HandGame/internal/services/pong.go","line":52},"msg":"Got Message: Hello Server! from eee"}
{"time":"2024-10-15T16:43:04.600105386+01:00","level":"INFO","source":{"function":"github.com/FredericoBento/HandGame/internal/services.(*PongService).ReadMessageHandler","file":"/home/fredarch/Documents/Github/HandGame/internal/services/pong.go","line":52},"msg":"Got Message: {\"action\":\"Join\",\"code\":\"123\"} from eee"}
{"time":"2024-10-15T16:43:42.777695275+01:00","level":"INFO","source":{"function":"github.com/FredericoBento/HandGame/internal/services.(*PongService).Start","file":"/home/fredarch/Documents/Github/HandGame/internal/services/pong.go","line":93},"msg":"PongService Started"}
{"time":"2024-10-15T16:43:47.970919984+01:00","level":"INFO","source":{"function":"github.com/FredericoBento/HandGame/internal/services.(*PongService).ReadMessageHandler","file":"/home/fredarch/Documents/Github/HandGame/internal/services/pong.go","line":52},"msg":"Got Message: Hello Server! from eee"}
{"time":"2024-10-15T16:43:49.387995924+01:00","level":"INFO","source":{"function":"github.com/FredericoBento/HandGame/internal/services.(*PongService).ReadMessageHandler","file":"/home/fredarch/Documents/Github/HandGame/internal/services/pong.go","line":52},"msg":"Got Message: {\"action\":\"Join\",\"code\":\"123\"} from eee"}
{"time":"2024-10-15T16:44:30.947745102+01:00","level":"INFO","source":{"function":"github.com/FredericoBento/HandGame/internal/services.(*PongService).Start","file":"/home/fredarch/Documents/Github/HandGame/internal/services/pong.go","line":93},"msg":"PongService Started"}
{"time":"2024-10-15T16:44:35.034036064+01:00","level":"INFO","source":{"function":"github.com/FredericoBento/HandGame/internal/services.(*PongService).ReadMessageHandler","file":"/home/fredarch/Documents/Github/HandGame/internal/services/pong.go","line":52},"msg":"Got Message: Hello Server! from eee"}
{"time":"2024-10-15T16:44:36.374262437+01:00","level":"INFO","source":{"function":"github.com/FredericoBento/HandGame/internal/services.(*PongService).ReadMessageHandler","file":"/home/fredarch/Documents/Github/HandGame/internal/services/pong.go","line":52},"msg":"Got Message: {\"action\":\"Join\",\"code\":\"123\"} from eee"}
{"time":"2024-10-15T16:44:56.072258989+01:00","level":"INFO","source":{"function":"github.com/FredericoBento/HandGame/internal/services.(*PongService).Start","file":"/home/fredarch/Documents/Github/HandGame/internal/services/pong.go","line":93},"msg":"PongService Started"}
{"time":"2024-10-15T16:45:00.951301568+01:00","level":"INFO","source":{"function":"github.com/FredericoBento/HandGame/internal/services.(*PongService).ReadMessageHandler","file":"/home/fredarch/Documents/Github/HandGame/internal/services/pong.go","line":52},"msg":"Got Message: Hello Server! from eee"}
{"time":"2024-10-15T16:45:03.848290572+01:00","level":"INFO","source":{"function":"github.com/FredericoBento/HandGame/internal/services.(*PongService).ReadMessageHandler","file":"/home/fredarch/Documents/Github/HandGame/internal/services/pong.go","line":52},"msg":"Got Message: {\"action\":\"Join\",\"code\":\"123\"} from eee"}
{"time":"2024-10-15T16:49:16.239647245+01:00","level":"INFO","source":{"function":"github.com/FredericoBento/HandGame/internal/services.(*PongService).Start","file":"/home/fredarch/Documents/Github/HandGame/internal/services/pong.go","line":93},"msg":"PongService Started"}
{"time":"2024-10-15T16:49:20.003958405+01:00","level":"INFO","source":{"function":"github.com/FredericoBento/HandGame/internal/services.(*PongService).ReadMessageHandler","file":"/home/fredarch/Documents/Github/HandGame/internal/services/pong.go","line":52},"msg":"Got Message: Hello Server! from eee"}
{"time":"2024-10-15T16:49:21.541968509+01:00","level":"INFO","source":{"function":"github.com/FredericoBento/HandGame/internal/services.(*PongService).ReadMessageHandler","file":"/home/fredarch/Documents/Github/HandGame/internal/services/pong.go","line":52},"msg":"Got Message: {\"action\":\"Join\",\"code\":\"123\"} from eee"}
{"time":"2024-10-15T16:50:03.653627325+01:00","level":"INFO","source":{"function":"github.com/FredericoBento/HandGame/internal/services.(*PongService).Start","file":"/home/fredarch/Documents/Github/HandGame/internal/services/pong.go","line":93},"msg":"PongService Started"}
{"time":"2024-10-15T16:50:09.159781558+01:00","level":"INFO","source":{"function":"github.com/FredericoBento/HandGame/internal/services.(*PongService).ReadMessageHandler","file":"/home/fredarch/Documents/Github/HandGame/internal/services/pong.go","line":52},"msg":"Got Message: Hello Server! from eee"}
{"time":"2024-10-15T16:50:10.576692308+01:00","level":"INFO","source":{"function":"github.com/FredericoBento/HandGame/internal/services.(*PongService).ReadMessageHandler","file":"/home/fredarch/Documents/Github/HandGame/internal/services/pong.go","line":52},"msg":"Got Message: {\"action\":\"Join\",\"code\":\"123\"} from eee"}
{"time":"2024-10-15T16:50:58.968784488+01:00","level":"INFO","source":{"function":"github.com/FredericoBento/HandGame/internal/services.(*PongService).Start","file":"/home/fredarch/Documents/Github/HandGame/internal/services/pong.go","line":93},"msg":"PongService Started"}
{"time":"2024-10-15T16:51:06.333375394+01:00","level":"INFO","source":{"function":"github.com/FredericoBento/HandGame/internal/services.(*PongService).ReadMessageHandler","file":"/home/fredarch/Documents/Github/HandGame/internal/services/pong.go","line":52},"msg":"Got Message: Hello Server! from eee"}
{"time":"2024-10-15T16:51:07.674028193+01:00","level":"INFO","source":{"function":"github.com/FredericoBento/HandGame/internal/services.(*PongService).ReadMessageHandler","file":"/home/fredarch/Documents/Github/HandGame/internal/services/pong.go","line":52},"msg":"Got Message: {\"action\":\"Join\",\"code\":\"123\"} from eee"}
{"time":"2024-10-15T16:53:55.663379804+01:00","level":"INFO","source":{"function":"github.com/FredericoBento/HandGame/internal/services.(*PongService).Start","file":"/home/fredarch/Documents/Github/HandGame/internal/services/pong.go","line":93},"msg":"PongService Started"}
{"time":"2024-10-15T16:54:00.530229668+01:00","level":"INFO","source":{"function":"github.com/FredericoBento/HandGame/internal/services.(*PongService).ReadMessageHandler","file":"/home/fredarch/Documents/Github/HandGame/internal/services/pong.go","line":52},"msg":"Got Message: Hello Server! from eee"}
{"time":"2024-10-15T16:54:03.360439878+01:00","level":"INFO","source":{"function":"github.com/FredericoBento/HandGame/internal/services.(*PongService).ReadMessageHandler","file":"/home/fredarch/Documents/Github/HandGame/internal/services/pong.go","line":52},"msg":"Got Message: {\"action\":\"Join\",\"code\":\"123\"} from eee"}
{"time":"2024-10-15T16:54:07.767727989+01:00","level":"INFO","source":{"function":"github.com/FredericoBento/HandGame/internal/services.(*PongService).Start","file":"/home/fredarch/Documents/Github/HandGame/internal/services/pong.go","line":93},"msg":"PongService Started"}
{"time":"2024-10-15T17:03:17.911428605+01:00","level":"INFO","source":{"function":"github.com/FredericoBento/HandGame/internal/services.(*PongService).Start","file":"/home/fredarch/Documents/Github/HandGame/internal/services/pong.go","line":93},"msg":"PongService Started"}
{"time":"2024-10-15T17:03:24.031933446+01:00","level":"INFO","source":{"function":"github.com/FredericoBento/HandGame/internal/services.(*PongService).ReadMessageHandler","file":"/home/fredarch/Documents/Github/HandGame/internal/services/pong.go","line":52},"msg":"Got Message: Hello Server! from eee"}
{"time":"2024-10-15T17:03:25.788681364+01:00","level":"INFO","source":{"function":"github.com/FredericoBento/HandGame/internal/services.(*PongService).ReadMessageHandler","file":"/home/fredarch/Documents/Github/HandGame/internal/services/pong.go","line":52},"msg":"Got Message: {\"action\":\"Join\",\"code\":\"123\"} from eee"}
{"time":"2024-10-15T17:03:51.59963693+01:00","level":"INFO","source":{"function":"github.com/FredericoBento/HandGame/internal/services.(*PongService).Start","file":"/home/fredarch/Documents/Github/HandGame/internal/services/pong.go","line":93},"msg":"PongService Started"}
{"time":"2024-10-15T17:03:57.477815608+01:00","level":"INFO","source":{"function":"github.com/FredericoBento/HandGame/internal/services.(*PongService).ReadMessageHandler","file":"/home/fredarch/Documents/Github/HandGame/internal/services/pong.go","line":52},"msg":"Got Message: Hello Server! from eee"}
{"time":"2024-10-15T17:04:17.024681137+01:00","level":"INFO","source":{"function":"github.com/FredericoBento/HandGame/internal/services.(*PongService).Start","file":"/home/fredarch/Documents/Github/HandGame/internal/services/pong.go","line":93},"msg":"PongService Started"}
{"time":"2024-10-15T17:04:20.890228263+01:00","level":"INFO","source":{"function":"github.com/FredericoBento/HandGame/internal/services.(*PongService).ReadMessageHandler","file":"/home/fredarch/Documents/Github/HandGame/internal/services/pong.go","line":52},"msg":"Got Message: Hello Server! from eee"}
{"time":"2024-10-15T17:04:22.589616651+01:00","level":"INFO","source":{"function":"github.com/FredericoBento/HandGame/internal/services.(*PongService).ReadMessageHandler","file":"/home/fredarch/Documents/Github/HandGame/internal/services/pong.go","line":52},"msg":"Got Message: {\"action\":\"Join\",\"code\":\"123\"} from eee"}
{"time":"2024-10-15T17:04:45.253324759+01:00","level":"INFO","source":{"function":"github.com/FredericoBento/HandGame/internal/services.(*PongService).Start","file":"/home/fredarch/Documents/Github/HandGame/internal/services/pong.go","line":93},"msg":"PongService Started"}
{"time":"2024-10-15T17:04:49.80643295+01:00","level":"INFO","source":{"function":"github.com/FredericoBento/HandGame/internal/services.(*PongService).ReadMessageHandler","file":"/home/fredarch/Documents/Github/HandGame/internal/services/pong.go","line":52},"msg":"Got Message: Hello Server! from eee"}
{"time":"2024-10-15T17:04:53.234787671+01:00","level":"INFO","source":{"function":"github.com/FredericoBento/HandGame/internal/services.(*PongService).ReadMessageHandler","file":"/home/fredarch/Documents/Github/HandGame/internal/services/pong.go","line":52},"msg":"Got Message: {\"action\":\"Join\",\"code\":\"123\"} from eee"}
{"time":"2024-10-15T17:05:01.996877451+01:00","level":"INFO","source":{"function":"github.com/FredericoBento/HandGame/internal/services.(*PongService).ReadMessageHandler","file":"/home/fredarch/Documents/Github/HandGame/internal/services/pong.go","line":52},"msg":"Got Message: {\"action\":\"Join\",\"code\":\"123\"} from eee"}
{"time":"2024-10-15T17:05:05.326213409+01:00","level":"INFO","source":{"function":"github.com/FredericoBento/HandGame/internal/services.(*PongService).ReadMessageHandler","file":"/home/fredarch/Documents/Github/HandGame/internal/services/pong.go","line":52},"msg":"Got Message: {\"action\":\"Join\",\"code\":\"122\"} from eee"}
{"time":"2024-10-15T17:16:52.91495861+01:00","level":"INFO","source":{"function":"github.com/FredericoBento/HandGame/internal/services.(*PongService).Start","file":"/home/fredarch/Documents/Github/HandGame/internal/services/pong.go","line":93},"msg":"PongService Started"}
{"time":"2024-10-15T17:16:57.545238267+01:00","level":"INFO","source":{"function":"github.com/FredericoBento/HandGame/internal/services.(*PongService).ReadMessageHandler","file":"/home/fredarch/Documents/Github/HandGame/internal/services/pong.go","line":52},"msg":"Got Message: Hello Server! from eee"}
{"time":"2024-10-15T17:16:59.760265395+01:00","level":"INFO","source":{"function":"github.com/FredericoBento/HandGame/internal/services.(*PongService).ReadMessageHandler","file":"/home/fredarch/Documents/Github/HandGame/internal/services/pong.go","line":52},"msg":"Got Message: {\"action\":\"Join\",\"code\":\"123\"} from eee"}
{"time":"2024-10-15T17:21:24.857946233+01:00","level":"INFO","source":{"function":"github.com/FredericoBento/HandGame/internal/services.(*PongService).Start","file":"/home/fredarch/Documents/Github/HandGame/internal/services/pong.go","line":93},"msg":"PongService Started"}
{"time":"2024-10-15T17:21:29.712197879+01:00","level":"INFO","source":{"function":"github.com/FredericoBento/HandGame/internal/services.(*PongService).ReadMessageHandler","file":"/home/fredarch/Documents/Github/HandGame/internal/services/pong.go","line":52},"msg":"Got Message: Hello Server! from eee"}
{"time":"2024-10-15T17:21:48.579898447+01:00","level":"INFO","source":{"function":"github.com/FredericoBento/HandGame/internal/services.(*PongService).ReadMessageHandler","file":"/home/fredarch/Documents/Github/HandGame/internal/services/pong.go","line":52},"msg":"Got Message: Hello Server! from eee"}
{"time":"2024-10-15T17:21:55.437849242+01:00","level":"INFO","source":{"function":"github.com/FredericoBento/HandGame/internal/services.(*PongService).ReadMessageHandler","file":"/home/fredarch/Documents/Github/HandGame/internal/services/pong.go","line":52},"msg":"Got Message: {\"action\":\"Join\",\"code\":\"123\"} from eee"}
{"time":"2024-10-15T17:23:01.464226253+01:00","level":"INFO","source":{"function":"github.com/FredericoBento/HandGame/internal/services.(*PongService).Start","file":"/home/fredarch/Documents/Github/HandGame/internal/services/pong.go","line":93},"msg":"PongService Started"}
{"time":"2024-10-15T17:23:05.797903227+01:00","level":"INFO","source":{"function":"github.com/FredericoBento/HandGame/internal/services.(*PongService).ReadMessageHandler","file":"/home/fredarch/Documents/Github/HandGame/internal/services/pong.go","line":52},"msg":"Got Message: Hello Server! from eee"}
{"time":"2024-10-15T17:23:13.769966324+01:00","level":"INFO","source":{"function":"github.com/FredericoBento/HandGame/internal/services.(*PongService).ReadMessageHandler","file":"/home/fredarch/Documents/Github/HandGame/internal/services/pong.go","line":52},"msg":"Got Message: {\"action\":\"Join\",\"code\":\"123\"} from eee"}
{"time":"2024-10-15T19:28:20.670492153+01:00","level":"INFO","source":{"function":"github.com/FredericoBento/HandGame/internal/services.(*PongService).Start","file":"/home/fredarch/Documents/Github/HandGame/internal/services/pong.go","line":106},"msg":"PongService Started"}
{"time":"2024-10-15T19:28:25.473833931+01:00","level":"INFO","source":{"function":"github.com/FredericoBento/HandGame/internal/services.(*PongService).ReadMessageHandler","file":"/home/fredarch/Documents/Github/HandGame/internal/services/pong.go","line":53},"msg":"Got Message: Hello Server! from eee"}
{"time":"2024-10-15T19:28:28.944512562+01:00","level":"INFO","source":{"function":"github.com/FredericoBento/HandGame/internal/services.(*PongService).ReadMessageHandler","file":"/home/fredarch/Documents/Github/HandGame/internal/services/pong.go","line":53},"msg":"Got Message: {\"action\":\"Join\",\"code\":\"123\"} from eee"}
{"time":"2024-10-15T20:11:20.402270682+01:00","level":"INFO","source":{"function":"github.com/FredericoBento/HandGame/internal/services.(*PongService).Start","file":"/home/fredarch/Documents/Github/HandGame/internal/services/pong.go","line":106},"msg":"PongService Started"}
{"time":"2024-10-15T20:11:29.841375126+01:00","level":"INFO","source":{"function":"github.com/FredericoBento/HandGame/internal/services.(*PongService).ReadMessageHandler","file":"/home/fredarch/Documents/Github/HandGame/internal/services/pong.go","line":53},"msg":"Got Message: Hello Server! from eee"}
{"time":"2024-10-15T20:11:36.68662859+01:00","level":"INFO","source":{"function":"github.com/FredericoBento/HandGame/internal/services.(*PongService).ReadMessageHandler","file":"/home/fredarch/Documents/Github/HandGame/internal/services/pong.go","line":53},"msg":"Got Message: {\"action\":\"Join\",\"code\":\"eee\"} from eee"}
{"time":"2024-10-15T20:16:02.711981367+01:00","level":"INFO","source":{"function":"github.com/FredericoBento/HandGame/internal/services.(*PongService).Start","file":"/home/fredarch/Documents/Github/HandGame/internal/services/pong.go","line":106},"msg":"PongService Started"}
{"time":"2024-10-15T20:16:08.092313837+01:00","level":"INFO","source":{"function":"github.com/FredericoBento/HandGame/internal/services.(*PongService).ReadMessageHandler","file":"/home/fredarch/Documents/Github/HandGame/internal/services/pong.go","line":53},"msg":"Got Message: Hello Server! from eee"}
{"time":"2024-10-15T20:16:09.706247054+01:00","level":"INFO","source":{"function":"github.com/FredericoBento/HandGame/internal/services.(*PongService).ReadMessageHandler","file":"/home/fredarch/Documents/Github/HandGame/internal/services/pong.go","line":53},"msg":"Got Message: {\"action\":\"Join\",\"code\":\"123\"} from eee"}
{"time":"2024-10-15T20:16:55.470884275+01:00","level":"INFO","source":{"function":"github.com/FredericoBento/HandGame/internal/services.(*PongService).Start","file":"/home/fredarch/Documents/Github/HandGame/internal/services/pong.go","line":106},"msg":"PongService Started"}
{"time":"2024-10-15T20:17:00.074920418+01:00","level":"INFO","source":{"function":"github.com/FredericoBento/HandGame/internal/services.(*PongService).ReadMessageHandler","file":"/home/fredarch/Documents/Github/HandGame/internal/services/pong.go","line":53},"msg":"Got Message: Hello Server! from eee"}
{"time":"2024-10-15T20:17:04.55431339+01:00","level":"INFO","source":{"function":"github.com/FredericoBento/HandGame/internal/services.(*PongService).ReadMessageHandler","file":"/home/fredarch/Documents/Github/HandGame/internal/services/pong.go","line":53},"msg":"Got Message: {\"action\":\"Join\",\"code\":\"123\"} from eee"}
{"time":"2024-10-15T20:19:51.297536907+01:00","level":"INFO","source":{"function":"github.com/FredericoBento/HandGame/internal/services.(*PongService).Start","file":"/home/fredarch/Documents/Github/HandGame/internal/services/pong.go","line":106},"msg":"PongService Started"}
{"time":"2024-10-15T20:19:57.147273391+01:00","level":"INFO","source":{"function":"github.com/FredericoBento/HandGame/internal/services.(*PongService).ReadMessageHandler","file":"/home/fredarch/Documents/Github/HandGame/internal/services/pong.go","line":53},"msg":"Got Message: Hello Server! from eee"}
{"time":"2024-10-15T20:19:58.783107886+01:00","level":"INFO","source":{"function":"github.com/FredericoBento/HandGame/internal/services.(*PongService).ReadMessageHandler","file":"/home/fredarch/Documents/Github/HandGame/internal/services/pong.go","line":53},"msg":"Got Message: {\"action\":\"Join\",\"code\":\"123\"} from eee"}
{"time":"2024-10-15T20:30:48.007665484+01:00","level":"INFO","source":{"function":"github.com/FredericoBento/HandGame/internal/services.(*PongService).ReadMessageHandler","file":"/home/fredarch/Documents/Github/HandGame/internal/services/pong.go","line":53},"msg":"Got Message: Hello Server! from eee"}
{"time":"2024-10-15T20:30:52.4678616+01:00","level":"INFO","source":{"function":"github.com/FredericoBento/HandGame/internal/services.(*PongService).ReadMessageHandler","file":"/home/fredarch/Documents/Github/HandGame/internal/services/pong.go","line":53},"msg":"Got Message: {\"action\":\"Join\",\"code\":\"123\"} from eee"}
{"time":"2024-10-15T20:39:11.513919795+01:00","level":"INFO","source":{"function":"github.com/FredericoBento/HandGame/internal/services.(*PongService).Start","file":"/home/fredarch/Documents/Github/HandGame/internal/services/pong.go","line":106},"msg":"PongService Started"}
{"time":"2024-10-15T20:39:17.248183362+01:00","level":"INFO","source":{"function":"github.com/FredericoBento/HandGame/internal/services.(*PongService).ReadMessageHandler","file":"/home/fredarch/Documents/Github/HandGame/internal/services/pong.go","line":53},"msg":"Got Message: Hello Server! from eee"}
{"time":"2024-10-15T20:40:36.134915351+01:00","level":"INFO","source":{"function":"github.com/FredericoBento/HandGame/internal/services.(*PongService).Start","file":"/home/fredarch/Documents/Github/HandGame/internal/services/pong.go","line":106},"msg":"PongService Started"}
{"time":"2024-10-15T20:40:42.372209371+01:00","level":"INFO","source":{"function":"github.com/FredericoBento/HandGame/internal/services.(*PongService).ReadMessageHandler","file":"/home/fredarch/Documents/Github/HandGame/internal/services/pong.go","line":53},"msg":"Got Message: Hello Server! from eee"}
{"time":"2024-10-15T20:40:45.304286706+01:00","level":"INFO","source":{"function":"github.com/FredericoBento/HandGame/internal/services.(*PongService).ReadMessageHandler","file":"/home/fredarch/Documents/Github/HandGame/internal/services/pong.go","line":53},"msg":"Got Message: {\"action\":\"Join\",\"code\":\"123\"} from eee"}
{"time":"2024-10-15T20:42:34.511165975+01:00","level":"INFO","source":{"function":"github.com/FredericoBento/HandGame/internal/services.(*PongService).Start","file":"/home/fredarch/Documents/Github/HandGame/internal/services/pong.go","line":106},"msg":"PongService Started"}
{"time":"2024-10-15T20:42:40.014424793+01:00","level":"INFO","source":{"function":"github.com/FredericoBento/HandGame/internal/services.(*PongService).ReadMessageHandler","file":"/home/fredarch/Documents/Github/HandGame/internal/services/pong.go","line":53},"msg":"Got Message: Hello Server! from eee"}
{"time":"2024-10-15T20:43:16.076931958+01:00","level":"INFO","source":{"function":"github.com/FredericoBento/HandGame/internal/services.(*PongService).Start","file":"/home/fredarch/Documents/Github/HandGame/internal/services/pong.go","line":106},"msg":"PongService Started"}
{"time":"2024-10-15T20:43:51.137952513+01:00","level":"INFO","source":{"function":"github.com/FredericoBento/HandGame/internal/services.(*PongService).Start","file":"/home/fredarch/Documents/Github/HandGame/internal/services/pong.go","line":106},"msg":"PongService Started"}
{"time":"2024-10-15T20:43:57.705872348+01:00","level":"INFO","source":{"function":"github.com/FredericoBento/HandGame/internal/services.(*PongService).ReadMessageHandler","file":"/home/fredarch/Documents/Github/HandGame/internal/services/pong.go","line":53},"msg":"Got Message: Hello Server! from eee"}
{"time":"2024-10-15T20:44:05.180497764+01:00","level":"INFO","source":{"function":"github.com/FredericoBento/HandGame/internal/services.(*PongService).ReadMessageHandler","file":"/home/fredarch/Documents/Github/HandGame/internal/services/pong.go","line":53},"msg":"Got Message: {\"action\":\"Join\",\"code\":\"123\"} from eee"}
{"time":"2024-10-15T20:51:55.71910408+01:00","level":"INFO","source":{"function":"github.com/FredericoBento/HandGame/internal/services.(*PongService).Start","file":"/home/fredarch/Documents/Github/HandGame/internal/services/pong.go","line":106},"msg":"PongService Started"}
{"time":"2024-10-15T20:52:02.567168418+01:00","level":"INFO","source":{"function":"github.com/FredericoBento/HandGame/internal/services.(*PongService).ReadMessageHandler","file":"/home/fredarch/Documents/Github/HandGame/internal/services/pong.go","line":53},"msg":"Got Message: Hello Server! from eee"}
{"time":"2024-10-15T20:53:10.477214483+01:00","level":"INFO","source":{"function":"github.com/FredericoBento/HandGame/internal/services.(*PongService).ReadMessageHandler","file":"/home/fredarch/Documents/Github/HandGame/internal/services/pong.go","line":53},"msg":"Got Message: Hello Server! from eee"}
{"time":"2024-10-15T20:53:12.497896279+01:00","level":"INFO","source":{"function":"github.com/FredericoBento/HandGame/internal/services.(*PongService).ReadMessageHandler","file":"/home/fredarch/Documents/Github/HandGame/internal/services/pong.go","line":53},"msg":"Got Message: {\"action\":\"Join\",\"code\":\"123\"} from eee"}
{"time":"2024-10-15T20:55:52.282785185+01:00","level":"INFO","source":{"function":"github.com/FredericoBento/HandGame/internal/services.(*PongService).Start","file":"/home/fredarch/Documents/Github/HandGame/internal/services/pong.go","line":106},"msg":"PongService Started"}
{"time":"2024-10-15T20:55:56.927363917+01:00","level":"INFO","source":{"function":"github.com/FredericoBento/HandGame/internal/services.(*PongService).ReadMessageHandler","file":"/home/fredarch/Documents/Github/HandGame/internal/services/pong.go","line":53},"msg":"Got Message: Hello Server! from eee"}
{"time":"2024-10-15T20:56:11.110477962+01:00","level":"INFO","source":{"function":"github.com/FredericoBento/HandGame/internal/services.(*PongService).Start","file":"/home/fredarch/Documents/Github/HandGame/internal/services/pong.go","line":106},"msg":"PongService Started"}
{"time":"2024-10-15T20:56:16.185476855+01:00","level":"INFO","source":{"function":"github.com/FredericoBento/HandGame/internal/services.(*PongService).ReadMessageHandler","file":"/home/fredarch/Documents/Github/HandGame/internal/services/pong.go","line":53},"msg":"Got Message: Hello Server! from eee"}
{"time":"2024-10-15T20:58:09.540540508+01:00","level":"INFO","source":{"function":"github.com/FredericoBento/HandGame/internal/services.(*PongService).Start","file":"/home/fredarch/Documents/Github/HandGame/internal/services/pong.go","line":106},"msg":"PongService Started"}
{"time":"2024-10-15T20:58:51.991601253+01:00","level":"INFO","source":{"function":"github.com/FredericoBento/HandGame/internal/services.(*PongService).Start","file":"/home/fredarch/Documents/Github/HandGame/internal/services/pong.go","line":106},"msg":"PongService Started"}
{"time":"2024-10-15T20:58:59.550545654+01:00","level":"INFO","source":{"function":"github.com/FredericoBento/HandGame/internal/services.(*PongService).ReadMessageHandler","file":"/home/fredarch/Documents/Github/HandGame/internal/services/pong.go","line":53},"msg":"Got Message: Hello Server! from eee"}
{"time":"2024-10-15T20:59:15.583866985+01:00","level":"INFO","source":{"function":"github.com/FredericoBento/HandGame/internal/services.(*PongService).Start","file":"/home/fredarch/Documents/Github/HandGame/internal/services/pong.go","line":106},"msg":"PongService Started"}
{"time":"2024-10-15T20:59:21.267020601+01:00","level":"INFO","source":{"function":"github.com/FredericoBento/HandGame/internal/services.(*PongService).ReadMessageHandler","file":"/home/fredarch/Documents/Github/HandGame/internal/services/pong.go","line":53},"msg":"Got Message: Hello Server! from eee"}
{"time":"2024-10-15T20:59:50.085841915+01:00","level":"INFO","source":{"function":"github.com/FredericoBento/HandGame/internal/services.(*PongService).Start","file":"/home/fredarch/Documents/Github/HandGame/internal/services/pong.go","line":106},"msg":"PongService Started"}
{"time":"2024-10-15T20:59:55.174805968+01:00","level":"INFO","source":{"function":"github.com/FredericoBento/HandGame/internal/services.(*PongService).ReadMessageHandler","file":"/home/fredarch/Documents/Github/HandGame/internal/services/pong.go","line":53},"msg":"Got Message: Hello Server! from eee"}
{"time":"2024-10-15T21:00:59.996184678+01:00","level":"INFO","source":{"function":"github.com/FredericoBento/HandGame/internal/services.(*PongService).Start","file":"/home/fredarch/Documents/Github/HandGame/internal/services/pong.go","line":106},"msg":"PongService Started"}
{"time":"2024-10-15T21:01:16.829012727+01:00","level":"INFO","source":{"function":"github.com/FredericoBento/HandGame/internal/services.(*PongService).Start","file":"/home/fredarch/Documents/Github/HandGame/internal/services/pong.go","line":106},"msg":"PongService Started"}
{"time":"2024-10-15T21:01:22.964473434+01:00","level":"INFO","source":{"function":"github.com/FredericoBento/HandGame/internal/services.(*PongService).ReadMessageHandler","file":"/home/fredarch/Documents/Github/HandGame/internal/services/pong.go","line":53},"msg":"Got Message: Hello Server! from eee"}
{"time":"2024-10-15T21:01:54.759819146+01:00","level":"INFO","source":{"function":"github.com/FredericoBento/HandGame/internal/services.(*PongService).Start","file":"/home/fredarch/Documents/Github/HandGame/internal/services/pong.go","line":106},"msg":"PongService Started"}
{"time":"2024-10-15T21:02:00.623872369+01:00","level":"INFO","source":{"function":"github.com/FredericoBento/HandGame/internal/services.(*PongService).ReadMessageHandler","file":"/home/fredarch/Documents/Github/HandGame/internal/services/pong.go","line":53},"msg":"Got Message: Hello Server! from eee"}
{"time":"2024-10-15T21:02:57.756381664+01:00","level":"INFO","source":{"function":"github.com/FredericoBento/HandGame/internal/services.(*PongService).Start","file":"/home/fredarch/Documents/Github/HandGame/internal/services/pong.go","line":106},"msg":"PongService Started"}
{"time":"2024-10-15T21:03:02.706885268+01:00","level":"INFO","source":{"function":"github.com/FredericoBento/HandGame/internal/services.(*PongService).ReadMessageHandler","file":"/home/fredarch/Documents/Github/HandGame/internal/services/pong.go","line":53},"msg":"Got Message: Hello Server! from eee"}
{"time":"2024-10-15T21:03:28.650008566+01:00","level":"INFO","source":{"function":"github.com/FredericoBento/HandGame/internal/services.(*PongService).Start","file":"/home/fredarch/Documents/Github/HandGame/internal/services/pong.go","line":106},"msg":"PongService Started"}
{"time":"2024-10-15T21:03:33.683745234+01:00","level":"INFO","source":{"function":"github.com/FredericoBento/HandGame/internal/services.(*PongService).ReadMessageHandler","file":"/home/fredarch/Documents/Github/HandGame/internal/services/pong.go","line":53},"msg":"Got Message: Hello Server! from eee"}
{"time":"2024-10-15T21:03:54.761863074+01:00","level":"INFO","source":{"function":"github.com/FredericoBento/HandGame/internal/services.(*PongService).Start","file":"/home/fredarch/Documents/Github/HandGame/internal/services/pong.go","line":106},"msg":"PongService Started"}
{"time":"2024-10-15T21:04:00.128312272+01:00","level":"INFO","source":{"function":"github.com/FredericoBento/HandGame/internal/services.(*PongService).ReadMessageHandler","file":"/home/fredarch/Documents/Github/HandGame/internal/services/pong.go","line":53},"msg":"Got Message: Hello Server! from eee"}
{"time":"2024-10-16T14:49:37.641020652+01:00","level":"INFO","source":{"function":"github.com/FredericoBento/HandGame/internal/services/pong.(*PongService).Start","file":"/home/fredarch/Documents/Github/HandGame/internal/services/pong/pong.go","line":107},"msg":"PongService Started"}
{"time":"2024-10-16T16:47:03.673160287+01:00","level":"INFO","source":{"function":"github.com/FredericoBento/HandGame/internal/services/pong.(*PongService).Start","file":"/home/fredarch/Documents/Github/HandGame/internal/services/pong/pong.go","line":124},"msg":"PongService Started"}
{"time":"2024-10-16T16:58:41.207195384+01:00","level":"INFO","source":{"function":"github.com/FredericoBento/HandGame/internal/services/pong.(*PongService).Start","file":"/home/fredarch/Documents/Github/HandGame/internal/services/pong/pong.go","line":131},"msg":"PongService Started"}
{"time":"2024-10-16T16:59:48.438423699+01:00","level":"INFO","source":{"function":"github.com/FredericoBento/HandGame/internal/services/pong.(*PongService).Start","file":"/home/fredarch/Documents/Github/HandGame/internal/services/pong/pong.go","line":131},"msg":"PongService Started"}
{"time":"2024-10-16T17:01:14.478260338+01:00","level":"INFO","source":{"function":"github.com/FredericoBento/HandGame/internal/services/pong.(*PongService).Start","file":"/home/fredarch/Documents/Github/HandGame/internal/services/pong/pong.go","line":131},"msg":"PongService Started"}
{"time":"2024-10-16T17:02:26.250880304+01:00","level":"INFO","source":{"function":"github.com/FredericoBento/HandGame/internal/services/pong.(*PongService).Start","file":"/home/fredarch/Documents/Github/HandGame/internal/services/pong/pong.go","line":131},"msg":"PongService Started"}
{"time":"2024-10-16T17:07:33.958409578+01:00","level":"INFO","source":{"function":"github.com/FredericoBento/HandGame/internal/services/pong.(*PongService).Start","file":"/home/fredarch/Documents/Github/HandGame/internal/services/pong/pong.go","line":131},"msg":"PongService Started"}
{"time":"2024-10-16T17:08:16.009883815+01:00","level":"INFO","source":{"function":"github.com/FredericoBento/HandGame/internal/services/pong.(*PongService).Start","file":"/home/fredarch/Documents/Github/HandGame/internal/services/pong/pong.go","line":126},"msg":"PongService Started"}
{"time":"2024-10-16T17:09:26.018413043+01:00","level":"INFO","source":{"function":"github.com/FredericoBento/HandGame/internal/services/pong.(*PongService).Start","file":"/home/fredarch/Documents/Github/HandGame/internal/services/pong/pong.go","line":129},"msg":"PongService Started"}
{"time":"2024-10-16T17:09:50.636222953+01:00","level":"INFO","source":{"function":"github.com/FredericoBento/HandGame/internal/services/pong.(*PongService).Start","file":"/home/fredarch/Documents/Github/HandGame/internal/services/pong/pong.go","line":129},"msg":"PongService Started"}
{"time":"2024-10-16T17:10:33.150917201+01:00","level":"INFO","source":{"function":"github.com/FredericoBento/HandGame/internal/services/pong.(*PongService).Start","file":"/home/fredarch/Documents/Github/HandGame/internal/services/pong/pong.go","line":129},"msg":"PongService Started"}
{"time":"2024-10-16T17:12:11.579798276+01:00","level":"INFO","source":{"function":"github.com/FredericoBento/HandGame/internal/services/pong.(*PongService).Start","file":"/home/fredarch/Documents/Github/HandGame/internal/services/pong/pong.go","line":129},"msg":"PongService Started"}
{"time":"2024-10-16T17:13:16.776724111+01:00","level":"INFO","source":{"function":"github.com/FredericoBento/HandGame/internal/services/pong.(*PongService).Start","file":"/home/fredarch/Documents/Github/HandGame/internal/services/pong/pong.go","line":129},"msg":"PongService Started"}
{"time":"2024-10-16T17:13:33.191628159+01:00","level":"INFO","source":{"function":"github.com/FredericoBento/HandGame/internal/services/pong.(*PongService).Start","file":"/home/fredarch/Documents/Github/HandGame/internal/services/pong/pong.go","line":129},"msg":"PongService Started"}
{"time":"2024-10-16T17:20:23.583766747+01:00","level":"INFO","source":{"function":"github.com/FredericoBento/HandGame/internal/services/pong.(*PongService).Start","file":"/home/fredarch/Documents/Github/HandGame/internal/services/pong/pong.go","line":129},"msg":"PongService Started"}
{"time":"2024-10-16T17:21:07.139336952+01:00","level":"INFO","source":{"function":"github.com/FredericoBento/HandGame/internal/services/pong.(*PongService).Start","file":"/home/fredarch/Documents/Github/HandGame/internal/services/pong/pong.go","line":129},"msg":"PongService Started"}
{"time":"2024-10-16T17:27:16.971048594+01:00","level":"INFO","source":{"function":"github.com/FredericoBento/HandGame/internal/services/pong.(*PongService).Start","file":"/home/fredarch/Documents/Github/HandGame/internal/services/pong/pong.go","line":129},"msg":"PongService Started"}
{"time":"2024-10-16T17:34:39.279910725+01:00","level":"INFO","source":{"function":"github.com/FredericoBento/HandGame/internal/services/pong.(*PongService).Start","file":"/home/fredarch/Documents/Github/HandGame/internal/services/pong/pong.go","line":129},"msg":"PongService Started"}
{"time":"2024-10-16T17:39:54.535805797+01:00","level":"INFO","source":{"function":"github.com/FredericoBento/HandGame/internal/services/pong.(*PongService).Start","file":"/home/fredarch/Documents/Github/HandGame/internal/services/pong/pong.go","line":129},"msg":"PongService Started"}
{"time":"2024-10-16T17:41:35.235570555+01:00","level":"INFO","source":{"function":"github.com/FredericoBento/HandGame/internal/services/pong.(*PongService).Start","file":"/home/fredarch/Documents/Github/HandGame/internal/services/pong/pong.go","line":129},"msg":"PongService Started"}
{"time":"2024-10-16T17:42:42.851200883+01:00","level":"INFO","source":{"function":"github.com/FredericoBento/HandGame/internal/services/pong.(*PongService).Start","file":"/home/fredarch/Documents/Github/HandGame/internal/services/pong/pong.go","line":129},"msg":"PongService Started"}
{"time":"2024-10-16T17:44:26.464674792+01:00","level":"INFO","source":{"function":"github.com/FredericoBento/HandGame/internal/services/pong.(*PongService).Start","file":"/home/fredarch/Documents/Github/HandGame/internal/services/pong/pong.go","line":129},"msg":"PongService Started"}
{"time":"2024-10-16T17:46:44.155332072+01:00","level":"INFO","source":{"function":"github.com/FredericoBento/HandGame/internal/services/pong.(*PongService).Start","file":"/home/fredarch/Documents/Github/HandGame/internal/services/pong/pong.go","line":129},"msg":"PongService Started"}
{"time":"2024-10-16T17:49:08.133099354+01:00","level":"INFO","source":{"function":"github.com/FredericoBento/HandGame/internal/services/pong.(*PongService).Start","file":"/home/fredarch/Documents/Github/HandGame/internal/services/pong/pong.go","line":129},"msg":"PongService Started"}
{"time":"2024-10-16T17:49:50.320111283+01:00","level":"INFO","source":{"function":"github.com/FredericoBento/HandGame/internal/services/pong.(*PongService).Start","file":"/home/fredarch/Documents/Github/HandGame/internal/services/pong/pong.go","line":129},"msg":"PongService Started"}
{"time":"2024-10-16T18:06:57.117139458+01:00","level":"INFO","source":{"function":"github.com/FredericoBento/HandGame/internal/services/pong.(*PongService).Start","file":"/home/fredarch/Documents/Github/HandGame/internal/services/pong/pong.go","line":129},"msg":"PongService Started"}
{"time":"2024-10-16T18:24:15.066774442+01:00","level":"INFO","source":{"function":"github.com/FredericoBento/HandGame/internal/services/pong.(*PongService).Start","file":"/home/fredarch/Documents/Github/HandGame/internal/services/pong/pong.go","line":129},"msg":"PongService Started"}
{"time":"2024-10-16T18:25:22.752062309+01:00","level":"INFO","source":{"function":"github.com/FredericoBento/HandGame/internal/services/pong.(*PongService).Start","file":"/home/fredarch/Documents/Github/HandGame/internal/services/pong/pong.go","line":129},"msg":"PongService Started"}
{"time":"2024-10-16T18:26:14.598913324+01:00","level":"INFO","source":{"function":"github.com/FredericoBento/HandGame/internal/services/pong.(*PongService).Start","file":"/home/fredarch/Documents/Github/HandGame/internal/services/pong/pong.go","line":129},"msg":"PongService Started"}
{"time":"2024-10-16T18:27:02.600903219+01:00","level":"INFO","source":{"function":"github.com/FredericoBento/HandGame/internal/services/pong.(*PongService).Start","file":"/home/fredarch/Documents/Github/HandGame/internal/services/pong/pong.go","line":129},"msg":"PongService Started"}
{"time":"2024-10-16T18:38:18.667896665+01:00","level":"INFO","source":{"function":"github.com/FredericoBento/HandGame/internal/services/pong.(*PongService).Start","file":"/home/fredarch/Documents/Github/HandGame/internal/services/pong/pong.go","line":129},"msg":"PongService Started"}
