{"time":"2024-09-19T12:26:22.814797041+01:00","level":"INFO","source":{"function":"github.com/FredericoBento/HandGame/internal/app/admin.(*AdminApp).Start","file":"/home/fredarch/Documents/Github/HandGame/internal/app/admin/admin.go","line":45},"msg":"Starting Admin App..."}
{"time":"2024-09-19T12:26:22.814883781+01:00","level":"INFO","source":{"function":"github.com/FredericoBento/HandGame/internal/app/admin.(*AdminApp).Start","file":"/home/fredarch/Documents/Github/HandGame/internal/app/admin/admin.go","line":52},"msg":" - Ok"}
{"time":"2024-09-19T12:28:21.234073589+01:00","level":"INFO","source":{"function":"github.com/FredericoBento/HandGame/internal/app/admin.(*AdminApp).Stop","file":"/home/fredarch/Documents/Github/HandGame/internal/app/admin/admin.go","line":57},"msg":"StoppingAdmin App..."}
{"time":"2024-09-19T12:28:21.234110421+01:00","level":"INFO","source":{"function":"github.com/FredericoBento/HandGame/internal/app/admin.(*AdminApp).Stop","file":"/home/fredarch/Documents/Github/HandGame/internal/app/admin/admin.go","line":60},"msg":" - Ok"}
{"time":"2024-09-19T12:28:23.2583193+01:00","level":"INFO","source":{"function":"github.com/FredericoBento/HandGame/internal/app/admin.(*AdminApp).Start","file":"/home/fredarch/Documents/Github/HandGame/internal/app/admin/admin.go","line":45},"msg":"Starting Admin App..."}
{"time":"2024-09-19T12:28:23.258414624+01:00","level":"INFO","source":{"function":"github.com/FredericoBento/HandGame/internal/app/admin.(*AdminApp).Start","file":"/home/fredarch/Documents/Github/HandGame/internal/app/admin/admin.go","line":52},"msg":" - Ok"}
{"time":"2024-09-19T12:30:08.647723621+01:00","level":"INFO","source":{"function":"github.com/FredericoBento/HandGame/internal/app/admin.(*AdminApp).Start","file":"/home/fredarch/Documents/Github/HandGame/internal/app/admin/admin.go","line":45},"msg":"Starting Admin App..."}
{"time":"2024-09-19T12:30:08.647816091+01:00","level":"INFO","source":{"function":"github.com/FredericoBento/HandGame/internal/app/admin.(*AdminApp).Start","file":"/home/fredarch/Documents/Github/HandGame/internal/app/admin/admin.go","line":52},"msg":" - Ok"}
{"time":"2024-09-19T12:30:27.083711459+01:00","level":"INFO","source":{"function":"github.com/FredericoBento/HandGame/internal/app/admin.(*AdminApp).Start","file":"/home/fredarch/Documents/Github/HandGame/internal/app/admin/admin.go","line":45},"msg":"Starting Admin App..."}
{"time":"2024-09-19T12:30:27.083797666+01:00","level":"INFO","source":{"function":"github.com/FredericoBento/HandGame/internal/app/admin.(*AdminApp).Start","file":"/home/fredarch/Documents/Github/HandGame/internal/app/admin/admin.go","line":52},"msg":" - Ok"}
{"time":"2024-09-19T12:31:00.790889698+01:00","level":"INFO","source":{"function":"github.com/FredericoBento/HandGame/internal/app/admin.(*AdminApp).Stop","file":"/home/fredarch/Documents/Github/HandGame/internal/app/admin/admin.go","line":57},"msg":"StoppingAdmin App..."}
{"time":"2024-09-19T12:31:00.790898244+01:00","level":"INFO","source":{"function":"github.com/FredericoBento/HandGame/internal/app/admin.(*AdminApp).Stop","file":"/home/fredarch/Documents/Github/HandGame/internal/app/admin/admin.go","line":60},"msg":" - Ok"}
{"time":"2024-09-19T12:31:04.904096812+01:00","level":"INFO","source":{"function":"github.com/FredericoBento/HandGame/internal/app/admin.(*AdminApp).Start","file":"/home/fredarch/Documents/Github/HandGame/internal/app/admin/admin.go","line":45},"msg":"Starting Admin App..."}
{"time":"2024-09-19T12:31:04.904182342+01:00","level":"INFO","source":{"function":"github.com/FredericoBento/HandGame/internal/app/admin.(*AdminApp).Start","file":"/home/fredarch/Documents/Github/HandGame/internal/app/admin/admin.go","line":52},"msg":" - Ok"}
{"time":"2024-09-19T12:32:29.782970255+01:00","level":"INFO","source":{"function":"github.com/FredericoBento/HandGame/internal/app/admin.(*AdminApp).Stop","file":"/home/fredarch/Documents/Github/HandGame/internal/app/admin/admin.go","line":57},"msg":"StoppingAdmin App..."}
{"time":"2024-09-19T12:32:29.783006803+01:00","level":"INFO","source":{"function":"github.com/FredericoBento/HandGame/internal/app/admin.(*AdminApp).Stop","file":"/home/fredarch/Documents/Github/HandGame/internal/app/admin/admin.go","line":60},"msg":" - Ok"}
{"time":"2024-09-19T12:32:31.923124838+01:00","level":"INFO","source":{"function":"github.com/FredericoBento/HandGame/internal/app/admin.(*AdminApp).Start","file":"/home/fredarch/Documents/Github/HandGame/internal/app/admin/admin.go","line":45},"msg":"Starting Admin App..."}
{"time":"2024-09-19T12:32:31.923230739+01:00","level":"INFO","source":{"function":"github.com/FredericoBento/HandGame/internal/app/admin.(*AdminApp).Start","file":"/home/fredarch/Documents/Github/HandGame/internal/app/admin/admin.go","line":52},"msg":" - Ok"}
{"time":"2024-09-19T12:34:40.184093869+01:00","level":"INFO","source":{"function":"github.com/FredericoBento/HandGame/internal/app/admin.(*AdminApp).Stop","file":"/home/fredarch/Documents/Github/HandGame/internal/app/admin/admin.go","line":57},"msg":"StoppingAdmin App..."}
{"time":"2024-09-19T12:34:40.184120754+01:00","level":"INFO","source":{"function":"github.com/FredericoBento/HandGame/internal/app/admin.(*AdminApp).Stop","file":"/home/fredarch/Documents/Github/HandGame/internal/app/admin/admin.go","line":60},"msg":" - Ok"}
{"time":"2024-09-19T12:34:42.518831+01:00","level":"INFO","source":{"function":"github.com/FredericoBento/HandGame/internal/app/admin.(*AdminApp).Start","file":"/home/fredarch/Documents/Github/HandGame/internal/app/admin/admin.go","line":45},"msg":"Starting Admin App..."}
{"time":"2024-09-19T12:34:42.518927529+01:00","level":"INFO","source":{"function":"github.com/FredericoBento/HandGame/internal/app/admin.(*AdminApp).Start","file":"/home/fredarch/Documents/Github/HandGame/internal/app/admin/admin.go","line":52},"msg":" - Ok"}
{"time":"2024-09-19T12:35:42.60819733+01:00","level":"INFO","source":{"function":"github.com/FredericoBento/HandGame/internal/app/admin.(*AdminApp).Stop","file":"/home/fredarch/Documents/Github/HandGame/internal/app/admin/admin.go","line":57},"msg":"StoppingAdmin App..."}
{"time":"2024-09-19T12:35:42.608289941+01:00","level":"INFO","source":{"function":"github.com/FredericoBento/HandGame/internal/app/admin.(*AdminApp).Stop","file":"/home/fredarch/Documents/Github/HandGame/internal/app/admin/admin.go","line":60},"msg":" - Ok"}
{"time":"2024-09-19T12:35:43.933087393+01:00","level":"INFO","source":{"function":"github.com/FredericoBento/HandGame/internal/app/admin.(*AdminApp).Start","file":"/home/fredarch/Documents/Github/HandGame/internal/app/admin/admin.go","line":45},"msg":"Starting Admin App..."}
{"time":"2024-09-19T12:35:43.933172512+01:00","level":"INFO","source":{"function":"github.com/FredericoBento/HandGame/internal/app/admin.(*AdminApp).Start","file":"/home/fredarch/Documents/Github/HandGame/internal/app/admin/admin.go","line":52},"msg":" - Ok"}
{"time":"2024-09-19T12:36:31.872790051+01:00","level":"INFO","source":{"function":"github.com/FredericoBento/HandGame/internal/app/admin.(*AdminApp).Stop","file":"/home/fredarch/Documents/Github/HandGame/internal/app/admin/admin.go","line":57},"msg":"StoppingAdmin App..."}
{"time":"2024-09-19T12:36:31.872863615+01:00","level":"INFO","source":{"function":"github.com/FredericoBento/HandGame/internal/app/admin.(*AdminApp).Stop","file":"/home/fredarch/Documents/Github/HandGame/internal/app/admin/admin.go","line":60},"msg":" - Ok"}
{"time":"2024-09-19T12:36:35.761749318+01:00","level":"INFO","source":{"function":"github.com/FredericoBento/HandGame/internal/app/admin.(*AdminApp).Start","file":"/home/fredarch/Documents/Github/HandGame/internal/app/admin/admin.go","line":45},"msg":"Starting Admin App..."}
{"time":"2024-09-19T12:36:35.761834988+01:00","level":"INFO","source":{"function":"github.com/FredericoBento/HandGame/internal/app/admin.(*AdminApp).Start","file":"/home/fredarch/Documents/Github/HandGame/internal/app/admin/admin.go","line":52},"msg":" - Ok"}
{"time":"2024-09-19T12:41:15.752396399+01:00","level":"INFO","source":{"function":"github.com/FredericoBento/HandGame/internal/app/admin.(*AdminApp).Stop","file":"/home/fredarch/Documents/Github/HandGame/internal/app/admin/admin.go","line":57},"msg":"StoppingAdmin App..."}
{"time":"2024-09-19T12:41:15.75242973+01:00","level":"INFO","source":{"function":"github.com/FredericoBento/HandGame/internal/app/admin.(*AdminApp).Stop","file":"/home/fredarch/Documents/Github/HandGame/internal/app/admin/admin.go","line":60},"msg":" - Ok"}
{"time":"2024-09-19T12:41:17.76165405+01:00","level":"INFO","source":{"function":"github.com/FredericoBento/HandGame/internal/app/admin.(*AdminApp).Start","file":"/home/fredarch/Documents/Github/HandGame/internal/app/admin/admin.go","line":45},"msg":"Starting Admin App..."}
{"time":"2024-09-19T12:41:17.761781774+01:00","level":"INFO","source":{"function":"github.com/FredericoBento/HandGame/internal/app/admin.(*AdminApp).Start","file":"/home/fredarch/Documents/Github/HandGame/internal/app/admin/admin.go","line":52},"msg":" - Ok"}
{"time":"2024-09-19T12:41:42.545119692+01:00","level":"INFO","source":{"function":"github.com/FredericoBento/HandGame/internal/app/admin.(*AdminApp).Stop","file":"/home/fredarch/Documents/Github/HandGame/internal/app/admin/admin.go","line":57},"msg":"StoppingAdmin App..."}
{"time":"2024-09-19T12:41:42.545201063+01:00","level":"INFO","source":{"function":"github.com/FredericoBento/HandGame/internal/app/admin.(*AdminApp).Stop","file":"/home/fredarch/Documents/Github/HandGame/internal/app/admin/admin.go","line":60},"msg":" - Ok"}
{"time":"2024-09-19T12:41:47.954230376+01:00","level":"INFO","source":{"function":"github.com/FredericoBento/HandGame/internal/app/admin.(*AdminApp).Start","file":"/home/fredarch/Documents/Github/HandGame/internal/app/admin/admin.go","line":45},"msg":"Starting Admin App..."}
{"time":"2024-09-19T12:41:47.954319279+01:00","level":"INFO","source":{"function":"github.com/FredericoBento/HandGame/internal/app/admin.(*AdminApp).Start","file":"/home/fredarch/Documents/Github/HandGame/internal/app/admin/admin.go","line":52},"msg":" - Ok"}
{"time":"2024-09-19T12:42:26.088560467+01:00","level":"INFO","source":{"function":"github.com/FredericoBento/HandGame/internal/app/admin.(*AdminApp).Stop","file":"/home/fredarch/Documents/Github/HandGame/internal/app/admin/admin.go","line":57},"msg":"StoppingAdmin App..."}
{"time":"2024-09-19T12:42:26.088587327+01:00","level":"INFO","source":{"function":"github.com/FredericoBento/HandGame/internal/app/admin.(*AdminApp).Stop","file":"/home/fredarch/Documents/Github/HandGame/internal/app/admin/admin.go","line":60},"msg":" - Ok"}
{"time":"2024-09-19T12:42:29.230924278+01:00","level":"INFO","source":{"function":"github.com/FredericoBento/HandGame/internal/app/admin.(*AdminApp).Start","file":"/home/fredarch/Documents/Github/HandGame/internal/app/admin/admin.go","line":45},"msg":"Starting Admin App..."}
{"time":"2024-09-19T12:42:29.231032476+01:00","level":"INFO","source":{"function":"github.com/FredericoBento/HandGame/internal/app/admin.(*AdminApp).Start","file":"/home/fredarch/Documents/Github/HandGame/internal/app/admin/admin.go","line":52},"msg":" - Ok"}
{"time":"2024-09-19T12:42:47.560604118+01:00","level":"INFO","source":{"function":"github.com/FredericoBento/HandGame/internal/app/admin.(*AdminApp).Stop","file":"/home/fredarch/Documents/Github/HandGame/internal/app/admin/admin.go","line":57},"msg":"StoppingAdmin App..."}
{"time":"2024-09-19T12:42:47.560628629+01:00","level":"INFO","source":{"function":"github.com/FredericoBento/HandGame/internal/app/admin.(*AdminApp).Stop","file":"/home/fredarch/Documents/Github/HandGame/internal/app/admin/admin.go","line":60},"msg":" - Ok"}
{"time":"2024-09-19T12:42:49.769186558+01:00","level":"INFO","source":{"function":"github.com/FredericoBento/HandGame/internal/app/admin.(*AdminApp).Start","file":"/home/fredarch/Documents/Github/HandGame/internal/app/admin/admin.go","line":45},"msg":"Starting Admin App..."}
{"time":"2024-09-19T12:42:49.769272367+01:00","level":"INFO","source":{"function":"github.com/FredericoBento/HandGame/internal/app/admin.(*AdminApp).Start","file":"/home/fredarch/Documents/Github/HandGame/internal/app/admin/admin.go","line":52},"msg":" - Ok"}
{"time":"2024-09-19T12:44:54.56842026+01:00","level":"INFO","source":{"function":"github.com/FredericoBento/HandGame/internal/app/admin.(*AdminApp).Stop","file":"/home/fredarch/Documents/Github/HandGame/internal/app/admin/admin.go","line":57},"msg":"StoppingAdmin App..."}
{"time":"2024-09-19T12:44:54.568511103+01:00","level":"INFO","source":{"function":"github.com/FredericoBento/HandGame/internal/app/admin.(*AdminApp).Stop","file":"/home/fredarch/Documents/Github/HandGame/internal/app/admin/admin.go","line":60},"msg":" - Ok"}
{"time":"2024-09-19T12:45:14.958943081+01:00","level":"INFO","source":{"function":"github.com/FredericoBento/HandGame/internal/app/admin.(*AdminApp).Start","file":"/home/fredarch/Documents/Github/HandGame/internal/app/admin/admin.go","line":45},"msg":"Starting Admin App..."}
{"time":"2024-09-19T12:45:14.959028234+01:00","level":"INFO","source":{"function":"github.com/FredericoBento/HandGame/internal/app/admin.(*AdminApp).Start","file":"/home/fredarch/Documents/Github/HandGame/internal/app/admin/admin.go","line":52},"msg":" - Ok"}
{"time":"2024-09-19T12:45:16.488905461+01:00","level":"INFO","source":{"function":"github.com/FredericoBento/HandGame/internal/app/admin.(*AdminApp).Stop","file":"/home/fredarch/Documents/Github/HandGame/internal/app/admin/admin.go","line":57},"msg":"StoppingAdmin App..."}
{"time":"2024-09-19T12:45:16.488930735+01:00","level":"INFO","source":{"function":"github.com/FredericoBento/HandGame/internal/app/admin.(*AdminApp).Stop","file":"/home/fredarch/Documents/Github/HandGame/internal/app/admin/admin.go","line":60},"msg":" - Ok"}
{"time":"2024-09-19T12:45:18.028848077+01:00","level":"INFO","source":{"function":"github.com/FredericoBento/HandGame/internal/app/admin.(*AdminApp).Start","file":"/home/fredarch/Documents/Github/HandGame/internal/app/admin/admin.go","line":45},"msg":"Starting Admin App..."}
{"time":"2024-09-19T12:45:18.02893626+01:00","level":"INFO","source":{"function":"github.com/FredericoBento/HandGame/internal/app/admin.(*AdminApp).Start","file":"/home/fredarch/Documents/Github/HandGame/internal/app/admin/admin.go","line":52},"msg":" - Ok"}
{"time":"2024-09-19T12:46:08.928723176+01:00","level":"INFO","source":{"function":"github.com/FredericoBento/HandGame/internal/app/admin.(*AdminApp).Stop","file":"/home/fredarch/Documents/Github/HandGame/internal/app/admin/admin.go","line":57},"msg":"StoppingAdmin App..."}
{"time":"2024-09-19T12:46:08.928748758+01:00","level":"INFO","source":{"function":"github.com/FredericoBento/HandGame/internal/app/admin.(*AdminApp).Stop","file":"/home/fredarch/Documents/Github/HandGame/internal/app/admin/admin.go","line":60},"msg":" - Ok"}
{"time":"2024-09-19T12:46:10.854639533+01:00","level":"INFO","source":{"function":"github.com/FredericoBento/HandGame/internal/app/admin.(*AdminApp).Start","file":"/home/fredarch/Documents/Github/HandGame/internal/app/admin/admin.go","line":45},"msg":"Starting Admin App..."}
{"time":"2024-09-19T12:46:10.854728007+01:00","level":"INFO","source":{"function":"github.com/FredericoBento/HandGame/internal/app/admin.(*AdminApp).Start","file":"/home/fredarch/Documents/Github/HandGame/internal/app/admin/admin.go","line":52},"msg":" - Ok"}
{"time":"2024-09-19T12:47:00.072424177+01:00","level":"INFO","source":{"function":"github.com/FredericoBento/HandGame/internal/app/admin.(*AdminApp).Stop","file":"/home/fredarch/Documents/Github/HandGame/internal/app/admin/admin.go","line":57},"msg":"StoppingAdmin App..."}
{"time":"2024-09-19T12:47:00.072507284+01:00","level":"INFO","source":{"function":"github.com/FredericoBento/HandGame/internal/app/admin.(*AdminApp).Stop","file":"/home/fredarch/Documents/Github/HandGame/internal/app/admin/admin.go","line":60},"msg":" - Ok"}
{"time":"2024-09-19T12:47:01.118462975+01:00","level":"INFO","source":{"function":"github.com/FredericoBento/HandGame/internal/app/admin.(*AdminApp).Start","file":"/home/fredarch/Documents/Github/HandGame/internal/app/admin/admin.go","line":45},"msg":"Starting Admin App..."}
{"time":"2024-09-19T12:47:01.118547212+01:00","level":"INFO","source":{"function":"github.com/FredericoBento/HandGame/internal/app/admin.(*AdminApp).Start","file":"/home/fredarch/Documents/Github/HandGame/internal/app/admin/admin.go","line":52},"msg":" - Ok"}
{"time":"2024-09-19T12:47:19.232708424+01:00","level":"INFO","source":{"function":"github.com/FredericoBento/HandGame/internal/app/admin.(*AdminApp).Stop","file":"/home/fredarch/Documents/Github/HandGame/internal/app/admin/admin.go","line":57},"msg":"StoppingAdmin App..."}
{"time":"2024-09-19T12:47:19.232806132+01:00","level":"INFO","source":{"function":"github.com/FredericoBento/HandGame/internal/app/admin.(*AdminApp).Stop","file":"/home/fredarch/Documents/Github/HandGame/internal/app/admin/admin.go","line":60},"msg":" - Ok"}
{"time":"2024-09-19T12:47:21.236436135+01:00","level":"INFO","source":{"function":"github.com/FredericoBento/HandGame/internal/app/admin.(*AdminApp).Start","file":"/home/fredarch/Documents/Github/HandGame/internal/app/admin/admin.go","line":45},"msg":"Starting Admin App..."}
{"time":"2024-09-19T12:47:21.236522015+01:00","level":"INFO","source":{"function":"github.com/FredericoBento/HandGame/internal/app/admin.(*AdminApp).Start","file":"/home/fredarch/Documents/Github/HandGame/internal/app/admin/admin.go","line":52},"msg":" - Ok"}
{"time":"2024-09-19T12:47:46.329175694+01:00","level":"INFO","source":{"function":"github.com/FredericoBento/HandGame/internal/app/admin.(*AdminApp).Stop","file":"/home/fredarch/Documents/Github/HandGame/internal/app/admin/admin.go","line":57},"msg":"StoppingAdmin App..."}
{"time":"2024-09-19T12:47:46.329252231+01:00","level":"INFO","source":{"function":"github.com/FredericoBento/HandGame/internal/app/admin.(*AdminApp).Stop","file":"/home/fredarch/Documents/Github/HandGame/internal/app/admin/admin.go","line":60},"msg":" - Ok"}
{"time":"2024-09-19T12:47:47.484359216+01:00","level":"INFO","source":{"function":"github.com/FredericoBento/HandGame/internal/app/admin.(*AdminApp).Start","file":"/home/fredarch/Documents/Github/HandGame/internal/app/admin/admin.go","line":45},"msg":"Starting Admin App..."}
{"time":"2024-09-19T12:47:47.484446136+01:00","level":"INFO","source":{"function":"github.com/FredericoBento/HandGame/internal/app/admin.(*AdminApp).Start","file":"/home/fredarch/Documents/Github/HandGame/internal/app/admin/admin.go","line":52},"msg":" - Ok"}
{"time":"2024-09-19T12:48:32.496615796+01:00","level":"INFO","source":{"function":"github.com/FredericoBento/HandGame/internal/app/admin.(*AdminApp).Stop","file":"/home/fredarch/Documents/Github/HandGame/internal/app/admin/admin.go","line":57},"msg":"StoppingAdmin App..."}
{"time":"2024-09-19T12:48:32.496643337+01:00","level":"INFO","source":{"function":"github.com/FredericoBento/HandGame/internal/app/admin.(*AdminApp).Stop","file":"/home/fredarch/Documents/Github/HandGame/internal/app/admin/admin.go","line":60},"msg":" - Ok"}
{"time":"2024-09-19T12:48:34.589832627+01:00","level":"INFO","source":{"function":"github.com/FredericoBento/HandGame/internal/app/admin.(*AdminApp).Start","file":"/home/fredarch/Documents/Github/HandGame/internal/app/admin/admin.go","line":45},"msg":"Starting Admin App..."}
{"time":"2024-09-19T12:48:34.589918764+01:00","level":"INFO","source":{"function":"github.com/FredericoBento/HandGame/internal/app/admin.(*AdminApp).Start","file":"/home/fredarch/Documents/Github/HandGame/internal/app/admin/admin.go","line":52},"msg":" - Ok"}
{"time":"2024-09-19T12:51:59.752480185+01:00","level":"INFO","source":{"function":"github.com/FredericoBento/HandGame/internal/app/admin.(*AdminApp).Stop","file":"/home/fredarch/Documents/Github/HandGame/internal/app/admin/admin.go","line":57},"msg":"StoppingAdmin App..."}
{"time":"2024-09-19T12:51:59.752566691+01:00","level":"INFO","source":{"function":"github.com/FredericoBento/HandGame/internal/app/admin.(*AdminApp).Stop","file":"/home/fredarch/Documents/Github/HandGame/internal/app/admin/admin.go","line":60},"msg":" - Ok"}
{"time":"2024-09-19T12:52:00.801219567+01:00","level":"INFO","source":{"function":"github.com/FredericoBento/HandGame/internal/app/admin.(*AdminApp).Start","file":"/home/fredarch/Documents/Github/HandGame/internal/app/admin/admin.go","line":45},"msg":"Starting Admin App..."}
{"time":"2024-09-19T12:52:00.801311271+01:00","level":"INFO","source":{"function":"github.com/FredericoBento/HandGame/internal/app/admin.(*AdminApp).Start","file":"/home/fredarch/Documents/Github/HandGame/internal/app/admin/admin.go","line":52},"msg":" - Ok"}
{"time":"2024-09-19T12:52:56.43170723+01:00","level":"INFO","source":{"function":"github.com/FredericoBento/HandGame/internal/app/admin.(*AdminApp).Stop","file":"/home/fredarch/Documents/Github/HandGame/internal/app/admin/admin.go","line":57},"msg":"StoppingAdmin App..."}
{"time":"2024-09-19T12:52:56.431746919+01:00","level":"INFO","source":{"function":"github.com/FredericoBento/HandGame/internal/app/admin.(*AdminApp).Stop","file":"/home/fredarch/Documents/Github/HandGame/internal/app/admin/admin.go","line":60},"msg":" - Ok"}
{"time":"2024-09-19T12:52:57.848438313+01:00","level":"INFO","source":{"function":"github.com/FredericoBento/HandGame/internal/app/admin.(*AdminApp).Start","file":"/home/fredarch/Documents/Github/HandGame/internal/app/admin/admin.go","line":45},"msg":"Starting Admin App..."}
{"time":"2024-09-19T12:52:57.84852424+01:00","level":"INFO","source":{"function":"github.com/FredericoBento/HandGame/internal/app/admin.(*AdminApp).Start","file":"/home/fredarch/Documents/Github/HandGame/internal/app/admin/admin.go","line":52},"msg":" - Ok"}
{"time":"2024-09-19T12:54:28.153399214+01:00","level":"INFO","source":{"function":"github.com/FredericoBento/HandGame/internal/app/admin.(*AdminApp).Stop","file":"/home/fredarch/Documents/Github/HandGame/internal/app/admin/admin.go","line":57},"msg":"StoppingAdmin App..."}
{"time":"2024-09-19T12:54:28.15342561+01:00","level":"INFO","source":{"function":"github.com/FredericoBento/HandGame/internal/app/admin.(*AdminApp).Stop","file":"/home/fredarch/Documents/Github/HandGame/internal/app/admin/admin.go","line":60},"msg":" - Ok"}
{"time":"2024-09-19T12:54:30.063297387+01:00","level":"INFO","source":{"function":"github.com/FredericoBento/HandGame/internal/app/admin.(*AdminApp).Start","file":"/home/fredarch/Documents/Github/HandGame/internal/app/admin/admin.go","line":45},"msg":"Starting Admin App..."}
{"time":"2024-09-19T12:54:30.063387938+01:00","level":"INFO","source":{"function":"github.com/FredericoBento/HandGame/internal/app/admin.(*AdminApp).Start","file":"/home/fredarch/Documents/Github/HandGame/internal/app/admin/admin.go","line":52},"msg":" - Ok"}
{"time":"2024-09-19T12:55:07.624872153+01:00","level":"INFO","source":{"function":"github.com/FredericoBento/HandGame/internal/app/admin.(*AdminApp).Stop","file":"/home/fredarch/Documents/Github/HandGame/internal/app/admin/admin.go","line":57},"msg":"StoppingAdmin App..."}
{"time":"2024-09-19T12:55:07.624896042+01:00","level":"INFO","source":{"function":"github.com/FredericoBento/HandGame/internal/app/admin.(*AdminApp).Stop","file":"/home/fredarch/Documents/Github/HandGame/internal/app/admin/admin.go","line":60},"msg":" - Ok"}
{"time":"2024-09-19T12:55:10.416544111+01:00","level":"INFO","source":{"function":"github.com/FredericoBento/HandGame/internal/app/admin.(*AdminApp).Start","file":"/home/fredarch/Documents/Github/HandGame/internal/app/admin/admin.go","line":45},"msg":"Starting Admin App..."}
{"time":"2024-09-19T12:55:10.416629704+01:00","level":"INFO","source":{"function":"github.com/FredericoBento/HandGame/internal/app/admin.(*AdminApp).Start","file":"/home/fredarch/Documents/Github/HandGame/internal/app/admin/admin.go","line":52},"msg":" - Ok"}
{"time":"2024-09-19T12:55:22.776481537+01:00","level":"INFO","source":{"function":"github.com/FredericoBento/HandGame/internal/app/admin.(*AdminApp).Stop","file":"/home/fredarch/Documents/Github/HandGame/internal/app/admin/admin.go","line":57},"msg":"StoppingAdmin App..."}
{"time":"2024-09-19T12:55:22.776583566+01:00","level":"INFO","source":{"function":"github.com/FredericoBento/HandGame/internal/app/admin.(*AdminApp).Stop","file":"/home/fredarch/Documents/Github/HandGame/internal/app/admin/admin.go","line":60},"msg":" - Ok"}
{"time":"2024-09-19T12:55:24.763988286+01:00","level":"INFO","source":{"function":"github.com/FredericoBento/HandGame/internal/app/admin.(*AdminApp).Start","file":"/home/fredarch/Documents/Github/HandGame/internal/app/admin/admin.go","line":45},"msg":"Starting Admin App..."}
{"time":"2024-09-19T12:55:24.764073834+01:00","level":"INFO","source":{"function":"github.com/FredericoBento/HandGame/internal/app/admin.(*AdminApp).Start","file":"/home/fredarch/Documents/Github/HandGame/internal/app/admin/admin.go","line":52},"msg":" - Ok"}
{"time":"2024-09-19T12:55:47.920757215+01:00","level":"INFO","source":{"function":"github.com/FredericoBento/HandGame/internal/app/admin.(*AdminApp).Stop","file":"/home/fredarch/Documents/Github/HandGame/internal/app/admin/admin.go","line":57},"msg":"StoppingAdmin App..."}
{"time":"2024-09-19T12:55:47.920851376+01:00","level":"INFO","source":{"function":"github.com/FredericoBento/HandGame/internal/app/admin.(*AdminApp).Stop","file":"/home/fredarch/Documents/Github/HandGame/internal/app/admin/admin.go","line":60},"msg":" - Ok"}
{"time":"2024-09-19T12:55:54.98516164+01:00","level":"INFO","source":{"function":"github.com/FredericoBento/HandGame/internal/app/admin.(*AdminApp).Start","file":"/home/fredarch/Documents/Github/HandGame/internal/app/admin/admin.go","line":45},"msg":"Starting Admin App..."}
{"time":"2024-09-19T12:55:54.985248843+01:00","level":"INFO","source":{"function":"github.com/FredericoBento/HandGame/internal/app/admin.(*AdminApp).Start","file":"/home/fredarch/Documents/Github/HandGame/internal/app/admin/admin.go","line":52},"msg":" - Ok"}
{"time":"2024-09-19T12:58:53.967922368+01:00","level":"INFO","source":{"function":"github.com/FredericoBento/HandGame/internal/app/admin.(*AdminApp).Stop","file":"/home/fredarch/Documents/Github/HandGame/internal/app/admin/admin.go","line":57},"msg":"StoppingAdmin App..."}
{"time":"2024-09-19T12:58:53.967960411+01:00","level":"INFO","source":{"function":"github.com/FredericoBento/HandGame/internal/app/admin.(*AdminApp).Stop","file":"/home/fredarch/Documents/Github/HandGame/internal/app/admin/admin.go","line":60},"msg":" - Ok"}
{"time":"2024-09-19T12:58:56.67764893+01:00","level":"INFO","source":{"function":"github.com/FredericoBento/HandGame/internal/app/admin.(*AdminApp).Start","file":"/home/fredarch/Documents/Github/HandGame/internal/app/admin/admin.go","line":45},"msg":"Starting Admin App..."}
{"time":"2024-09-19T12:58:56.677753559+01:00","level":"INFO","source":{"function":"github.com/FredericoBento/HandGame/internal/app/admin.(*AdminApp).Start","file":"/home/fredarch/Documents/Github/HandGame/internal/app/admin/admin.go","line":52},"msg":" - Ok"}
{"time":"2024-09-19T12:59:10.417040005+01:00","level":"INFO","source":{"function":"github.com/FredericoBento/HandGame/internal/app/admin.(*AdminApp).Stop","file":"/home/fredarch/Documents/Github/HandGame/internal/app/admin/admin.go","line":57},"msg":"StoppingAdmin App..."}
{"time":"2024-09-19T12:59:10.417062367+01:00","level":"INFO","source":{"function":"github.com/FredericoBento/HandGame/internal/app/admin.(*AdminApp).Stop","file":"/home/fredarch/Documents/Github/HandGame/internal/app/admin/admin.go","line":60},"msg":" - Ok"}
{"time":"2024-09-19T12:59:12.340421697+01:00","level":"INFO","source":{"function":"github.com/FredericoBento/HandGame/internal/app/admin.(*AdminApp).Start","file":"/home/fredarch/Documents/Github/HandGame/internal/app/admin/admin.go","line":45},"msg":"Starting Admin App..."}
{"time":"2024-09-19T12:59:12.340509544+01:00","level":"INFO","source":{"function":"github.com/FredericoBento/HandGame/internal/app/admin.(*AdminApp).Start","file":"/home/fredarch/Documents/Github/HandGame/internal/app/admin/admin.go","line":52},"msg":" - Ok"}
{"time":"2024-09-19T12:59:36.080958862+01:00","level":"INFO","source":{"function":"github.com/FredericoBento/HandGame/internal/app/admin.(*AdminApp).Stop","file":"/home/fredarch/Documents/Github/HandGame/internal/app/admin/admin.go","line":57},"msg":"StoppingAdmin App..."}
{"time":"2024-09-19T12:59:36.081054237+01:00","level":"INFO","source":{"function":"github.com/FredericoBento/HandGame/internal/app/admin.(*AdminApp).Stop","file":"/home/fredarch/Documents/Github/HandGame/internal/app/admin/admin.go","line":60},"msg":" - Ok"}
{"time":"2024-09-19T12:59:40.594059604+01:00","level":"INFO","source":{"function":"github.com/FredericoBento/HandGame/internal/app/admin.(*AdminApp).Start","file":"/home/fredarch/Documents/Github/HandGame/internal/app/admin/admin.go","line":45},"msg":"Starting Admin App..."}
{"time":"2024-09-19T12:59:40.594159957+01:00","level":"INFO","source":{"function":"github.com/FredericoBento/HandGame/internal/app/admin.(*AdminApp).Start","file":"/home/fredarch/Documents/Github/HandGame/internal/app/admin/admin.go","line":52},"msg":" - Ok"}
{"time":"2024-09-19T13:01:40.024880906+01:00","level":"INFO","source":{"function":"github.com/FredericoBento/HandGame/internal/app/admin.(*AdminApp).Stop","file":"/home/fredarch/Documents/Github/HandGame/internal/app/admin/admin.go","line":57},"msg":"StoppingAdmin App..."}
{"time":"2024-09-19T13:01:40.024969629+01:00","level":"INFO","source":{"function":"github.com/FredericoBento/HandGame/internal/app/admin.(*AdminApp).Stop","file":"/home/fredarch/Documents/Github/HandGame/internal/app/admin/admin.go","line":60},"msg":" - Ok"}
{"time":"2024-09-19T13:01:42.924429518+01:00","level":"INFO","source":{"function":"github.com/FredericoBento/HandGame/internal/app/admin.(*AdminApp).Start","file":"/home/fredarch/Documents/Github/HandGame/internal/app/admin/admin.go","line":45},"msg":"Starting Admin App..."}
{"time":"2024-09-19T13:01:42.924545333+01:00","level":"INFO","source":{"function":"github.com/FredericoBento/HandGame/internal/app/admin.(*AdminApp).Start","file":"/home/fredarch/Documents/Github/HandGame/internal/app/admin/admin.go","line":52},"msg":" - Ok"}
{"time":"2024-09-19T13:04:35.377120778+01:00","level":"INFO","source":{"function":"github.com/FredericoBento/HandGame/internal/app/admin.(*AdminApp).Stop","file":"/home/fredarch/Documents/Github/HandGame/internal/app/admin/admin.go","line":57},"msg":"StoppingAdmin App..."}
{"time":"2024-09-19T13:04:35.377207534+01:00","level":"INFO","source":{"function":"github.com/FredericoBento/HandGame/internal/app/admin.(*AdminApp).Stop","file":"/home/fredarch/Documents/Github/HandGame/internal/app/admin/admin.go","line":60},"msg":" - Ok"}
{"time":"2024-09-19T13:04:36.353522755+01:00","level":"INFO","source":{"function":"github.com/FredericoBento/HandGame/internal/app/admin.(*AdminApp).Start","file":"/home/fredarch/Documents/Github/HandGame/internal/app/admin/admin.go","line":45},"msg":"Starting Admin App..."}
{"time":"2024-09-19T13:04:36.353634579+01:00","level":"INFO","source":{"function":"github.com/FredericoBento/HandGame/internal/app/admin.(*AdminApp).Start","file":"/home/fredarch/Documents/Github/HandGame/internal/app/admin/admin.go","line":52},"msg":" - Ok"}
{"time":"2024-09-19T13:04:56.120862473+01:00","level":"INFO","source":{"function":"github.com/FredericoBento/HandGame/internal/app/admin.(*AdminApp).Stop","file":"/home/fredarch/Documents/Github/HandGame/internal/app/admin/admin.go","line":57},"msg":"StoppingAdmin App..."}
{"time":"2024-09-19T13:04:56.120948685+01:00","level":"INFO","source":{"function":"github.com/FredericoBento/HandGame/internal/app/admin.(*AdminApp).Stop","file":"/home/fredarch/Documents/Github/HandGame/internal/app/admin/admin.go","line":60},"msg":" - Ok"}
{"time":"2024-09-19T13:05:00.20094872+01:00","level":"INFO","source":{"function":"github.com/FredericoBento/HandGame/internal/app/admin.(*AdminApp).Start","file":"/home/fredarch/Documents/Github/HandGame/internal/app/admin/admin.go","line":45},"msg":"Starting Admin App..."}
{"time":"2024-09-19T13:05:00.201036415+01:00","level":"INFO","source":{"function":"github.com/FredericoBento/HandGame/internal/app/admin.(*AdminApp).Start","file":"/home/fredarch/Documents/Github/HandGame/internal/app/admin/admin.go","line":52},"msg":" - Ok"}
{"time":"2024-09-19T13:12:26.544942363+01:00","level":"INFO","source":{"function":"github.com/FredericoBento/HandGame/internal/app/admin.(*AdminApp).Stop","file":"/home/fredarch/Documents/Github/HandGame/internal/app/admin/admin.go","line":57},"msg":"StoppingAdmin App..."}
{"time":"2024-09-19T13:12:26.544977488+01:00","level":"INFO","source":{"function":"github.com/FredericoBento/HandGame/internal/app/admin.(*AdminApp).Stop","file":"/home/fredarch/Documents/Github/HandGame/internal/app/admin/admin.go","line":60},"msg":" - Ok"}
{"time":"2024-09-19T13:14:02.026268113+01:00","level":"INFO","source":{"function":"github.com/FredericoBento/HandGame/internal/app/admin.(*AdminApp).Start","file":"/home/fredarch/Documents/Github/HandGame/internal/app/admin/admin.go","line":45},"msg":"Starting Admin App..."}
{"time":"2024-09-19T13:14:02.026354489+01:00","level":"INFO","source":{"function":"github.com/FredericoBento/HandGame/internal/app/admin.(*AdminApp).Start","file":"/home/fredarch/Documents/Github/HandGame/internal/app/admin/admin.go","line":52},"msg":" - Ok"}
{"time":"2024-09-19T13:14:13.976686633+01:00","level":"INFO","source":{"function":"github.com/FredericoBento/HandGame/internal/app/admin.(*AdminApp).Stop","file":"/home/fredarch/Documents/Github/HandGame/internal/app/admin/admin.go","line":57},"msg":"StoppingAdmin App..."}
{"time":"2024-09-19T13:14:13.97673523+01:00","level":"INFO","source":{"function":"github.com/FredericoBento/HandGame/internal/app/admin.(*AdminApp).Stop","file":"/home/fredarch/Documents/Github/HandGame/internal/app/admin/admin.go","line":60},"msg":" - Ok"}
{"time":"2024-09-19T13:14:16.174934728+01:00","level":"INFO","source":{"function":"github.com/FredericoBento/HandGame/internal/app/admin.(*AdminApp).Start","file":"/home/fredarch/Documents/Github/HandGame/internal/app/admin/admin.go","line":45},"msg":"Starting Admin App..."}
{"time":"2024-09-19T13:14:16.175020562+01:00","level":"INFO","source":{"function":"github.com/FredericoBento/HandGame/internal/app/admin.(*AdminApp).Start","file":"/home/fredarch/Documents/Github/HandGame/internal/app/admin/admin.go","line":52},"msg":" - Ok"}
{"time":"2024-09-19T13:15:49.12139154+01:00","level":"INFO","source":{"function":"github.com/FredericoBento/HandGame/internal/app/admin.(*AdminApp).Stop","file":"/home/fredarch/Documents/Github/HandGame/internal/app/admin/admin.go","line":57},"msg":"StoppingAdmin App..."}
{"time":"2024-09-19T13:15:49.121473461+01:00","level":"INFO","source":{"function":"github.com/FredericoBento/HandGame/internal/app/admin.(*AdminApp).Stop","file":"/home/fredarch/Documents/Github/HandGame/internal/app/admin/admin.go","line":60},"msg":" - Ok"}
{"time":"2024-09-19T13:15:52.198254127+01:00","level":"INFO","source":{"function":"github.com/FredericoBento/HandGame/internal/app/admin.(*AdminApp).Start","file":"/home/fredarch/Documents/Github/HandGame/internal/app/admin/admin.go","line":45},"msg":"Starting Admin App..."}
{"time":"2024-09-19T13:15:52.198360278+01:00","level":"INFO","source":{"function":"github.com/FredericoBento/HandGame/internal/app/admin.(*AdminApp).Start","file":"/home/fredarch/Documents/Github/HandGame/internal/app/admin/admin.go","line":52},"msg":" - Ok"}
{"time":"2024-09-19T13:16:08.489372476+01:00","level":"INFO","source":{"function":"github.com/FredericoBento/HandGame/internal/app/admin.(*AdminApp).Stop","file":"/home/fredarch/Documents/Github/HandGame/internal/app/admin/admin.go","line":57},"msg":"StoppingAdmin App..."}
{"time":"2024-09-19T13:16:08.489446731+01:00","level":"INFO","source":{"function":"github.com/FredericoBento/HandGame/internal/app/admin.(*AdminApp).Stop","file":"/home/fredarch/Documents/Github/HandGame/internal/app/admin/admin.go","line":60},"msg":" - Ok"}
{"time":"2024-09-19T13:16:10.426575443+01:00","level":"INFO","source":{"function":"github.com/FredericoBento/HandGame/internal/app/admin.(*AdminApp).Start","file":"/home/fredarch/Documents/Github/HandGame/internal/app/admin/admin.go","line":45},"msg":"Starting Admin App..."}
{"time":"2024-09-19T13:16:10.426660443+01:00","level":"INFO","source":{"function":"github.com/FredericoBento/HandGame/internal/app/admin.(*AdminApp).Start","file":"/home/fredarch/Documents/Github/HandGame/internal/app/admin/admin.go","line":52},"msg":" - Ok"}
{"time":"2024-09-19T13:16:25.353499009+01:00","level":"INFO","source":{"function":"github.com/FredericoBento/HandGame/internal/app/admin.(*AdminApp).Stop","file":"/home/fredarch/Documents/Github/HandGame/internal/app/admin/admin.go","line":57},"msg":"StoppingAdmin App..."}
{"time":"2024-09-19T13:16:25.353579024+01:00","level":"INFO","source":{"function":"github.com/FredericoBento/HandGame/internal/app/admin.(*AdminApp).Stop","file":"/home/fredarch/Documents/Github/HandGame/internal/app/admin/admin.go","line":60},"msg":" - Ok"}
{"time":"2024-09-19T13:16:27.366525042+01:00","level":"INFO","source":{"function":"github.com/FredericoBento/HandGame/internal/app/admin.(*AdminApp).Start","file":"/home/fredarch/Documents/Github/HandGame/internal/app/admin/admin.go","line":45},"msg":"Starting Admin App..."}
{"time":"2024-09-19T13:16:27.366630897+01:00","level":"INFO","source":{"function":"github.com/FredericoBento/HandGame/internal/app/admin.(*AdminApp).Start","file":"/home/fredarch/Documents/Github/HandGame/internal/app/admin/admin.go","line":52},"msg":" - Ok"}
{"time":"2024-09-19T13:17:07.425919956+01:00","level":"INFO","source":{"function":"github.com/FredericoBento/HandGame/internal/app/admin.(*AdminApp).Stop","file":"/home/fredarch/Documents/Github/HandGame/internal/app/admin/admin.go","line":57},"msg":"StoppingAdmin App..."}
{"time":"2024-09-19T13:17:07.425943347+01:00","level":"INFO","source":{"function":"github.com/FredericoBento/HandGame/internal/app/admin.(*AdminApp).Stop","file":"/home/fredarch/Documents/Github/HandGame/internal/app/admin/admin.go","line":60},"msg":" - Ok"}
{"time":"2024-09-19T13:17:09.864512129+01:00","level":"INFO","source":{"function":"github.com/FredericoBento/HandGame/internal/app/admin.(*AdminApp).Start","file":"/home/fredarch/Documents/Github/HandGame/internal/app/admin/admin.go","line":45},"msg":"Starting Admin App..."}
{"time":"2024-09-19T13:17:09.864601657+01:00","level":"INFO","source":{"function":"github.com/FredericoBento/HandGame/internal/app/admin.(*AdminApp).Start","file":"/home/fredarch/Documents/Github/HandGame/internal/app/admin/admin.go","line":52},"msg":" - Ok"}
{"time":"2024-09-19T13:17:28.657575783+01:00","level":"INFO","source":{"function":"github.com/FredericoBento/HandGame/internal/app/admin.(*AdminApp).Stop","file":"/home/fredarch/Documents/Github/HandGame/internal/app/admin/admin.go","line":57},"msg":"StoppingAdmin App..."}
{"time":"2024-09-19T13:17:28.657689934+01:00","level":"INFO","source":{"function":"github.com/FredericoBento/HandGame/internal/app/admin.(*AdminApp).Stop","file":"/home/fredarch/Documents/Github/HandGame/internal/app/admin/admin.go","line":60},"msg":" - Ok"}
{"time":"2024-09-19T13:17:30.503275482+01:00","level":"INFO","source":{"function":"github.com/FredericoBento/HandGame/internal/app/admin.(*AdminApp).Start","file":"/home/fredarch/Documents/Github/HandGame/internal/app/admin/admin.go","line":45},"msg":"Starting Admin App..."}
{"time":"2024-09-19T13:17:30.503376094+01:00","level":"INFO","source":{"function":"github.com/FredericoBento/HandGame/internal/app/admin.(*AdminApp).Start","file":"/home/fredarch/Documents/Github/HandGame/internal/app/admin/admin.go","line":52},"msg":" - Ok"}
{"time":"2024-09-19T13:17:40.44146708+01:00","level":"INFO","source":{"function":"github.com/FredericoBento/HandGame/internal/app/admin.(*AdminApp).Stop","file":"/home/fredarch/Documents/Github/HandGame/internal/app/admin/admin.go","line":57},"msg":"StoppingAdmin App..."}
{"time":"2024-09-19T13:17:40.441558291+01:00","level":"INFO","source":{"function":"github.com/FredericoBento/HandGame/internal/app/admin.(*AdminApp).Stop","file":"/home/fredarch/Documents/Github/HandGame/internal/app/admin/admin.go","line":60},"msg":" - Ok"}
{"time":"2024-09-19T13:17:42.165799111+01:00","level":"INFO","source":{"function":"github.com/FredericoBento/HandGame/internal/app/admin.(*AdminApp).Start","file":"/home/fredarch/Documents/Github/HandGame/internal/app/admin/admin.go","line":45},"msg":"Starting Admin App..."}
{"time":"2024-09-19T13:17:42.165931427+01:00","level":"INFO","source":{"function":"github.com/FredericoBento/HandGame/internal/app/admin.(*AdminApp).Start","file":"/home/fredarch/Documents/Github/HandGame/internal/app/admin/admin.go","line":52},"msg":" - Ok"}
{"time":"2024-09-19T13:17:56.433230426+01:00","level":"INFO","source":{"function":"github.com/FredericoBento/HandGame/internal/app/admin.(*AdminApp).Stop","file":"/home/fredarch/Documents/Github/HandGame/internal/app/admin/admin.go","line":57},"msg":"StoppingAdmin App..."}
{"time":"2024-09-19T13:17:56.433302651+01:00","level":"INFO","source":{"function":"github.com/FredericoBento/HandGame/internal/app/admin.(*AdminApp).Stop","file":"/home/fredarch/Documents/Github/HandGame/internal/app/admin/admin.go","line":60},"msg":" - Ok"}
{"time":"2024-09-19T13:17:58.266588266+01:00","level":"INFO","source":{"function":"github.com/FredericoBento/HandGame/internal/app/admin.(*AdminApp).Start","file":"/home/fredarch/Documents/Github/HandGame/internal/app/admin/admin.go","line":45},"msg":"Starting Admin App..."}
{"time":"2024-09-19T13:17:58.266675603+01:00","level":"INFO","source":{"function":"github.com/FredericoBento/HandGame/internal/app/admin.(*AdminApp).Start","file":"/home/fredarch/Documents/Github/HandGame/internal/app/admin/admin.go","line":52},"msg":" - Ok"}
{"time":"2024-09-19T13:18:04.361562959+01:00","level":"INFO","source":{"function":"github.com/FredericoBento/HandGame/internal/app/admin.(*AdminApp).Stop","file":"/home/fredarch/Documents/Github/HandGame/internal/app/admin/admin.go","line":57},"msg":"StoppingAdmin App..."}
{"time":"2024-09-19T13:18:04.361632643+01:00","level":"INFO","source":{"function":"github.com/FredericoBento/HandGame/internal/app/admin.(*AdminApp).Stop","file":"/home/fredarch/Documents/Github/HandGame/internal/app/admin/admin.go","line":60},"msg":" - Ok"}
{"time":"2024-09-19T13:18:06.371600209+01:00","level":"INFO","source":{"function":"github.com/FredericoBento/HandGame/internal/app/admin.(*AdminApp).Start","file":"/home/fredarch/Documents/Github/HandGame/internal/app/admin/admin.go","line":45},"msg":"Starting Admin App..."}
{"time":"2024-09-19T13:18:06.371690539+01:00","level":"INFO","source":{"function":"github.com/FredericoBento/HandGame/internal/app/admin.(*AdminApp).Start","file":"/home/fredarch/Documents/Github/HandGame/internal/app/admin/admin.go","line":52},"msg":" - Ok"}
{"time":"2024-09-19T13:18:12.417239021+01:00","level":"INFO","source":{"function":"github.com/FredericoBento/HandGame/internal/app/admin.(*AdminApp).Stop","file":"/home/fredarch/Documents/Github/HandGame/internal/app/admin/admin.go","line":57},"msg":"StoppingAdmin App..."}
{"time":"2024-09-19T13:18:12.417322877+01:00","level":"INFO","source":{"function":"github.com/FredericoBento/HandGame/internal/app/admin.(*AdminApp).Stop","file":"/home/fredarch/Documents/Github/HandGame/internal/app/admin/admin.go","line":60},"msg":" - Ok"}
{"time":"2024-09-19T13:18:14.176790961+01:00","level":"INFO","source":{"function":"github.com/FredericoBento/HandGame/internal/app/admin.(*AdminApp).Start","file":"/home/fredarch/Documents/Github/HandGame/internal/app/admin/admin.go","line":45},"msg":"Starting Admin App..."}
{"time":"2024-09-19T13:18:14.17688494+01:00","level":"INFO","source":{"function":"github.com/FredericoBento/HandGame/internal/app/admin.(*AdminApp).Start","file":"/home/fredarch/Documents/Github/HandGame/internal/app/admin/admin.go","line":52},"msg":" - Ok"}
{"time":"2024-09-19T13:18:30.705322616+01:00","level":"INFO","source":{"function":"github.com/FredericoBento/HandGame/internal/app/admin.(*AdminApp).Stop","file":"/home/fredarch/Documents/Github/HandGame/internal/app/admin/admin.go","line":57},"msg":"StoppingAdmin App..."}
{"time":"2024-09-19T13:18:30.705420913+01:00","level":"INFO","source":{"function":"github.com/FredericoBento/HandGame/internal/app/admin.(*AdminApp).Stop","file":"/home/fredarch/Documents/Github/HandGame/internal/app/admin/admin.go","line":60},"msg":" - Ok"}
{"time":"2024-09-19T13:18:35.342735687+01:00","level":"INFO","source":{"function":"github.com/FredericoBento/HandGame/internal/app/admin.(*AdminApp).Start","file":"/home/fredarch/Documents/Github/HandGame/internal/app/admin/admin.go","line":45},"msg":"Starting Admin App..."}
{"time":"2024-09-19T13:18:35.342828379+01:00","level":"INFO","source":{"function":"github.com/FredericoBento/HandGame/internal/app/admin.(*AdminApp).Start","file":"/home/fredarch/Documents/Github/HandGame/internal/app/admin/admin.go","line":52},"msg":" - Ok"}
{"time":"2024-09-19T13:19:53.185873374+01:00","level":"INFO","source":{"function":"github.com/FredericoBento/HandGame/internal/app/admin.(*AdminApp).Stop","file":"/home/fredarch/Documents/Github/HandGame/internal/app/admin/admin.go","line":57},"msg":"StoppingAdmin App..."}
{"time":"2024-09-19T13:19:53.185953953+01:00","level":"INFO","source":{"function":"github.com/FredericoBento/HandGame/internal/app/admin.(*AdminApp).Stop","file":"/home/fredarch/Documents/Github/HandGame/internal/app/admin/admin.go","line":60},"msg":" - Ok"}
{"time":"2024-09-19T13:19:54.163999794+01:00","level":"INFO","source":{"function":"github.com/FredericoBento/HandGame/internal/app/admin.(*AdminApp).Start","file":"/home/fredarch/Documents/Github/HandGame/internal/app/admin/admin.go","line":45},"msg":"Starting Admin App..."}
{"time":"2024-09-19T13:19:54.164084758+01:00","level":"INFO","source":{"function":"github.com/FredericoBento/HandGame/internal/app/admin.(*AdminApp).Start","file":"/home/fredarch/Documents/Github/HandGame/internal/app/admin/admin.go","line":52},"msg":" - Ok"}
{"time":"2024-09-19T13:20:53.906175994+01:00","level":"INFO","source":{"function":"github.com/FredericoBento/HandGame/internal/app/admin.(*AdminApp).Stop","file":"/home/fredarch/Documents/Github/HandGame/internal/app/admin/admin.go","line":57},"msg":"StoppingAdmin App..."}
{"time":"2024-09-19T13:20:53.906202291+01:00","level":"INFO","source":{"function":"github.com/FredericoBento/HandGame/internal/app/admin.(*AdminApp).Stop","file":"/home/fredarch/Documents/Github/HandGame/internal/app/admin/admin.go","line":60},"msg":" - Ok"}
{"time":"2024-09-19T13:20:56.691418901+01:00","level":"INFO","source":{"function":"github.com/FredericoBento/HandGame/internal/app/admin.(*AdminApp).Start","file":"/home/fredarch/Documents/Github/HandGame/internal/app/admin/admin.go","line":45},"msg":"Starting Admin App..."}
{"time":"2024-09-19T13:20:56.691504867+01:00","level":"INFO","source":{"function":"github.com/FredericoBento/HandGame/internal/app/admin.(*AdminApp).Start","file":"/home/fredarch/Documents/Github/HandGame/internal/app/admin/admin.go","line":52},"msg":" - Ok"}
{"time":"2024-09-19T13:22:26.881608048+01:00","level":"INFO","source":{"function":"github.com/FredericoBento/HandGame/internal/app/admin.(*AdminApp).Stop","file":"/home/fredarch/Documents/Github/HandGame/internal/app/admin/admin.go","line":57},"msg":"StoppingAdmin App..."}
{"time":"2024-09-19T13:22:26.881692258+01:00","level":"INFO","source":{"function":"github.com/FredericoBento/HandGame/internal/app/admin.(*AdminApp).Stop","file":"/home/fredarch/Documents/Github/HandGame/internal/app/admin/admin.go","line":60},"msg":" - Ok"}
{"time":"2024-09-19T13:22:28.38104819+01:00","level":"INFO","source":{"function":"github.com/FredericoBento/HandGame/internal/app/admin.(*AdminApp).Start","file":"/home/fredarch/Documents/Github/HandGame/internal/app/admin/admin.go","line":45},"msg":"Starting Admin App..."}
{"time":"2024-09-19T13:22:28.381133274+01:00","level":"INFO","source":{"function":"github.com/FredericoBento/HandGame/internal/app/admin.(*AdminApp).Start","file":"/home/fredarch/Documents/Github/HandGame/internal/app/admin/admin.go","line":52},"msg":" - Ok"}
{"time":"2024-09-19T13:23:21.72184961+01:00","level":"INFO","source":{"function":"github.com/FredericoBento/HandGame/internal/app/admin.(*AdminApp).Stop","file":"/home/fredarch/Documents/Github/HandGame/internal/app/admin/admin.go","line":57},"msg":"StoppingAdmin App..."}
{"time":"2024-09-19T13:23:21.721874658+01:00","level":"INFO","source":{"function":"github.com/FredericoBento/HandGame/internal/app/admin.(*AdminApp).Stop","file":"/home/fredarch/Documents/Github/HandGame/internal/app/admin/admin.go","line":60},"msg":" - Ok"}
{"time":"2024-09-19T13:23:23.654606286+01:00","level":"INFO","source":{"function":"github.com/FredericoBento/HandGame/internal/app/admin.(*AdminApp).Start","file":"/home/fredarch/Documents/Github/HandGame/internal/app/admin/admin.go","line":45},"msg":"Starting Admin App..."}
{"time":"2024-09-19T13:23:23.654693383+01:00","level":"INFO","source":{"function":"github.com/FredericoBento/HandGame/internal/app/admin.(*AdminApp).Start","file":"/home/fredarch/Documents/Github/HandGame/internal/app/admin/admin.go","line":52},"msg":" - Ok"}
{"time":"2024-09-19T13:25:28.081727552+01:00","level":"INFO","source":{"function":"github.com/FredericoBento/HandGame/internal/app/admin.(*AdminApp).Stop","file":"/home/fredarch/Documents/Github/HandGame/internal/app/admin/admin.go","line":57},"msg":"StoppingAdmin App..."}
{"time":"2024-09-19T13:25:28.081753927+01:00","level":"INFO","source":{"function":"github.com/FredericoBento/HandGame/internal/app/admin.(*AdminApp).Stop","file":"/home/fredarch/Documents/Github/HandGame/internal/app/admin/admin.go","line":60},"msg":" - Ok"}
{"time":"2024-09-19T13:25:30.309112654+01:00","level":"INFO","source":{"function":"github.com/FredericoBento/HandGame/internal/app/admin.(*AdminApp).Start","file":"/home/fredarch/Documents/Github/HandGame/internal/app/admin/admin.go","line":45},"msg":"Starting Admin App..."}
{"time":"2024-09-19T13:25:30.309198576+01:00","level":"INFO","source":{"function":"github.com/FredericoBento/HandGame/internal/app/admin.(*AdminApp).Start","file":"/home/fredarch/Documents/Github/HandGame/internal/app/admin/admin.go","line":52},"msg":" - Ok"}
{"time":"2024-09-20T13:37:12.070040503+01:00","level":"INFO","source":{"function":"github.com/FredericoBento/HandGame/internal/app/admin.(*AdminApp).Start","file":"/home/fredarch/Documents/Github/HandGame/internal/app/admin/admin.go","line":45},"msg":"Starting Admin App..."}
{"time":"2024-09-20T13:37:12.072153004+01:00","level":"INFO","source":{"function":"github.com/FredericoBento/HandGame/internal/app/admin.(*AdminApp).Start","file":"/home/fredarch/Documents/Github/HandGame/internal/app/admin/admin.go","line":52},"msg":" - Ok"}
{"time":"2024-09-20T13:38:29.134243555+01:00","level":"INFO","source":{"function":"github.com/FredericoBento/HandGame/internal/app/admin.(*AdminApp).Stop","file":"/home/fredarch/Documents/Github/HandGame/internal/app/admin/admin.go","line":57},"msg":"StoppingAdmin App..."}
{"time":"2024-09-20T13:38:29.134267408+01:00","level":"INFO","source":{"function":"github.com/FredericoBento/HandGame/internal/app/admin.(*AdminApp).Stop","file":"/home/fredarch/Documents/Github/HandGame/internal/app/admin/admin.go","line":60},"msg":" - Ok"}
{"time":"2024-09-20T16:38:00.604520005+01:00","level":"INFO","source":{"function":"github.com/FredericoBento/HandGame/internal/app/admin.(*AdminApp).Start","file":"/home/fredarch/Documents/Github/HandGame/internal/app/admin/admin.go","line":45},"msg":"Starting Admin App..."}
{"time":"2024-09-20T16:38:00.604596408+01:00","level":"INFO","source":{"function":"github.com/FredericoBento/HandGame/internal/app/admin.(*AdminApp).Start","file":"/home/fredarch/Documents/Github/HandGame/internal/app/admin/admin.go","line":52},"msg":" - Ok"}
{"time":"2024-09-20T16:38:07.274417341+01:00","level":"INFO","source":{"function":"github.com/FredericoBento/HandGame/internal/app/admin.(*AdminApp).Stop","file":"/home/fredarch/Documents/Github/HandGame/internal/app/admin/admin.go","line":57},"msg":"StoppingAdmin App..."}
{"time":"2024-09-20T16:38:07.27445957+01:00","level":"INFO","source":{"function":"github.com/FredericoBento/HandGame/internal/app/admin.(*AdminApp).Stop","file":"/home/fredarch/Documents/Github/HandGame/internal/app/admin/admin.go","line":60},"msg":" - Ok"}
{"time":"2024-09-20T17:12:14.429865852+01:00","level":"INFO","source":{"function":"github.com/FredericoBento/HandGame/internal/app/admin.(*AdminApp).Start","file":"/home/fredarch/Documents/Github/HandGame/internal/app/admin/admin.go","line":45},"msg":"Starting Admin App..."}
{"time":"2024-09-20T17:12:14.429944392+01:00","level":"INFO","source":{"function":"github.com/FredericoBento/HandGame/internal/app/admin.(*AdminApp).Start","file":"/home/fredarch/Documents/Github/HandGame/internal/app/admin/admin.go","line":52},"msg":" - Ok"}
{"time":"2024-09-20T17:12:25.350441475+01:00","level":"INFO","source":{"function":"github.com/FredericoBento/HandGame/internal/app/admin.(*AdminApp).Stop","file":"/home/fredarch/Documents/Github/HandGame/internal/app/admin/admin.go","line":57},"msg":"StoppingAdmin App..."}
{"time":"2024-09-20T17:12:25.350450278+01:00","level":"INFO","source":{"function":"github.com/FredericoBento/HandGame/internal/app/admin.(*AdminApp).Stop","file":"/home/fredarch/Documents/Github/HandGame/internal/app/admin/admin.go","line":60},"msg":" - Ok"}
{"time":"2024-09-20T17:13:05.715049588+01:00","level":"INFO","source":{"function":"github.com/FredericoBento/HandGame/internal/app/admin.(*AdminApp).Start","file":"/home/fredarch/Documents/Github/HandGame/internal/app/admin/admin.go","line":45},"msg":"Starting Admin App..."}
{"time":"2024-09-20T17:13:05.715190265+01:00","level":"INFO","source":{"function":"github.com/FredericoBento/HandGame/internal/app/admin.(*AdminApp).Start","file":"/home/fredarch/Documents/Github/HandGame/internal/app/admin/admin.go","line":52},"msg":" - Ok"}
{"time":"2024-09-20T17:15:09.340400733+01:00","level":"INFO","source":{"function":"github.com/FredericoBento/HandGame/internal/app/admin.(*AdminApp).Stop","file":"/home/fredarch/Documents/Github/HandGame/internal/app/admin/admin.go","line":57},"msg":"StoppingAdmin App..."}
{"time":"2024-09-20T17:15:09.340427006+01:00","level":"INFO","source":{"function":"github.com/FredericoBento/HandGame/internal/app/admin.(*AdminApp).Stop","file":"/home/fredarch/Documents/Github/HandGame/internal/app/admin/admin.go","line":60},"msg":" - Ok"}
{"time":"2024-09-20T17:15:35.647369975+01:00","level":"INFO","source":{"function":"github.com/FredericoBento/HandGame/internal/app/admin.(*AdminApp).Start","file":"/home/fredarch/Documents/Github/HandGame/internal/app/admin/admin.go","line":45},"msg":"Starting Admin App..."}
{"time":"2024-09-20T17:15:35.647456045+01:00","level":"INFO","source":{"function":"github.com/FredericoBento/HandGame/internal/app/admin.(*AdminApp).Start","file":"/home/fredarch/Documents/Github/HandGame/internal/app/admin/admin.go","line":52},"msg":" - Ok"}
{"time":"2024-09-20T17:17:04.860316481+01:00","level":"INFO","source":{"function":"github.com/FredericoBento/HandGame/internal/app/admin.(*AdminApp).Stop","file":"/home/fredarch/Documents/Github/HandGame/internal/app/admin/admin.go","line":57},"msg":"StoppingAdmin App..."}
{"time":"2024-09-20T17:17:04.860392165+01:00","level":"INFO","source":{"function":"github.com/FredericoBento/HandGame/internal/app/admin.(*AdminApp).Stop","file":"/home/fredarch/Documents/Github/HandGame/internal/app/admin/admin.go","line":60},"msg":" - Ok"}
{"time":"2024-09-20T17:17:07.670390441+01:00","level":"INFO","source":{"function":"github.com/FredericoBento/HandGame/internal/app/admin.(*AdminApp).Start","file":"/home/fredarch/Documents/Github/HandGame/internal/app/admin/admin.go","line":45},"msg":"Starting Admin App..."}
{"time":"2024-09-20T17:17:07.670473125+01:00","level":"INFO","source":{"function":"github.com/FredericoBento/HandGame/internal/app/admin.(*AdminApp).Start","file":"/home/fredarch/Documents/Github/HandGame/internal/app/admin/admin.go","line":52},"msg":" - Ok"}
{"time":"2024-09-20T17:18:25.388661542+01:00","level":"INFO","source":{"function":"github.com/FredericoBento/HandGame/internal/app/admin.(*AdminApp).Stop","file":"/home/fredarch/Documents/Github/HandGame/internal/app/admin/admin.go","line":57},"msg":"StoppingAdmin App..."}
{"time":"2024-09-20T17:18:25.388687539+01:00","level":"INFO","source":{"function":"github.com/FredericoBento/HandGame/internal/app/admin.(*AdminApp).Stop","file":"/home/fredarch/Documents/Github/HandGame/internal/app/admin/admin.go","line":60},"msg":" - Ok"}
{"time":"2024-09-20T17:18:28.231933009+01:00","level":"INFO","source":{"function":"github.com/FredericoBento/HandGame/internal/app/admin.(*AdminApp).Start","file":"/home/fredarch/Documents/Github/HandGame/internal/app/admin/admin.go","line":45},"msg":"Starting Admin App..."}
{"time":"2024-09-20T17:18:28.232040625+01:00","level":"INFO","source":{"function":"github.com/FredericoBento/HandGame/internal/app/admin.(*AdminApp).Start","file":"/home/fredarch/Documents/Github/HandGame/internal/app/admin/admin.go","line":52},"msg":" - Ok"}
{"time":"2024-09-20T17:18:57.356538079+01:00","level":"INFO","source":{"function":"github.com/FredericoBento/HandGame/internal/app/admin.(*AdminApp).Stop","file":"/home/fredarch/Documents/Github/HandGame/internal/app/admin/admin.go","line":57},"msg":"StoppingAdmin App..."}
{"time":"2024-09-20T17:18:57.356613246+01:00","level":"INFO","source":{"function":"github.com/FredericoBento/HandGame/internal/app/admin.(*AdminApp).Stop","file":"/home/fredarch/Documents/Github/HandGame/internal/app/admin/admin.go","line":60},"msg":" - Ok"}
{"time":"2024-09-20T17:19:00.220175976+01:00","level":"INFO","source":{"function":"github.com/FredericoBento/HandGame/internal/app/admin.(*AdminApp).Start","file":"/home/fredarch/Documents/Github/HandGame/internal/app/admin/admin.go","line":45},"msg":"Starting Admin App..."}
{"time":"2024-09-20T17:19:00.220256445+01:00","level":"INFO","source":{"function":"github.com/FredericoBento/HandGame/internal/app/admin.(*AdminApp).Start","file":"/home/fredarch/Documents/Github/HandGame/internal/app/admin/admin.go","line":52},"msg":" - Ok"}
{"time":"2024-09-20T18:03:37.045150638+01:00","level":"INFO","source":{"function":"github.com/FredericoBento/HandGame/internal/app/admin.(*AdminApp).Stop","file":"/home/fredarch/Documents/Github/HandGame/internal/app/admin/admin.go","line":57},"msg":"StoppingAdmin App..."}
{"time":"2024-09-20T18:03:37.045159181+01:00","level":"INFO","source":{"function":"github.com/FredericoBento/HandGame/internal/app/admin.(*AdminApp).Stop","file":"/home/fredarch/Documents/Github/HandGame/internal/app/admin/admin.go","line":60},"msg":" - Ok"}
{"time":"2024-09-20T18:03:38.994218259+01:00","level":"INFO","source":{"function":"github.com/FredericoBento/HandGame/internal/app/admin.(*AdminApp).Start","file":"/home/fredarch/Documents/Github/HandGame/internal/app/admin/admin.go","line":45},"msg":"Starting Admin App..."}
{"time":"2024-09-20T18:03:38.994301616+01:00","level":"INFO","source":{"function":"github.com/FredericoBento/HandGame/internal/app/admin.(*AdminApp).Start","file":"/home/fredarch/Documents/Github/HandGame/internal/app/admin/admin.go","line":52},"msg":" - Ok"}
{"time":"2024-09-20T18:05:24.67821318+01:00","level":"INFO","source":{"function":"github.com/FredericoBento/HandGame/internal/app/admin.(*AdminApp).Stop","file":"/home/fredarch/Documents/Github/HandGame/internal/app/admin/admin.go","line":57},"msg":"StoppingAdmin App..."}
{"time":"2024-09-20T18:05:24.678239446+01:00","level":"INFO","source":{"function":"github.com/FredericoBento/HandGame/internal/app/admin.(*AdminApp).Stop","file":"/home/fredarch/Documents/Github/HandGame/internal/app/admin/admin.go","line":60},"msg":" - Ok"}
{"time":"2024-09-20T18:05:27.840310569+01:00","level":"INFO","source":{"function":"github.com/FredericoBento/HandGame/internal/app/admin.(*AdminApp).Start","file":"/home/fredarch/Documents/Github/HandGame/internal/app/admin/admin.go","line":45},"msg":"Starting Admin App..."}
{"time":"2024-09-20T18:05:27.840397287+01:00","level":"INFO","source":{"function":"github.com/FredericoBento/HandGame/internal/app/admin.(*AdminApp).Start","file":"/home/fredarch/Documents/Github/HandGame/internal/app/admin/admin.go","line":52},"msg":" - Ok"}
{"time":"2024-09-20T18:05:36.926535284+01:00","level":"INFO","source":{"function":"github.com/FredericoBento/HandGame/internal/app/admin.(*AdminApp).Stop","file":"/home/fredarch/Documents/Github/HandGame/internal/app/admin/admin.go","line":57},"msg":"StoppingAdmin App..."}
{"time":"2024-09-20T18:05:36.926558567+01:00","level":"INFO","source":{"function":"github.com/FredericoBento/HandGame/internal/app/admin.(*AdminApp).Stop","file":"/home/fredarch/Documents/Github/HandGame/internal/app/admin/admin.go","line":60},"msg":" - Ok"}
{"time":"2024-09-20T18:05:41.023844719+01:00","level":"INFO","source":{"function":"github.com/FredericoBento/HandGame/internal/app/admin.(*AdminApp).Start","file":"/home/fredarch/Documents/Github/HandGame/internal/app/admin/admin.go","line":45},"msg":"Starting Admin App..."}
{"time":"2024-09-20T18:05:41.023965696+01:00","level":"INFO","source":{"function":"github.com/FredericoBento/HandGame/internal/app/admin.(*AdminApp).Start","file":"/home/fredarch/Documents/Github/HandGame/internal/app/admin/admin.go","line":52},"msg":" - Ok"}
{"time":"2024-09-20T18:05:45.013832572+01:00","level":"INFO","source":{"function":"github.com/FredericoBento/HandGame/internal/app/admin.(*AdminApp).Stop","file":"/home/fredarch/Documents/Github/HandGame/internal/app/admin/admin.go","line":57},"msg":"StoppingAdmin App..."}
{"time":"2024-09-20T18:05:45.013912351+01:00","level":"INFO","source":{"function":"github.com/FredericoBento/HandGame/internal/app/admin.(*AdminApp).Stop","file":"/home/fredarch/Documents/Github/HandGame/internal/app/admin/admin.go","line":60},"msg":" - Ok"}
{"time":"2024-09-20T18:09:57.172139816+01:00","level":"INFO","source":{"function":"github.com/FredericoBento/HandGame/internal/app/admin.(*AdminApp).Start","file":"/home/fredarch/Documents/Github/HandGame/internal/app/admin/admin.go","line":45},"msg":"Starting Admin App..."}
{"time":"2024-09-20T18:09:57.172226318+01:00","level":"INFO","source":{"function":"github.com/FredericoBento/HandGame/internal/app/admin.(*AdminApp).Start","file":"/home/fredarch/Documents/Github/HandGame/internal/app/admin/admin.go","line":52},"msg":" - Ok"}
{"time":"2024-09-20T18:11:23.574165981+01:00","level":"INFO","source":{"function":"github.com/FredericoBento/HandGame/internal/app/admin.(*AdminApp).Stop","file":"/home/fredarch/Documents/Github/HandGame/internal/app/admin/admin.go","line":57},"msg":"StoppingAdmin App..."}
{"time":"2024-09-20T18:11:23.57417534+01:00","level":"INFO","source":{"function":"github.com/FredericoBento/HandGame/internal/app/admin.(*AdminApp).Stop","file":"/home/fredarch/Documents/Github/HandGame/internal/app/admin/admin.go","line":60},"msg":" - Ok"}
{"time":"2024-09-20T18:11:27.241952789+01:00","level":"INFO","source":{"function":"github.com/FredericoBento/HandGame/internal/app/admin.(*AdminApp).Start","file":"/home/fredarch/Documents/Github/HandGame/internal/app/admin/admin.go","line":45},"msg":"Starting Admin App..."}
{"time":"2024-09-20T18:11:27.24206352+01:00","level":"INFO","source":{"function":"github.com/FredericoBento/HandGame/internal/app/admin.(*AdminApp).Start","file":"/home/fredarch/Documents/Github/HandGame/internal/app/admin/admin.go","line":52},"msg":" - Ok"}
{"time":"2024-09-20T18:13:24.182136587+01:00","level":"INFO","source":{"function":"github.com/FredericoBento/HandGame/internal/app/admin.(*AdminApp).Stop","file":"/home/fredarch/Documents/Github/HandGame/internal/app/admin/admin.go","line":57},"msg":"StoppingAdmin App..."}
{"time":"2024-09-20T18:13:24.182223004+01:00","level":"INFO","source":{"function":"github.com/FredericoBento/HandGame/internal/app/admin.(*AdminApp).Stop","file":"/home/fredarch/Documents/Github/HandGame/internal/app/admin/admin.go","line":60},"msg":" - Ok"}
{"time":"2024-09-20T18:13:28.092922288+01:00","level":"INFO","source":{"function":"github.com/FredericoBento/HandGame/internal/app/admin.(*AdminApp).Start","file":"/home/fredarch/Documents/Github/HandGame/internal/app/admin/admin.go","line":45},"msg":"Starting Admin App..."}
{"time":"2024-09-20T18:13:28.093017832+01:00","level":"INFO","source":{"function":"github.com/FredericoBento/HandGame/internal/app/admin.(*AdminApp).Start","file":"/home/fredarch/Documents/Github/HandGame/internal/app/admin/admin.go","line":52},"msg":" - Ok"}
{"time":"2024-09-20T18:15:02.877952934+01:00","level":"INFO","source":{"function":"github.com/FredericoBento/HandGame/internal/app/admin.(*AdminApp).Stop","file":"/home/fredarch/Documents/Github/HandGame/internal/app/admin/admin.go","line":57},"msg":"StoppingAdmin App..."}
{"time":"2024-09-20T18:15:02.877961629+01:00","level":"INFO","source":{"function":"github.com/FredericoBento/HandGame/internal/app/admin.(*AdminApp).Stop","file":"/home/fredarch/Documents/Github/HandGame/internal/app/admin/admin.go","line":60},"msg":" - Ok"}
{"time":"2024-09-20T18:15:07.515291923+01:00","level":"INFO","source":{"function":"github.com/FredericoBento/HandGame/internal/app/admin.(*AdminApp).Start","file":"/home/fredarch/Documents/Github/HandGame/internal/app/admin/admin.go","line":45},"msg":"Starting Admin App..."}
{"time":"2024-09-20T18:15:07.515408004+01:00","level":"INFO","source":{"function":"github.com/FredericoBento/HandGame/internal/app/admin.(*AdminApp).Start","file":"/home/fredarch/Documents/Github/HandGame/internal/app/admin/admin.go","line":52},"msg":" - Ok"}
{"time":"2024-09-20T18:23:44.726260426+01:00","level":"INFO","source":{"function":"github.com/FredericoBento/HandGame/internal/app/admin.(*AdminApp).Stop","file":"/home/fredarch/Documents/Github/HandGame/internal/app/admin/admin.go","line":57},"msg":"StoppingAdmin App..."}
{"time":"2024-09-20T18:23:44.726297445+01:00","level":"INFO","source":{"function":"github.com/FredericoBento/HandGame/internal/app/admin.(*AdminApp).Stop","file":"/home/fredarch/Documents/Github/HandGame/internal/app/admin/admin.go","line":60},"msg":" - Ok"}
{"time":"2024-09-20T18:23:49.246645827+01:00","level":"INFO","source":{"function":"github.com/FredericoBento/HandGame/internal/app/admin.(*AdminApp).Start","file":"/home/fredarch/Documents/Github/HandGame/internal/app/admin/admin.go","line":45},"msg":"Starting Admin App..."}
{"time":"2024-09-20T18:23:49.246794416+01:00","level":"INFO","source":{"function":"github.com/FredericoBento/HandGame/internal/app/admin.(*AdminApp).Start","file":"/home/fredarch/Documents/Github/HandGame/internal/app/admin/admin.go","line":52},"msg":" - Ok"}
{"time":"2024-09-20T18:24:25.494416485+01:00","level":"INFO","source":{"function":"github.com/FredericoBento/HandGame/internal/app/admin.(*AdminApp).Stop","file":"/home/fredarch/Documents/Github/HandGame/internal/app/admin/admin.go","line":57},"msg":"StoppingAdmin App..."}
{"time":"2024-09-20T18:24:25.494456648+01:00","level":"INFO","source":{"function":"github.com/FredericoBento/HandGame/internal/app/admin.(*AdminApp).Stop","file":"/home/fredarch/Documents/Github/HandGame/internal/app/admin/admin.go","line":60},"msg":" - Ok"}
{"time":"2024-09-20T18:24:31.523006711+01:00","level":"INFO","source":{"function":"github.com/FredericoBento/HandGame/internal/app/admin.(*AdminApp).Start","file":"/home/fredarch/Documents/Github/HandGame/internal/app/admin/admin.go","line":45},"msg":"Starting Admin App..."}
{"time":"2024-09-20T18:24:31.523108856+01:00","level":"INFO","source":{"function":"github.com/FredericoBento/HandGame/internal/app/admin.(*AdminApp).Start","file":"/home/fredarch/Documents/Github/HandGame/internal/app/admin/admin.go","line":52},"msg":" - Ok"}
{"time":"2024-09-20T18:24:58.606349463+01:00","level":"INFO","source":{"function":"github.com/FredericoBento/HandGame/internal/app/admin.(*AdminApp).Stop","file":"/home/fredarch/Documents/Github/HandGame/internal/app/admin/admin.go","line":57},"msg":"StoppingAdmin App..."}
{"time":"2024-09-20T18:24:58.606357898+01:00","level":"INFO","source":{"function":"github.com/FredericoBento/HandGame/internal/app/admin.(*AdminApp).Stop","file":"/home/fredarch/Documents/Github/HandGame/internal/app/admin/admin.go","line":60},"msg":" - Ok"}
{"time":"2024-09-20T18:25:03.244285088+01:00","level":"INFO","source":{"function":"github.com/FredericoBento/HandGame/internal/app/admin.(*AdminApp).Start","file":"/home/fredarch/Documents/Github/HandGame/internal/app/admin/admin.go","line":45},"msg":"Starting Admin App..."}
{"time":"2024-09-20T18:25:03.24439734+01:00","level":"INFO","source":{"function":"github.com/FredericoBento/HandGame/internal/app/admin.(*AdminApp).Start","file":"/home/fredarch/Documents/Github/HandGame/internal/app/admin/admin.go","line":52},"msg":" - Ok"}
{"time":"2024-09-20T18:26:23.302670795+01:00","level":"INFO","source":{"function":"github.com/FredericoBento/HandGame/internal/app/admin.(*AdminApp).Stop","file":"/home/fredarch/Documents/Github/HandGame/internal/app/admin/admin.go","line":57},"msg":"StoppingAdmin App..."}
{"time":"2024-09-20T18:26:23.302788542+01:00","level":"INFO","source":{"function":"github.com/FredericoBento/HandGame/internal/app/admin.(*AdminApp).Stop","file":"/home/fredarch/Documents/Github/HandGame/internal/app/admin/admin.go","line":60},"msg":" - Ok"}
{"time":"2024-09-20T18:26:27.959996072+01:00","level":"INFO","source":{"function":"github.com/FredericoBento/HandGame/internal/app/admin.(*AdminApp).Start","file":"/home/fredarch/Documents/Github/HandGame/internal/app/admin/admin.go","line":45},"msg":"Starting Admin App..."}
{"time":"2024-09-20T18:26:27.960078124+01:00","level":"INFO","source":{"function":"github.com/FredericoBento/HandGame/internal/app/admin.(*AdminApp).Start","file":"/home/fredarch/Documents/Github/HandGame/internal/app/admin/admin.go","line":52},"msg":" - Ok"}
{"time":"2024-09-20T18:27:18.207270421+01:00","level":"INFO","source":{"function":"github.com/FredericoBento/HandGame/internal/app/admin.(*AdminApp).Stop","file":"/home/fredarch/Documents/Github/HandGame/internal/app/admin/admin.go","line":57},"msg":"StoppingAdmin App..."}
{"time":"2024-09-20T18:27:18.20729586+01:00","level":"INFO","source":{"function":"github.com/FredericoBento/HandGame/internal/app/admin.(*AdminApp).Stop","file":"/home/fredarch/Documents/Github/HandGame/internal/app/admin/admin.go","line":60},"msg":" - Ok"}
{"time":"2024-09-20T18:27:21.694807266+01:00","level":"INFO","source":{"function":"github.com/FredericoBento/HandGame/internal/app/admin.(*AdminApp).Start","file":"/home/fredarch/Documents/Github/HandGame/internal/app/admin/admin.go","line":45},"msg":"Starting Admin App..."}
{"time":"2024-09-20T18:27:21.694892246+01:00","level":"INFO","source":{"function":"github.com/FredericoBento/HandGame/internal/app/admin.(*AdminApp).Start","file":"/home/fredarch/Documents/Github/HandGame/internal/app/admin/admin.go","line":52},"msg":" - Ok"}
{"time":"2024-09-20T18:29:24.246752589+01:00","level":"INFO","source":{"function":"github.com/FredericoBento/HandGame/internal/app/admin.(*AdminApp).Stop","file":"/home/fredarch/Documents/Github/HandGame/internal/app/admin/admin.go","line":57},"msg":"StoppingAdmin App..."}
{"time":"2024-09-20T18:29:24.246845577+01:00","level":"INFO","source":{"function":"github.com/FredericoBento/HandGame/internal/app/admin.(*AdminApp).Stop","file":"/home/fredarch/Documents/Github/HandGame/internal/app/admin/admin.go","line":60},"msg":" - Ok"}
{"time":"2024-09-20T18:29:42.576793141+01:00","level":"INFO","source":{"function":"github.com/FredericoBento/HandGame/internal/app/admin.(*AdminApp).Start","file":"/home/fredarch/Documents/Github/HandGame/internal/app/admin/admin.go","line":45},"msg":"Starting Admin App..."}
{"time":"2024-09-20T18:29:42.576915814+01:00","level":"INFO","source":{"function":"github.com/FredericoBento/HandGame/internal/app/admin.(*AdminApp).Start","file":"/home/fredarch/Documents/Github/HandGame/internal/app/admin/admin.go","line":52},"msg":" - Ok"}
{"time":"2024-09-20T18:31:30.950789955+01:00","level":"INFO","source":{"function":"github.com/FredericoBento/HandGame/internal/app/admin.(*AdminApp).Stop","file":"/home/fredarch/Documents/Github/HandGame/internal/app/admin/admin.go","line":57},"msg":"StoppingAdmin App..."}
{"time":"2024-09-20T18:31:30.95081559+01:00","level":"INFO","source":{"function":"github.com/FredericoBento/HandGame/internal/app/admin.(*AdminApp).Stop","file":"/home/fredarch/Documents/Github/HandGame/internal/app/admin/admin.go","line":60},"msg":" - Ok"}
{"time":"2024-09-20T18:31:35.111262172+01:00","level":"INFO","source":{"function":"github.com/FredericoBento/HandGame/internal/app/admin.(*AdminApp).Start","file":"/home/fredarch/Documents/Github/HandGame/internal/app/admin/admin.go","line":45},"msg":"Starting Admin App..."}
{"time":"2024-09-20T18:31:35.111347067+01:00","level":"INFO","source":{"function":"github.com/FredericoBento/HandGame/internal/app/admin.(*AdminApp).Start","file":"/home/fredarch/Documents/Github/HandGame/internal/app/admin/admin.go","line":52},"msg":" - Ok"}
