time=2024-09-16T16:03:50.008+01:00 level=INFO msg="Starting DummyApp App..." App=DummyApp
time=2024-09-16T16:03:50.008+01:00 level=INFO msg=" - Ok" App=DummyApp
time=2024-09-16T16:07:34.377+01:00 level=INFO msg="Stopping DummyApp App..." App=DummyApp
time=2024-09-16T16:07:34.377+01:00 level=INFO msg=" - Ok" App=DummyApp
time=2024-09-16T16:07:51.553+01:00 level=INFO source=/home/fredarch/Documents/Github/HandGame/internal/app/dummyapp/dummyapp.go:40 msg="Starting DummyApp App..." App=DummyApp
time=2024-09-16T16:07:51.553+01:00 level=INFO source=/home/fredarch/Documents/Github/HandGame/internal/app/dummyapp/dummyapp.go:42 msg=" - Ok" App=DummyApp
time=2024-09-16T16:09:13.366+01:00 level=INFO source=/home/fredarch/Documents/Github/HandGame/internal/app/dummyapp/dummyapp.go:47 msg="Stopping DummyApp App..." App=DummyApp
time=2024-09-16T16:09:13.366+01:00 level=INFO source=/home/fredarch/Documents/Github/HandGame/internal/app/dummyapp/dummyapp.go:49 msg=" - Ok" App=DummyApp
time=2024-09-16T16:09:25.526+01:00 level=INFO source=/home/fredarch/Documents/Github/HandGame/internal/app/dummyapp/dummyapp.go:47 msg="Stopping DummyApp App..."
time=2024-09-16T16:09:25.526+01:00 level=INFO source=/home/fredarch/Documents/Github/HandGame/internal/app/dummyapp/dummyapp.go:49 msg=" - Ok"
time=2024-09-16T16:09:29.611+01:00 level=INFO source=/home/fredarch/Documents/Github/HandGame/internal/app/dummyapp/dummyapp.go:40 msg="Starting DummyApp App..."
time=2024-09-16T16:09:29.611+01:00 level=INFO source=/home/fredarch/Documents/Github/HandGame/internal/app/dummyapp/dummyapp.go:42 msg=" - Ok"
time=2024-09-16T16:09:52.886+01:00 level=INFO source=/home/fredarch/Documents/Github/HandGame/internal/app/dummyapp/dummyapp.go:47 msg="Stopping DummyApp App..."
time=2024-09-16T16:09:52.886+01:00 level=INFO source=/home/fredarch/Documents/Github/HandGame/internal/app/dummyapp/dummyapp.go:49 msg=" - Ok"
time=2024-09-16T16:18:56.595+01:00 level=INFO source=/home/fredarch/Documents/Github/HandGame/internal/app/dummyapp/dummyapp.go:47 msg="Stopping DummyApp App..."
time=2024-09-16T16:18:56.595+01:00 level=INFO source=/home/fredarch/Documents/Github/HandGame/internal/app/dummyapp/dummyapp.go:49 msg=" - Ok"
time=2024-09-16T16:20:32.644+01:00 level=INFO source=/home/fredarch/Documents/Github/HandGame/internal/app/dummyapp/dummyapp.go:47 msg="Stopping DummyApp App..."
time=2024-09-16T16:20:32.644+01:00 level=INFO source=/home/fredarch/Documents/Github/HandGame/internal/app/dummyapp/dummyapp.go:49 msg=" - Ok"
time=2024-09-16T16:40:46.588+01:00 level=INFO source=/home/fredarch/Documents/Github/HandGame/internal/app/dummyapp/dummyapp.go:47 msg="Stopping DummyApp App..."
time=2024-09-16T16:40:46.588+01:00 level=INFO source=/home/fredarch/Documents/Github/HandGame/internal/app/dummyapp/dummyapp.go:49 msg=" - Ok"
time=2024-09-16T16:41:01.708+01:00 level=INFO source=/home/fredarch/Documents/Github/HandGame/internal/app/dummyapp/dummyapp.go:47 msg="Stopping DummyApp App..."
time=2024-09-16T16:41:01.708+01:00 level=INFO source=/home/fredarch/Documents/Github/HandGame/internal/app/dummyapp/dummyapp.go:49 msg=" - Ok"
time=2024-09-16T16:46:07.706+01:00 level=INFO source=/home/fredarch/Documents/Github/HandGame/internal/app/dummyapp/dummyapp.go:40 msg="Starting DummyApp App..."
time=2024-09-16T16:46:07.706+01:00 level=INFO source=/home/fredarch/Documents/Github/HandGame/internal/app/dummyapp/dummyapp.go:42 msg=" - Ok"
time=2024-09-16T16:46:08.476+01:00 level=INFO source=/home/fredarch/Documents/Github/HandGame/internal/app/dummyapp/dummyapp.go:47 msg="Stopping DummyApp App..."
time=2024-09-16T16:46:08.476+01:00 level=INFO source=/home/fredarch/Documents/Github/HandGame/internal/app/dummyapp/dummyapp.go:49 msg=" - Ok"
time=2024-09-16T16:46:09.377+01:00 level=INFO source=/home/fredarch/Documents/Github/HandGame/internal/app/dummyapp/dummyapp.go:57 msg="Resuming %d App..." !BADKEY=DummyApp
time=2024-09-16T16:46:09.377+01:00 level=INFO source=/home/fredarch/Documents/Github/HandGame/internal/app/dummyapp/dummyapp.go:59 msg=" - Ok"
time=2024-09-16T16:57:06.755+01:00 level=INFO source=/home/fredarch/Documents/Github/HandGame/internal/app/dummyapp/dummyapp.go:47 msg="Stopping DummyApp App..."
time=2024-09-16T16:57:06.755+01:00 level=INFO source=/home/fredarch/Documents/Github/HandGame/internal/app/dummyapp/dummyapp.go:49 msg=" - Ok"
time=2024-09-16T17:05:07.479+01:00 level=INFO source=/home/fredarch/Documents/Github/HandGame/internal/app/dummyapp/dummyapp.go:47 msg="Stopping DummyApp App..."
time=2024-09-16T17:05:07.479+01:00 level=INFO source=/home/fredarch/Documents/Github/HandGame/internal/app/dummyapp/dummyapp.go:49 msg=" - Ok"
time=2024-09-16T17:10:04.837+01:00 level=INFO source=/home/fredarch/Documents/Github/HandGame/internal/app/dummyapp/dummyapp.go:47 msg="Stopping DummyApp App..."
time=2024-09-16T17:10:04.837+01:00 level=INFO source=/home/fredarch/Documents/Github/HandGame/internal/app/dummyapp/dummyapp.go:49 msg=" - Ok"
time=2024-09-16T17:14:02.379+01:00 level=INFO source=/home/fredarch/Documents/Github/HandGame/internal/app/dummyapp/dummyapp.go:47 msg="Stopping DummyApp App..."
time=2024-09-16T17:14:02.379+01:00 level=INFO source=/home/fredarch/Documents/Github/HandGame/internal/app/dummyapp/dummyapp.go:49 msg=" - Ok"
time=2024-09-16T17:16:57.108+01:00 level=INFO source=/home/fredarch/Documents/Github/HandGame/internal/app/dummyapp/dummyapp.go:47 msg="Stopping DummyApp App..."
time=2024-09-16T17:16:57.108+01:00 level=INFO source=/home/fredarch/Documents/Github/HandGame/internal/app/dummyapp/dummyapp.go:49 msg=" - Ok"
time=2024-09-16T17:18:04.179+01:00 level=INFO source=/home/fredarch/Documents/Github/HandGame/internal/app/dummyapp/dummyapp.go:47 msg="Stopping DummyApp App..."
time=2024-09-16T17:18:04.179+01:00 level=INFO source=/home/fredarch/Documents/Github/HandGame/internal/app/dummyapp/dummyapp.go:49 msg=" - Ok"
time=2024-09-16T17:20:16.766+01:00 level=INFO source=/home/fredarch/Documents/Github/HandGame/internal/app/dummyapp/dummyapp.go:47 msg="Stopping DummyApp App..."
time=2024-09-16T17:20:16.766+01:00 level=INFO source=/home/fredarch/Documents/Github/HandGame/internal/app/dummyapp/dummyapp.go:49 msg=" - Ok"
time=2024-09-16T17:20:59.233+01:00 level=INFO source=/home/fredarch/Documents/Github/HandGame/internal/app/dummyapp/dummyapp.go:47 msg="Stopping DummyApp App..."
time=2024-09-16T17:20:59.233+01:00 level=INFO source=/home/fredarch/Documents/Github/HandGame/internal/app/dummyapp/dummyapp.go:49 msg=" - Ok"
time=2024-09-16T17:24:18.784+01:00 level=INFO source=/home/fredarch/Documents/Github/HandGame/internal/app/dummyapp/dummyapp.go:47 msg="Stopping DummyApp App..."
time=2024-09-16T17:24:18.784+01:00 level=INFO source=/home/fredarch/Documents/Github/HandGame/internal/app/dummyapp/dummyapp.go:49 msg=" - Ok"
time=2024-09-16T17:24:50.792+01:00 level=INFO source=/home/fredarch/Documents/Github/HandGame/internal/app/dummyapp/dummyapp.go:47 msg="Stopping DummyApp App..."
time=2024-09-16T17:24:50.792+01:00 level=INFO source=/home/fredarch/Documents/Github/HandGame/internal/app/dummyapp/dummyapp.go:49 msg=" - Ok"
time=2024-09-16T17:27:20.016+01:00 level=INFO source=/home/fredarch/Documents/Github/HandGame/internal/app/dummyapp/dummyapp.go:47 msg="Stopping DummyApp App..."
time=2024-09-16T17:27:20.016+01:00 level=INFO source=/home/fredarch/Documents/Github/HandGame/internal/app/dummyapp/dummyapp.go:49 msg=" - Ok"
time=2024-09-16T17:28:43.911+01:00 level=INFO source=/home/fredarch/Documents/Github/HandGame/internal/app/dummyapp/dummyapp.go:47 msg="Stopping DummyApp App..."
time=2024-09-16T17:28:43.911+01:00 level=INFO source=/home/fredarch/Documents/Github/HandGame/internal/app/dummyapp/dummyapp.go:49 msg=" - Ok"
time=2024-09-16T17:29:04.023+01:00 level=INFO source=/home/fredarch/Documents/Github/HandGame/internal/app/dummyapp/dummyapp.go:47 msg="Stopping DummyApp App..."
time=2024-09-16T17:29:04.023+01:00 level=INFO source=/home/fredarch/Documents/Github/HandGame/internal/app/dummyapp/dummyapp.go:49 msg=" - Ok"
time=2024-09-16T17:29:57.384+01:00 level=INFO source=/home/fredarch/Documents/Github/HandGame/internal/app/dummyapp/dummyapp.go:47 msg="Stopping DummyApp App..."
time=2024-09-16T17:29:57.384+01:00 level=INFO source=/home/fredarch/Documents/Github/HandGame/internal/app/dummyapp/dummyapp.go:49 msg=" - Ok"
time=2024-09-16T17:30:49.966+01:00 level=INFO source=/home/fredarch/Documents/Github/HandGame/internal/app/dummyapp/dummyapp.go:47 msg="Stopping DummyApp App..."
time=2024-09-16T17:30:49.966+01:00 level=INFO source=/home/fredarch/Documents/Github/HandGame/internal/app/dummyapp/dummyapp.go:49 msg=" - Ok"
time=2024-09-16T17:30:53.967+01:00 level=INFO source=/home/fredarch/Documents/Github/HandGame/internal/app/dummyapp/dummyapp.go:40 msg="Starting DummyApp App..."
time=2024-09-16T17:30:53.967+01:00 level=INFO source=/home/fredarch/Documents/Github/HandGame/internal/app/dummyapp/dummyapp.go:42 msg=" - Ok"
time=2024-09-16T17:31:39.822+01:00 level=INFO source=/home/fredarch/Documents/Github/HandGame/internal/app/dummyapp/dummyapp.go:47 msg="Stopping DummyApp App..."
time=2024-09-16T17:31:39.822+01:00 level=INFO source=/home/fredarch/Documents/Github/HandGame/internal/app/dummyapp/dummyapp.go:49 msg=" - Ok"
time=2024-09-16T17:33:08.174+01:00 level=INFO source=/home/fredarch/Documents/Github/HandGame/internal/app/dummyapp/dummyapp.go:47 msg="Stopping DummyApp App..."
time=2024-09-16T17:33:08.174+01:00 level=INFO source=/home/fredarch/Documents/Github/HandGame/internal/app/dummyapp/dummyapp.go:49 msg=" - Ok"
time=2024-09-16T17:34:45.334+01:00 level=INFO source=/home/fredarch/Documents/Github/HandGame/internal/app/dummyapp/dummyapp.go:47 msg="Stopping DummyApp App..."
time=2024-09-16T17:34:45.334+01:00 level=INFO source=/home/fredarch/Documents/Github/HandGame/internal/app/dummyapp/dummyapp.go:49 msg=" - Ok"
time=2024-09-16T17:36:37.701+01:00 level=INFO source=/home/fredarch/Documents/Github/HandGame/internal/app/dummyapp/dummyapp.go:47 msg="Stopping DummyApp App..."
time=2024-09-16T17:36:37.701+01:00 level=INFO source=/home/fredarch/Documents/Github/HandGame/internal/app/dummyapp/dummyapp.go:49 msg=" - Ok"
time=2024-09-16T17:37:02.854+01:00 level=INFO source=/home/fredarch/Documents/Github/HandGame/internal/app/dummyapp/dummyapp.go:47 msg="Stopping DummyApp App..."
time=2024-09-16T17:37:02.854+01:00 level=INFO source=/home/fredarch/Documents/Github/HandGame/internal/app/dummyapp/dummyapp.go:49 msg=" - Ok"
time=2024-09-16T17:37:33.381+01:00 level=INFO source=/home/fredarch/Documents/Github/HandGame/internal/app/dummyapp/dummyapp.go:47 msg="Stopping DummyApp App..."
time=2024-09-16T17:37:33.381+01:00 level=INFO source=/home/fredarch/Documents/Github/HandGame/internal/app/dummyapp/dummyapp.go:49 msg=" - Ok"
time=2024-09-16T17:38:21.773+01:00 level=INFO source=/home/fredarch/Documents/Github/HandGame/internal/app/dummyapp/dummyapp.go:47 msg="Stopping DummyApp App..."
time=2024-09-16T17:38:21.773+01:00 level=INFO source=/home/fredarch/Documents/Github/HandGame/internal/app/dummyapp/dummyapp.go:49 msg=" - Ok"
time=2024-09-16T17:39:41.549+01:00 level=INFO source=/home/fredarch/Documents/Github/HandGame/internal/app/dummyapp/dummyapp.go:47 msg="Stopping DummyApp App..."
time=2024-09-16T17:39:41.549+01:00 level=INFO source=/home/fredarch/Documents/Github/HandGame/internal/app/dummyapp/dummyapp.go:49 msg=" - Ok"
time=2024-09-16T17:40:37.836+01:00 level=INFO source=/home/fredarch/Documents/Github/HandGame/internal/app/dummyapp/dummyapp.go:47 msg="Stopping DummyApp App..."
time=2024-09-16T17:40:37.836+01:00 level=INFO source=/home/fredarch/Documents/Github/HandGame/internal/app/dummyapp/dummyapp.go:49 msg=" - Ok"
time=2024-09-16T17:41:10.724+01:00 level=INFO source=/home/fredarch/Documents/Github/HandGame/internal/app/dummyapp/dummyapp.go:47 msg="Stopping DummyApp App..."
time=2024-09-16T17:41:10.724+01:00 level=INFO source=/home/fredarch/Documents/Github/HandGame/internal/app/dummyapp/dummyapp.go:49 msg=" - Ok"
time=2024-09-16T17:42:02.060+01:00 level=INFO source=/home/fredarch/Documents/Github/HandGame/internal/app/dummyapp/dummyapp.go:47 msg="Stopping DummyApp App..."
time=2024-09-16T17:42:02.060+01:00 level=INFO source=/home/fredarch/Documents/Github/HandGame/internal/app/dummyapp/dummyapp.go:49 msg=" - Ok"
time=2024-09-16T17:42:56.132+01:00 level=INFO source=/home/fredarch/Documents/Github/HandGame/internal/app/dummyapp/dummyapp.go:47 msg="Stopping DummyApp App..."
time=2024-09-16T17:42:56.132+01:00 level=INFO source=/home/fredarch/Documents/Github/HandGame/internal/app/dummyapp/dummyapp.go:49 msg=" - Ok"
time=2024-09-16T17:43:28.604+01:00 level=INFO source=/home/fredarch/Documents/Github/HandGame/internal/app/dummyapp/dummyapp.go:47 msg="Stopping DummyApp App..."
time=2024-09-16T17:43:28.604+01:00 level=INFO source=/home/fredarch/Documents/Github/HandGame/internal/app/dummyapp/dummyapp.go:49 msg=" - Ok"
time=2024-09-16T17:44:55.859+01:00 level=INFO source=/home/fredarch/Documents/Github/HandGame/internal/app/dummyapp/dummyapp.go:47 msg="Stopping DummyApp App..."
time=2024-09-16T17:44:55.859+01:00 level=INFO source=/home/fredarch/Documents/Github/HandGame/internal/app/dummyapp/dummyapp.go:49 msg=" - Ok"
time=2024-09-16T17:47:14.851+01:00 level=INFO source=/home/fredarch/Documents/Github/HandGame/internal/app/dummyapp/dummyapp.go:47 msg="Stopping DummyApp App..."
time=2024-09-16T17:47:14.851+01:00 level=INFO source=/home/fredarch/Documents/Github/HandGame/internal/app/dummyapp/dummyapp.go:49 msg=" - Ok"
time=2024-09-16T17:47:27.218+01:00 level=INFO source=/home/fredarch/Documents/Github/HandGame/internal/app/dummyapp/dummyapp.go:47 msg="Stopping DummyApp App..."
time=2024-09-16T17:47:27.219+01:00 level=INFO source=/home/fredarch/Documents/Github/HandGame/internal/app/dummyapp/dummyapp.go:49 msg=" - Ok"
time=2024-09-16T17:53:52.681+01:00 level=INFO source=/home/fredarch/Documents/Github/HandGame/internal/app/dummyapp/dummyapp.go:47 msg="Stopping DummyApp App..."
time=2024-09-16T17:53:52.681+01:00 level=INFO source=/home/fredarch/Documents/Github/HandGame/internal/app/dummyapp/dummyapp.go:49 msg=" - Ok"
time=2024-09-16T17:54:09.618+01:00 level=INFO source=/home/fredarch/Documents/Github/HandGame/internal/app/dummyapp/dummyapp.go:47 msg="Stopping DummyApp App..."
time=2024-09-16T17:54:09.618+01:00 level=INFO source=/home/fredarch/Documents/Github/HandGame/internal/app/dummyapp/dummyapp.go:49 msg=" - Ok"
time=2024-09-16T18:09:51.596+01:00 level=INFO source=/home/fredarch/Documents/Github/HandGame/internal/app/dummyapp/dummyapp.go:47 msg="Stopping DummyApp App..."
time=2024-09-16T18:09:51.596+01:00 level=INFO source=/home/fredarch/Documents/Github/HandGame/internal/app/dummyapp/dummyapp.go:49 msg=" - Ok"
time=2024-09-16T18:16:59.162+01:00 level=INFO source=/home/fredarch/Documents/Github/HandGame/internal/app/dummyapp/dummyapp.go:47 msg="Stopping DummyApp App..."
time=2024-09-16T18:16:59.162+01:00 level=INFO source=/home/fredarch/Documents/Github/HandGame/internal/app/dummyapp/dummyapp.go:49 msg=" - Ok"
time=2024-09-16T18:17:18.010+01:00 level=INFO source=/home/fredarch/Documents/Github/HandGame/internal/app/dummyapp/dummyapp.go:47 msg="Stopping DummyApp App..."
time=2024-09-16T18:17:18.010+01:00 level=INFO source=/home/fredarch/Documents/Github/HandGame/internal/app/dummyapp/dummyapp.go:49 msg=" - Ok"
time=2024-09-16T18:20:58.857+01:00 level=INFO source=/home/fredarch/Documents/Github/HandGame/internal/app/dummyapp/dummyapp.go:47 msg="Stopping DummyApp App..."
time=2024-09-16T18:20:58.857+01:00 level=INFO source=/home/fredarch/Documents/Github/HandGame/internal/app/dummyapp/dummyapp.go:49 msg=" - Ok"
time=2024-09-16T18:21:18.121+01:00 level=INFO source=/home/fredarch/Documents/Github/HandGame/internal/app/dummyapp/dummyapp.go:47 msg="Stopping DummyApp App..."
time=2024-09-16T18:21:18.121+01:00 level=INFO source=/home/fredarch/Documents/Github/HandGame/internal/app/dummyapp/dummyapp.go:49 msg=" - Ok"
time=2024-09-16T18:22:25.745+01:00 level=INFO source=/home/fredarch/Documents/Github/HandGame/internal/app/dummyapp/dummyapp.go:47 msg="Stopping DummyApp App..."
time=2024-09-16T18:22:25.745+01:00 level=INFO source=/home/fredarch/Documents/Github/HandGame/internal/app/dummyapp/dummyapp.go:49 msg=" - Ok"
time=2024-09-16T18:22:48.664+01:00 level=INFO source=/home/fredarch/Documents/Github/HandGame/internal/app/dummyapp/dummyapp.go:47 msg="Stopping DummyApp App..."
time=2024-09-16T18:22:48.664+01:00 level=INFO source=/home/fredarch/Documents/Github/HandGame/internal/app/dummyapp/dummyapp.go:49 msg=" - Ok"
time=2024-09-16T18:32:57.430+01:00 level=INFO source=/home/fredarch/Documents/Github/HandGame/internal/app/dummyapp/dummyapp.go:47 msg="Stopping DummyApp App..."
time=2024-09-16T18:32:57.430+01:00 level=INFO source=/home/fredarch/Documents/Github/HandGame/internal/app/dummyapp/dummyapp.go:49 msg=" - Ok"
