
{"time":"2024-09-18T19:43:45.698513394+01:00","level":"WARN","source":{"function":"github.com/FredericoBento/HandGame/internal/app/handgame.(*HandGameApp).Stop","file":"/home/fredarch/Documents/Github/HandGame/internal/app/handgame/handgame.go","line":70},"msg":"Stopping HandGame App..."}
{"time":"2024-09-18T19:43:45.698559483+01:00","level":"INFO","source":{"function":"github.com/FredericoBento/HandGame/internal/app/handgame.(*HandGameApp).Stop","file":"/home/fredarch/Documents/Github/HandGame/internal/app/handgame/handgame.go","line":73},"msg":" - Ok"}
{"time":"2024-09-18T19:43:54.530375302+01:00","level":"WARN","source":{"function":"github.com/FredericoBento/HandGame/internal/app/handgame.(*HandGameApp).Stop","file":"/home/fredarch/Documents/Github/HandGame/internal/app/handgame/handgame.go","line":70},"msg":"Stopping HandGame App..."}
{"time":"2024-09-18T19:43:54.530398393+01:00","level":"INFO","source":{"function":"github.com/FredericoBento/HandGame/internal/app/handgame.(*HandGameApp).Stop","file":"/home/fredarch/Documents/Github/HandGame/internal/app/handgame/handgame.go","line":73},"msg":" - Ok"}
{"time":"2024-09-18T20:03:22.146228399+01:00","level":"WARN","source":{"function":"github.com/FredericoBento/HandGame/internal/app/handgame.(*HandGameApp).Stop","file":"/home/fredarch/Documents/Github/HandGame/internal/app/handgame/handgame.go","line":70},"msg":"Stopping HandGame App..."}
{"time":"2024-09-18T20:03:22.146235424+01:00","level":"INFO","source":{"function":"github.com/FredericoBento/HandGame/internal/app/handgame.(*HandGameApp).Stop","file":"/home/fredarch/Documents/Github/HandGame/internal/app/handgame/handgame.go","line":73},"msg":" - Ok"}
{"time":"2024-09-19T12:25:48.686762122+01:00","level":"WARN","source":{"function":"github.com/FredericoBento/HandGame/internal/app/handgame.(*HandGameApp).Stop","file":"/home/fredarch/Documents/Github/HandGame/internal/app/handgame/handgame.go","line":70},"msg":"Stopping HandGame App..."}
{"time":"2024-09-19T12:25:48.695626352+01:00","level":"INFO","source":{"function":"github.com/FredericoBento/HandGame/internal/app/handgame.(*HandGameApp).Stop","file":"/home/fredarch/Documents/Github/HandGame/internal/app/handgame/handgame.go","line":73},"msg":" - Ok"}
{"time":"2024-09-19T12:26:21.18307446+01:00","level":"WARN","source":{"function":"github.com/FredericoBento/HandGame/internal/app/handgame.(*HandGameApp).Stop","file":"/home/fredarch/Documents/Github/HandGame/internal/app/handgame/handgame.go","line":70},"msg":"Stopping HandGame App..."}
{"time":"2024-09-19T12:26:21.183082862+01:00","level":"INFO","source":{"function":"github.com/FredericoBento/HandGame/internal/app/handgame.(*HandGameApp).Stop","file":"/home/fredarch/Documents/Github/HandGame/internal/app/handgame/handgame.go","line":73},"msg":" - Ok"}
{"time":"2024-09-19T12:28:21.234118506+01:00","level":"WARN","source":{"function":"github.com/FredericoBento/HandGame/internal/app/handgame.(*HandGameApp).Stop","file":"/home/fredarch/Documents/Github/HandGame/internal/app/handgame/handgame.go","line":70},"msg":"Stopping HandGame App..."}
{"time":"2024-09-19T12:28:21.234132851+01:00","level":"INFO","source":{"function":"github.com/FredericoBento/HandGame/internal/app/handgame.(*HandGameApp).Stop","file":"/home/fredarch/Documents/Github/HandGame/internal/app/handgame/handgame.go","line":73},"msg":" - Ok"}
{"time":"2024-09-19T12:30:07.616176611+01:00","level":"WARN","source":{"function":"github.com/FredericoBento/HandGame/internal/app/handgame.(*HandGameApp).Stop","file":"/home/fredarch/Documents/Github/HandGame/internal/app/handgame/handgame.go","line":70},"msg":"Stopping HandGame App..."}
{"time":"2024-09-19T12:30:07.616203213+01:00","level":"INFO","source":{"function":"github.com/FredericoBento/HandGame/internal/app/handgame.(*HandGameApp).Stop","file":"/home/fredarch/Documents/Github/HandGame/internal/app/handgame/handgame.go","line":73},"msg":" - Ok"}
{"time":"2024-09-19T12:30:26.200339706+01:00","level":"WARN","source":{"function":"github.com/FredericoBento/HandGame/internal/app/handgame.(*HandGameApp).Stop","file":"/home/fredarch/Documents/Github/HandGame/internal/app/handgame/handgame.go","line":70},"msg":"Stopping HandGame App..."}
{"time":"2024-09-19T12:30:26.200390384+01:00","level":"INFO","source":{"function":"github.com/FredericoBento/HandGame/internal/app/handgame.(*HandGameApp).Stop","file":"/home/fredarch/Documents/Github/HandGame/internal/app/handgame/handgame.go","line":73},"msg":" - Ok"}
{"time":"2024-09-19T12:31:00.790830452+01:00","level":"WARN","source":{"function":"github.com/FredericoBento/HandGame/internal/app/handgame.(*HandGameApp).Stop","file":"/home/fredarch/Documents/Github/HandGame/internal/app/handgame/handgame.go","line":70},"msg":"Stopping HandGame App..."}
{"time":"2024-09-19T12:31:00.790868432+01:00","level":"INFO","source":{"function":"github.com/FredericoBento/HandGame/internal/app/handgame.(*HandGameApp).Stop","file":"/home/fredarch/Documents/Github/HandGame/internal/app/handgame/handgame.go","line":73},"msg":" - Ok"}
{"time":"2024-09-19T12:32:29.783030709+01:00","level":"WARN","source":{"function":"github.com/FredericoBento/HandGame/internal/app/handgame.(*HandGameApp).Stop","file":"/home/fredarch/Documents/Github/HandGame/internal/app/handgame/handgame.go","line":70},"msg":"Stopping HandGame App..."}
{"time":"2024-09-19T12:32:29.783042094+01:00","level":"INFO","source":{"function":"github.com/FredericoBento/HandGame/internal/app/handgame.(*HandGameApp).Stop","file":"/home/fredarch/Documents/Github/HandGame/internal/app/handgame/handgame.go","line":73},"msg":" - Ok"}
{"time":"2024-09-19T12:34:40.183931749+01:00","level":"WARN","source":{"function":"github.com/FredericoBento/HandGame/internal/app/handgame.(*HandGameApp).Stop","file":"/home/fredarch/Documents/Github/HandGame/internal/app/handgame/handgame.go","line":70},"msg":"Stopping HandGame App..."}
{"time":"2024-09-19T12:34:40.184020909+01:00","level":"INFO","source":{"function":"github.com/FredericoBento/HandGame/internal/app/handgame.(*HandGameApp).Stop","file":"/home/fredarch/Documents/Github/HandGame/internal/app/handgame/handgame.go","line":73},"msg":" - Ok"}
{"time":"2024-09-19T12:35:42.608313987+01:00","level":"WARN","source":{"function":"github.com/FredericoBento/HandGame/internal/app/handgame.(*HandGameApp).Stop","file":"/home/fredarch/Documents/Github/HandGame/internal/app/handgame/handgame.go","line":70},"msg":"Stopping HandGame App..."}
{"time":"2024-09-19T12:35:42.608342365+01:00","level":"INFO","source":{"function":"github.com/FredericoBento/HandGame/internal/app/handgame.(*HandGameApp).Stop","file":"/home/fredarch/Documents/Github/HandGame/internal/app/handgame/handgame.go","line":73},"msg":" - Ok"}
{"time":"2024-09-19T12:36:31.872885768+01:00","level":"WARN","source":{"function":"github.com/FredericoBento/HandGame/internal/app/handgame.(*HandGameApp).Stop","file":"/home/fredarch/Documents/Github/HandGame/internal/app/handgame/handgame.go","line":70},"msg":"Stopping HandGame App..."}
{"time":"2024-09-19T12:36:31.872911639+01:00","level":"INFO","source":{"function":"github.com/FredericoBento/HandGame/internal/app/handgame.(*HandGameApp).Stop","file":"/home/fredarch/Documents/Github/HandGame/internal/app/handgame/handgame.go","line":73},"msg":" - Ok"}
{"time":"2024-09-19T12:38:21.839527782+01:00","level":"INFO","source":{"function":"github.com/FredericoBento/HandGame/internal/app/handgame.(*HandGameApp).Start","file":"/home/fredarch/Documents/Github/HandGame/internal/app/handgame/handgame.go","line":42},"msg":"Starting HandGame App..."}
{"time":"2024-09-19T12:38:21.839628152+01:00","level":"INFO","source":{"function":"github.com/FredericoBento/HandGame/internal/app/handgame.(*HandGameApp).Start","file":"/home/fredarch/Documents/Github/HandGame/internal/app/handgame/handgame.go","line":49},"msg":" - Ok"}
{"time":"2024-09-19T12:41:15.752210281+01:00","level":"WARN","source":{"function":"github.com/FredericoBento/HandGame/internal/app/handgame.(*HandGameApp).Stop","file":"/home/fredarch/Documents/Github/HandGame/internal/app/handgame/handgame.go","line":70},"msg":"Stopping HandGame App..."}
{"time":"2024-09-19T12:41:15.752300998+01:00","level":"INFO","source":{"function":"github.com/FredericoBento/HandGame/internal/app/handgame.(*HandGameApp).Stop","file":"/home/fredarch/Documents/Github/HandGame/internal/app/handgame/handgame.go","line":73},"msg":" - Ok"}
{"time":"2024-09-19T12:41:42.545220292+01:00","level":"WARN","source":{"function":"github.com/FredericoBento/HandGame/internal/app/handgame.(*HandGameApp).Stop","file":"/home/fredarch/Documents/Github/HandGame/internal/app/handgame/handgame.go","line":70},"msg":"Stopping HandGame App..."}
{"time":"2024-09-19T12:41:42.545250607+01:00","level":"INFO","source":{"function":"github.com/FredericoBento/HandGame/internal/app/handgame.(*HandGameApp).Stop","file":"/home/fredarch/Documents/Github/HandGame/internal/app/handgame/handgame.go","line":73},"msg":" - Ok"}
{"time":"2024-09-19T12:42:26.088606337+01:00","level":"WARN","source":{"function":"github.com/FredericoBento/HandGame/internal/app/handgame.(*HandGameApp).Stop","file":"/home/fredarch/Documents/Github/HandGame/internal/app/handgame/handgame.go","line":70},"msg":"Stopping HandGame App..."}
{"time":"2024-09-19T12:42:26.088630081+01:00","level":"INFO","source":{"function":"github.com/FredericoBento/HandGame/internal/app/handgame.(*HandGameApp).Stop","file":"/home/fredarch/Documents/Github/HandGame/internal/app/handgame/handgame.go","line":73},"msg":" - Ok"}
{"time":"2024-09-19T12:42:47.560452385+01:00","level":"WARN","source":{"function":"github.com/FredericoBento/HandGame/internal/app/handgame.(*HandGameApp).Stop","file":"/home/fredarch/Documents/Github/HandGame/internal/app/handgame/handgame.go","line":70},"msg":"Stopping HandGame App..."}
{"time":"2024-09-19T12:42:47.560535713+01:00","level":"INFO","source":{"function":"github.com/FredericoBento/HandGame/internal/app/handgame.(*HandGameApp).Stop","file":"/home/fredarch/Documents/Github/HandGame/internal/app/handgame/handgame.go","line":73},"msg":" - Ok"}
{"time":"2024-09-19T12:44:54.568534092+01:00","level":"WARN","source":{"function":"github.com/FredericoBento/HandGame/internal/app/handgame.(*HandGameApp).Stop","file":"/home/fredarch/Documents/Github/HandGame/internal/app/handgame/handgame.go","line":70},"msg":"Stopping HandGame App..."}
{"time":"2024-09-19T12:44:54.568561672+01:00","level":"INFO","source":{"function":"github.com/FredericoBento/HandGame/internal/app/handgame.(*HandGameApp).Stop","file":"/home/fredarch/Documents/Github/HandGame/internal/app/handgame/handgame.go","line":73},"msg":" - Ok"}
{"time":"2024-09-19T12:45:16.488948785+01:00","level":"WARN","source":{"function":"github.com/FredericoBento/HandGame/internal/app/handgame.(*HandGameApp).Stop","file":"/home/fredarch/Documents/Github/HandGame/internal/app/handgame/handgame.go","line":70},"msg":"Stopping HandGame App..."}
{"time":"2024-09-19T12:45:16.488973451+01:00","level":"INFO","source":{"function":"github.com/FredericoBento/HandGame/internal/app/handgame.(*HandGameApp).Stop","file":"/home/fredarch/Documents/Github/HandGame/internal/app/handgame/handgame.go","line":73},"msg":" - Ok"}
{"time":"2024-09-19T12:46:08.928539886+01:00","level":"WARN","source":{"function":"github.com/FredericoBento/HandGame/internal/app/handgame.(*HandGameApp).Stop","file":"/home/fredarch/Documents/Github/HandGame/internal/app/handgame/handgame.go","line":70},"msg":"Stopping HandGame App..."}
{"time":"2024-09-19T12:46:08.928651471+01:00","level":"INFO","source":{"function":"github.com/FredericoBento/HandGame/internal/app/handgame.(*HandGameApp).Stop","file":"/home/fredarch/Documents/Github/HandGame/internal/app/handgame/handgame.go","line":73},"msg":" - Ok"}
{"time":"2024-09-19T12:47:00.072528493+01:00","level":"WARN","source":{"function":"github.com/FredericoBento/HandGame/internal/app/handgame.(*HandGameApp).Stop","file":"/home/fredarch/Documents/Github/HandGame/internal/app/handgame/handgame.go","line":70},"msg":"Stopping HandGame App..."}
{"time":"2024-09-19T12:47:00.07255351+01:00","level":"INFO","source":{"function":"github.com/FredericoBento/HandGame/internal/app/handgame.(*HandGameApp).Stop","file":"/home/fredarch/Documents/Github/HandGame/internal/app/handgame/handgame.go","line":73},"msg":" - Ok"}
{"time":"2024-09-19T12:47:19.232830227+01:00","level":"WARN","source":{"function":"github.com/FredericoBento/HandGame/internal/app/handgame.(*HandGameApp).Stop","file":"/home/fredarch/Documents/Github/HandGame/internal/app/handgame/handgame.go","line":70},"msg":"Stopping HandGame App..."}
{"time":"2024-09-19T12:47:19.232857587+01:00","level":"INFO","source":{"function":"github.com/FredericoBento/HandGame/internal/app/handgame.(*HandGameApp).Stop","file":"/home/fredarch/Documents/Github/HandGame/internal/app/handgame/handgame.go","line":73},"msg":" - Ok"}
{"time":"2024-09-19T12:47:46.329274076+01:00","level":"WARN","source":{"function":"github.com/FredericoBento/HandGame/internal/app/handgame.(*HandGameApp).Stop","file":"/home/fredarch/Documents/Github/HandGame/internal/app/handgame/handgame.go","line":70},"msg":"Stopping HandGame App..."}
{"time":"2024-09-19T12:47:46.329297845+01:00","level":"INFO","source":{"function":"github.com/FredericoBento/HandGame/internal/app/handgame.(*HandGameApp).Stop","file":"/home/fredarch/Documents/Github/HandGame/internal/app/handgame/handgame.go","line":73},"msg":" - Ok"}
{"time":"2024-09-19T12:48:32.496661513+01:00","level":"WARN","source":{"function":"github.com/FredericoBento/HandGame/internal/app/handgame.(*HandGameApp).Stop","file":"/home/fredarch/Documents/Github/HandGame/internal/app/handgame/handgame.go","line":70},"msg":"Stopping HandGame App..."}
{"time":"2024-09-19T12:48:32.49668665+01:00","level":"INFO","source":{"function":"github.com/FredericoBento/HandGame/internal/app/handgame.(*HandGameApp).Stop","file":"/home/fredarch/Documents/Github/HandGame/internal/app/handgame/handgame.go","line":73},"msg":" - Ok"}
{"time":"2024-09-19T12:51:59.752590347+01:00","level":"WARN","source":{"function":"github.com/FredericoBento/HandGame/internal/app/handgame.(*HandGameApp).Stop","file":"/home/fredarch/Documents/Github/HandGame/internal/app/handgame/handgame.go","line":70},"msg":"Stopping HandGame App..."}
{"time":"2024-09-19T12:51:59.752616645+01:00","level":"INFO","source":{"function":"github.com/FredericoBento/HandGame/internal/app/handgame.(*HandGameApp).Stop","file":"/home/fredarch/Documents/Github/HandGame/internal/app/handgame/handgame.go","line":73},"msg":" - Ok"}
{"time":"2024-09-19T12:52:56.431754105+01:00","level":"WARN","source":{"function":"github.com/FredericoBento/HandGame/internal/app/handgame.(*HandGameApp).Stop","file":"/home/fredarch/Documents/Github/HandGame/internal/app/handgame/handgame.go","line":70},"msg":"Stopping HandGame App..."}
{"time":"2024-09-19T12:52:56.431762651+01:00","level":"INFO","source":{"function":"github.com/FredericoBento/HandGame/internal/app/handgame.(*HandGameApp).Stop","file":"/home/fredarch/Documents/Github/HandGame/internal/app/handgame/handgame.go","line":73},"msg":" - Ok"}
{"time":"2024-09-19T12:54:28.153444266+01:00","level":"WARN","source":{"function":"github.com/FredericoBento/HandGame/internal/app/handgame.(*HandGameApp).Stop","file":"/home/fredarch/Documents/Github/HandGame/internal/app/handgame/handgame.go","line":70},"msg":"Stopping HandGame App..."}
{"time":"2024-09-19T12:54:28.153468059+01:00","level":"INFO","source":{"function":"github.com/FredericoBento/HandGame/internal/app/handgame.(*HandGameApp).Stop","file":"/home/fredarch/Documents/Github/HandGame/internal/app/handgame/handgame.go","line":73},"msg":" - Ok"}
{"time":"2024-09-19T12:55:07.624720475+01:00","level":"WARN","source":{"function":"github.com/FredericoBento/HandGame/internal/app/handgame.(*HandGameApp).Stop","file":"/home/fredarch/Documents/Github/HandGame/internal/app/handgame/handgame.go","line":70},"msg":"Stopping HandGame App..."}
{"time":"2024-09-19T12:55:07.624803557+01:00","level":"INFO","source":{"function":"github.com/FredericoBento/HandGame/internal/app/handgame.(*HandGameApp).Stop","file":"/home/fredarch/Documents/Github/HandGame/internal/app/handgame/handgame.go","line":73},"msg":" - Ok"}
{"time":"2024-09-19T12:55:22.776629953+01:00","level":"WARN","source":{"function":"github.com/FredericoBento/HandGame/internal/app/handgame.(*HandGameApp).Stop","file":"/home/fredarch/Documents/Github/HandGame/internal/app/handgame/handgame.go","line":70},"msg":"Stopping HandGame App..."}
{"time":"2024-09-19T12:55:22.776663146+01:00","level":"INFO","source":{"function":"github.com/FredericoBento/HandGame/internal/app/handgame.(*HandGameApp).Stop","file":"/home/fredarch/Documents/Github/HandGame/internal/app/handgame/handgame.go","line":73},"msg":" - Ok"}
{"time":"2024-09-19T12:55:47.920885798+01:00","level":"WARN","source":{"function":"github.com/FredericoBento/HandGame/internal/app/handgame.(*HandGameApp).Stop","file":"/home/fredarch/Documents/Github/HandGame/internal/app/handgame/handgame.go","line":70},"msg":"Stopping HandGame App..."}
{"time":"2024-09-19T12:55:47.920911478+01:00","level":"INFO","source":{"function":"github.com/FredericoBento/HandGame/internal/app/handgame.(*HandGameApp).Stop","file":"/home/fredarch/Documents/Github/HandGame/internal/app/handgame/handgame.go","line":73},"msg":" - Ok"}
{"time":"2024-09-19T12:58:53.967968769+01:00","level":"WARN","source":{"function":"github.com/FredericoBento/HandGame/internal/app/handgame.(*HandGameApp).Stop","file":"/home/fredarch/Documents/Github/HandGame/internal/app/handgame/handgame.go","line":70},"msg":"Stopping HandGame App..."}
{"time":"2024-09-19T12:58:53.967978046+01:00","level":"INFO","source":{"function":"github.com/FredericoBento/HandGame/internal/app/handgame.(*HandGameApp).Stop","file":"/home/fredarch/Documents/Github/HandGame/internal/app/handgame/handgame.go","line":73},"msg":" - Ok"}
{"time":"2024-09-19T12:59:10.416899237+01:00","level":"WARN","source":{"function":"github.com/FredericoBento/HandGame/internal/app/handgame.(*HandGameApp).Stop","file":"/home/fredarch/Documents/Github/HandGame/internal/app/handgame/handgame.go","line":70},"msg":"Stopping HandGame App..."}
{"time":"2024-09-19T12:59:10.416976362+01:00","level":"INFO","source":{"function":"github.com/FredericoBento/HandGame/internal/app/handgame.(*HandGameApp).Stop","file":"/home/fredarch/Documents/Github/HandGame/internal/app/handgame/handgame.go","line":73},"msg":" - Ok"}
{"time":"2024-09-19T12:59:36.081124324+01:00","level":"WARN","source":{"function":"github.com/FredericoBento/HandGame/internal/app/handgame.(*HandGameApp).Stop","file":"/home/fredarch/Documents/Github/HandGame/internal/app/handgame/handgame.go","line":70},"msg":"Stopping HandGame App..."}
{"time":"2024-09-19T12:59:36.081154949+01:00","level":"INFO","source":{"function":"github.com/FredericoBento/HandGame/internal/app/handgame.(*HandGameApp).Stop","file":"/home/fredarch/Documents/Github/HandGame/internal/app/handgame/handgame.go","line":73},"msg":" - Ok"}
{"time":"2024-09-19T13:01:40.024993422+01:00","level":"WARN","source":{"function":"github.com/FredericoBento/HandGame/internal/app/handgame.(*HandGameApp).Stop","file":"/home/fredarch/Documents/Github/HandGame/internal/app/handgame/handgame.go","line":70},"msg":"Stopping HandGame App..."}
{"time":"2024-09-19T13:01:40.025019907+01:00","level":"INFO","source":{"function":"github.com/FredericoBento/HandGame/internal/app/handgame.(*HandGameApp).Stop","file":"/home/fredarch/Documents/Github/HandGame/internal/app/handgame/handgame.go","line":73},"msg":" - Ok"}
{"time":"2024-09-19T13:04:35.377231497+01:00","level":"WARN","source":{"function":"github.com/FredericoBento/HandGame/internal/app/handgame.(*HandGameApp).Stop","file":"/home/fredarch/Documents/Github/HandGame/internal/app/handgame/handgame.go","line":70},"msg":"Stopping HandGame App..."}
{"time":"2024-09-19T13:04:35.377257918+01:00","level":"INFO","source":{"function":"github.com/FredericoBento/HandGame/internal/app/handgame.(*HandGameApp).Stop","file":"/home/fredarch/Documents/Github/HandGame/internal/app/handgame/handgame.go","line":73},"msg":" - Ok"}
{"time":"2024-09-19T13:04:56.120971842+01:00","level":"WARN","source":{"function":"github.com/FredericoBento/HandGame/internal/app/handgame.(*HandGameApp).Stop","file":"/home/fredarch/Documents/Github/HandGame/internal/app/handgame/handgame.go","line":70},"msg":"Stopping HandGame App..."}
{"time":"2024-09-19T13:04:56.121023188+01:00","level":"INFO","source":{"function":"github.com/FredericoBento/HandGame/internal/app/handgame.(*HandGameApp).Stop","file":"/home/fredarch/Documents/Github/HandGame/internal/app/handgame/handgame.go","line":73},"msg":" - Ok"}
{"time":"2024-09-19T13:12:26.544992859+01:00","level":"WARN","source":{"function":"github.com/FredericoBento/HandGame/internal/app/handgame.(*HandGameApp).Stop","file":"/home/fredarch/Documents/Github/HandGame/internal/app/handgame/handgame.go","line":70},"msg":"Stopping HandGame App..."}
{"time":"2024-09-19T13:12:26.545015517+01:00","level":"INFO","source":{"function":"github.com/FredericoBento/HandGame/internal/app/handgame.(*HandGameApp).Stop","file":"/home/fredarch/Documents/Github/HandGame/internal/app/handgame/handgame.go","line":73},"msg":" - Ok"}
{"time":"2024-09-19T13:14:13.976742363+01:00","level":"WARN","source":{"function":"github.com/FredericoBento/HandGame/internal/app/handgame.(*HandGameApp).Stop","file":"/home/fredarch/Documents/Github/HandGame/internal/app/handgame/handgame.go","line":70},"msg":"Stopping HandGame App..."}
{"time":"2024-09-19T13:14:13.97675132+01:00","level":"INFO","source":{"function":"github.com/FredericoBento/HandGame/internal/app/handgame.(*HandGameApp).Stop","file":"/home/fredarch/Documents/Github/HandGame/internal/app/handgame/handgame.go","line":73},"msg":" - Ok"}
{"time":"2024-09-19T13:15:49.121495928+01:00","level":"WARN","source":{"function":"github.com/FredericoBento/HandGame/internal/app/handgame.(*HandGameApp).Stop","file":"/home/fredarch/Documents/Github/HandGame/internal/app/handgame/handgame.go","line":70},"msg":"Stopping HandGame App..."}
{"time":"2024-09-19T13:15:49.121519327+01:00","level":"INFO","source":{"function":"github.com/FredericoBento/HandGame/internal/app/handgame.(*HandGameApp).Stop","file":"/home/fredarch/Documents/Github/HandGame/internal/app/handgame/handgame.go","line":73},"msg":" - Ok"}
{"time":"2024-09-19T13:16:08.489468156+01:00","level":"WARN","source":{"function":"github.com/FredericoBento/HandGame/internal/app/handgame.(*HandGameApp).Stop","file":"/home/fredarch/Documents/Github/HandGame/internal/app/handgame/handgame.go","line":70},"msg":"Stopping HandGame App..."}
{"time":"2024-09-19T13:16:08.48949111+01:00","level":"INFO","source":{"function":"github.com/FredericoBento/HandGame/internal/app/handgame.(*HandGameApp).Stop","file":"/home/fredarch/Documents/Github/HandGame/internal/app/handgame/handgame.go","line":73},"msg":" - Ok"}
{"time":"2024-09-19T13:16:25.353601659+01:00","level":"WARN","source":{"function":"github.com/FredericoBento/HandGame/internal/app/handgame.(*HandGameApp).Stop","file":"/home/fredarch/Documents/Github/HandGame/internal/app/handgame/handgame.go","line":70},"msg":"Stopping HandGame App..."}
{"time":"2024-09-19T13:16:25.353627306+01:00","level":"INFO","source":{"function":"github.com/FredericoBento/HandGame/internal/app/handgame.(*HandGameApp).Stop","file":"/home/fredarch/Documents/Github/HandGame/internal/app/handgame/handgame.go","line":73},"msg":" - Ok"}
{"time":"2024-09-19T13:17:07.425758301+01:00","level":"WARN","source":{"function":"github.com/FredericoBento/HandGame/internal/app/handgame.(*HandGameApp).Stop","file":"/home/fredarch/Documents/Github/HandGame/internal/app/handgame/handgame.go","line":70},"msg":"Stopping HandGame App..."}
{"time":"2024-09-19T13:17:07.425851091+01:00","level":"INFO","source":{"function":"github.com/FredericoBento/HandGame/internal/app/handgame.(*HandGameApp).Stop","file":"/home/fredarch/Documents/Github/HandGame/internal/app/handgame/handgame.go","line":73},"msg":" - Ok"}
{"time":"2024-09-19T13:17:28.65771791+01:00","level":"WARN","source":{"function":"github.com/FredericoBento/HandGame/internal/app/handgame.(*HandGameApp).Stop","file":"/home/fredarch/Documents/Github/HandGame/internal/app/handgame/handgame.go","line":70},"msg":"Stopping HandGame App..."}
{"time":"2024-09-19T13:17:28.657744455+01:00","level":"INFO","source":{"function":"github.com/FredericoBento/HandGame/internal/app/handgame.(*HandGameApp).Stop","file":"/home/fredarch/Documents/Github/HandGame/internal/app/handgame/handgame.go","line":73},"msg":" - Ok"}
{"time":"2024-09-19T13:17:40.441581187+01:00","level":"WARN","source":{"function":"github.com/FredericoBento/HandGame/internal/app/handgame.(*HandGameApp).Stop","file":"/home/fredarch/Documents/Github/HandGame/internal/app/handgame/handgame.go","line":70},"msg":"Stopping HandGame App..."}
{"time":"2024-09-19T13:17:40.441607857+01:00","level":"INFO","source":{"function":"github.com/FredericoBento/HandGame/internal/app/handgame.(*HandGameApp).Stop","file":"/home/fredarch/Documents/Github/HandGame/internal/app/handgame/handgame.go","line":73},"msg":" - Ok"}
{"time":"2024-09-19T13:17:56.433321489+01:00","level":"WARN","source":{"function":"github.com/FredericoBento/HandGame/internal/app/handgame.(*HandGameApp).Stop","file":"/home/fredarch/Documents/Github/HandGame/internal/app/handgame/handgame.go","line":70},"msg":"Stopping HandGame App..."}
{"time":"2024-09-19T13:17:56.433344601+01:00","level":"INFO","source":{"function":"github.com/FredericoBento/HandGame/internal/app/handgame.(*HandGameApp).Stop","file":"/home/fredarch/Documents/Github/HandGame/internal/app/handgame/handgame.go","line":73},"msg":" - Ok"}
{"time":"2024-09-19T13:18:04.361653959+01:00","level":"WARN","source":{"function":"github.com/FredericoBento/HandGame/internal/app/handgame.(*HandGameApp).Stop","file":"/home/fredarch/Documents/Github/HandGame/internal/app/handgame/handgame.go","line":70},"msg":"Stopping HandGame App..."}
{"time":"2024-09-19T13:18:04.361679977+01:00","level":"INFO","source":{"function":"github.com/FredericoBento/HandGame/internal/app/handgame.(*HandGameApp).Stop","file":"/home/fredarch/Documents/Github/HandGame/internal/app/handgame/handgame.go","line":73},"msg":" - Ok"}
{"time":"2024-09-19T13:18:12.417341994+01:00","level":"WARN","source":{"function":"github.com/FredericoBento/HandGame/internal/app/handgame.(*HandGameApp).Stop","file":"/home/fredarch/Documents/Github/HandGame/internal/app/handgame/handgame.go","line":70},"msg":"Stopping HandGame App..."}
{"time":"2024-09-19T13:18:12.41736576+01:00","level":"INFO","source":{"function":"github.com/FredericoBento/HandGame/internal/app/handgame.(*HandGameApp).Stop","file":"/home/fredarch/Documents/Github/HandGame/internal/app/handgame/handgame.go","line":73},"msg":" - Ok"}
{"time":"2024-09-19T13:18:30.705445365+01:00","level":"WARN","source":{"function":"github.com/FredericoBento/HandGame/internal/app/handgame.(*HandGameApp).Stop","file":"/home/fredarch/Documents/Github/HandGame/internal/app/handgame/handgame.go","line":70},"msg":"Stopping HandGame App..."}
{"time":"2024-09-19T13:18:30.705475532+01:00","level":"INFO","source":{"function":"github.com/FredericoBento/HandGame/internal/app/handgame.(*HandGameApp).Stop","file":"/home/fredarch/Documents/Github/HandGame/internal/app/handgame/handgame.go","line":73},"msg":" - Ok"}
{"time":"2024-09-19T13:19:53.185978004+01:00","level":"WARN","source":{"function":"github.com/FredericoBento/HandGame/internal/app/handgame.(*HandGameApp).Stop","file":"/home/fredarch/Documents/Github/HandGame/internal/app/handgame/handgame.go","line":70},"msg":"Stopping HandGame App..."}
{"time":"2024-09-19T13:19:53.186006879+01:00","level":"INFO","source":{"function":"github.com/FredericoBento/HandGame/internal/app/handgame.(*HandGameApp).Stop","file":"/home/fredarch/Documents/Github/HandGame/internal/app/handgame/handgame.go","line":73},"msg":" - Ok"}
{"time":"2024-09-19T13:20:53.906219882+01:00","level":"WARN","source":{"function":"github.com/FredericoBento/HandGame/internal/app/handgame.(*HandGameApp).Stop","file":"/home/fredarch/Documents/Github/HandGame/internal/app/handgame/handgame.go","line":70},"msg":"Stopping HandGame App..."}
{"time":"2024-09-19T13:20:53.906243636+01:00","level":"INFO","source":{"function":"github.com/FredericoBento/HandGame/internal/app/handgame.(*HandGameApp).Stop","file":"/home/fredarch/Documents/Github/HandGame/internal/app/handgame/handgame.go","line":73},"msg":" - Ok"}
{"time":"2024-09-19T13:22:26.881716097+01:00","level":"WARN","source":{"function":"github.com/FredericoBento/HandGame/internal/app/handgame.(*HandGameApp).Stop","file":"/home/fredarch/Documents/Github/HandGame/internal/app/handgame/handgame.go","line":70},"msg":"Stopping HandGame App..."}
{"time":"2024-09-19T13:22:26.881768811+01:00","level":"INFO","source":{"function":"github.com/FredericoBento/HandGame/internal/app/handgame.(*HandGameApp).Stop","file":"/home/fredarch/Documents/Github/HandGame/internal/app/handgame/handgame.go","line":73},"msg":" - Ok"}
{"time":"2024-09-19T13:23:21.721674673+01:00","level":"WARN","source":{"function":"github.com/FredericoBento/HandGame/internal/app/handgame.(*HandGameApp).Stop","file":"/home/fredarch/Documents/Github/HandGame/internal/app/handgame/handgame.go","line":70},"msg":"Stopping HandGame App..."}
{"time":"2024-09-19T13:23:21.721761468+01:00","level":"INFO","source":{"function":"github.com/FredericoBento/HandGame/internal/app/handgame.(*HandGameApp).Stop","file":"/home/fredarch/Documents/Github/HandGame/internal/app/handgame/handgame.go","line":73},"msg":" - Ok"}
{"time":"2024-09-19T13:25:28.081772261+01:00","level":"WARN","source":{"function":"github.com/FredericoBento/HandGame/internal/app/handgame.(*HandGameApp).Stop","file":"/home/fredarch/Documents/Github/HandGame/internal/app/handgame/handgame.go","line":70},"msg":"Stopping HandGame App..."}
{"time":"2024-09-19T13:25:28.081796337+01:00","level":"INFO","source":{"function":"github.com/FredericoBento/HandGame/internal/app/handgame.(*HandGameApp).Stop","file":"/home/fredarch/Documents/Github/HandGame/internal/app/handgame/handgame.go","line":73},"msg":" - Ok"}
{"time":"2024-09-20T13:38:29.133442129+01:00","level":"WARN","source":{"function":"github.com/FredericoBento/HandGame/internal/app/handgame.(*HandGameApp).Stop","file":"/home/fredarch/Documents/Github/HandGame/internal/app/handgame/handgame.go","line":70},"msg":"Stopping HandGame App..."}
{"time":"2024-09-20T13:38:29.134148563+01:00","level":"INFO","source":{"function":"github.com/FredericoBento/HandGame/internal/app/handgame.(*HandGameApp).Stop","file":"/home/fredarch/Documents/Github/HandGame/internal/app/handgame/handgame.go","line":73},"msg":" - Ok"}
{"time":"2024-09-20T16:38:07.274469227+01:00","level":"WARN","source":{"function":"github.com/FredericoBento/HandGame/internal/app/handgame.(*HandGameApp).Stop","file":"/home/fredarch/Documents/Github/HandGame/internal/app/handgame/handgame.go","line":70},"msg":"Stopping HandGame App..."}
{"time":"2024-09-20T16:38:07.274479676+01:00","level":"INFO","source":{"function":"github.com/FredericoBento/HandGame/internal/app/handgame.(*HandGameApp).Stop","file":"/home/fredarch/Documents/Github/HandGame/internal/app/handgame/handgame.go","line":73},"msg":" - Ok"}
{"time":"2024-09-20T17:12:25.350455995+01:00","level":"WARN","source":{"function":"github.com/FredericoBento/HandGame/internal/app/handgame.(*HandGameApp).Stop","file":"/home/fredarch/Documents/Github/HandGame/internal/app/handgame/handgame.go","line":70},"msg":"Stopping HandGame App..."}
{"time":"2024-09-20T17:12:25.35046335+01:00","level":"INFO","source":{"function":"github.com/FredericoBento/HandGame/internal/app/handgame.(*HandGameApp).Stop","file":"/home/fredarch/Documents/Github/HandGame/internal/app/handgame/handgame.go","line":73},"msg":" - Ok"}
{"time":"2024-09-20T17:15:09.340444704+01:00","level":"WARN","source":{"function":"github.com/FredericoBento/HandGame/internal/app/handgame.(*HandGameApp).Stop","file":"/home/fredarch/Documents/Github/HandGame/internal/app/handgame/handgame.go","line":70},"msg":"Stopping HandGame App..."}
{"time":"2024-09-20T17:15:09.340468888+01:00","level":"INFO","source":{"function":"github.com/FredericoBento/HandGame/internal/app/handgame.(*HandGameApp).Stop","file":"/home/fredarch/Documents/Github/HandGame/internal/app/handgame/handgame.go","line":73},"msg":" - Ok"}
{"time":"2024-09-20T17:17:04.860414749+01:00","level":"WARN","source":{"function":"github.com/FredericoBento/HandGame/internal/app/handgame.(*HandGameApp).Stop","file":"/home/fredarch/Documents/Github/HandGame/internal/app/handgame/handgame.go","line":70},"msg":"Stopping HandGame App..."}
{"time":"2024-09-20T17:17:04.860473592+01:00","level":"INFO","source":{"function":"github.com/FredericoBento/HandGame/internal/app/handgame.(*HandGameApp).Stop","file":"/home/fredarch/Documents/Github/HandGame/internal/app/handgame/handgame.go","line":73},"msg":" - Ok"}
{"time":"2024-09-20T17:18:25.388705331+01:00","level":"WARN","source":{"function":"github.com/FredericoBento/HandGame/internal/app/handgame.(*HandGameApp).Stop","file":"/home/fredarch/Documents/Github/HandGame/internal/app/handgame/handgame.go","line":70},"msg":"Stopping HandGame App..."}
{"time":"2024-09-20T17:18:25.3887295+01:00","level":"INFO","source":{"function":"github.com/FredericoBento/HandGame/internal/app/handgame.(*HandGameApp).Stop","file":"/home/fredarch/Documents/Github/HandGame/internal/app/handgame/handgame.go","line":73},"msg":" - Ok"}
{"time":"2024-09-20T17:18:57.356632305+01:00","level":"WARN","source":{"function":"github.com/FredericoBento/HandGame/internal/app/handgame.(*HandGameApp).Stop","file":"/home/fredarch/Documents/Github/HandGame/internal/app/handgame/handgame.go","line":70},"msg":"Stopping HandGame App..."}
{"time":"2024-09-20T17:18:57.356662382+01:00","level":"INFO","source":{"function":"github.com/FredericoBento/HandGame/internal/app/handgame.(*HandGameApp).Stop","file":"/home/fredarch/Documents/Github/HandGame/internal/app/handgame/handgame.go","line":73},"msg":" - Ok"}
{"time":"2024-09-20T18:03:37.045164907+01:00","level":"WARN","source":{"function":"github.com/FredericoBento/HandGame/internal/app/handgame.(*HandGameApp).Stop","file":"/home/fredarch/Documents/Github/HandGame/internal/app/handgame/handgame.go","line":70},"msg":"Stopping HandGame App..."}
{"time":"2024-09-20T18:03:37.045175657+01:00","level":"INFO","source":{"function":"github.com/FredericoBento/HandGame/internal/app/handgame.(*HandGameApp).Stop","file":"/home/fredarch/Documents/Github/HandGame/internal/app/handgame/handgame.go","line":73},"msg":" - Ok"}
{"time":"2024-09-20T18:05:24.678257769+01:00","level":"WARN","source":{"function":"github.com/FredericoBento/HandGame/internal/app/handgame.(*HandGameApp).Stop","file":"/home/fredarch/Documents/Github/HandGame/internal/app/handgame/handgame.go","line":70},"msg":"Stopping HandGame App..."}
{"time":"2024-09-20T18:05:24.678283472+01:00","level":"INFO","source":{"function":"github.com/FredericoBento/HandGame/internal/app/handgame.(*HandGameApp).Stop","file":"/home/fredarch/Documents/Github/HandGame/internal/app/handgame/handgame.go","line":73},"msg":" - Ok"}
{"time":"2024-09-20T18:05:36.926358226+01:00","level":"WARN","source":{"function":"github.com/FredericoBento/HandGame/internal/app/handgame.(*HandGameApp).Stop","file":"/home/fredarch/Documents/Github/HandGame/internal/app/handgame/handgame.go","line":70},"msg":"Stopping HandGame App..."}
{"time":"2024-09-20T18:05:36.926444188+01:00","level":"INFO","source":{"function":"github.com/FredericoBento/HandGame/internal/app/handgame.(*HandGameApp).Stop","file":"/home/fredarch/Documents/Github/HandGame/internal/app/handgame/handgame.go","line":73},"msg":" - Ok"}
{"time":"2024-09-20T18:05:45.013931923+01:00","level":"WARN","source":{"function":"github.com/FredericoBento/HandGame/internal/app/handgame.(*HandGameApp).Stop","file":"/home/fredarch/Documents/Github/HandGame/internal/app/handgame/handgame.go","line":70},"msg":"Stopping HandGame App..."}
{"time":"2024-09-20T18:05:45.013956848+01:00","level":"INFO","source":{"function":"github.com/FredericoBento/HandGame/internal/app/handgame.(*HandGameApp).Stop","file":"/home/fredarch/Documents/Github/HandGame/internal/app/handgame/handgame.go","line":73},"msg":" - Ok"}
{"time":"2024-09-20T18:11:23.574180955+01:00","level":"WARN","source":{"function":"github.com/FredericoBento/HandGame/internal/app/handgame.(*HandGameApp).Stop","file":"/home/fredarch/Documents/Github/HandGame/internal/app/handgame/handgame.go","line":70},"msg":"Stopping HandGame App..."}
{"time":"2024-09-20T18:11:23.57418939+01:00","level":"INFO","source":{"function":"github.com/FredericoBento/HandGame/internal/app/handgame.(*HandGameApp).Stop","file":"/home/fredarch/Documents/Github/HandGame/internal/app/handgame/handgame.go","line":73},"msg":" - Ok"}
{"time":"2024-09-20T18:13:24.182245568+01:00","level":"WARN","source":{"function":"github.com/FredericoBento/HandGame/internal/app/handgame.(*HandGameApp).Stop","file":"/home/fredarch/Documents/Github/HandGame/internal/app/handgame/handgame.go","line":70},"msg":"Stopping HandGame App..."}
{"time":"2024-09-20T18:13:24.182271791+01:00","level":"INFO","source":{"function":"github.com/FredericoBento/HandGame/internal/app/handgame.(*HandGameApp).Stop","file":"/home/fredarch/Documents/Github/HandGame/internal/app/handgame/handgame.go","line":73},"msg":" - Ok"}
{"time":"2024-09-20T18:15:02.877880563+01:00","level":"WARN","source":{"function":"github.com/FredericoBento/HandGame/internal/app/handgame.(*HandGameApp).Stop","file":"/home/fredarch/Documents/Github/HandGame/internal/app/handgame/handgame.go","line":70},"msg":"Stopping HandGame App..."}
{"time":"2024-09-20T18:15:02.877923357+01:00","level":"INFO","source":{"function":"github.com/FredericoBento/HandGame/internal/app/handgame.(*HandGameApp).Stop","file":"/home/fredarch/Documents/Github/HandGame/internal/app/handgame/handgame.go","line":73},"msg":" - Ok"}
{"time":"2024-09-20T18:23:44.726304591+01:00","level":"WARN","source":{"function":"github.com/FredericoBento/HandGame/internal/app/handgame.(*HandGameApp).Stop","file":"/home/fredarch/Documents/Github/HandGame/internal/app/handgame/handgame.go","line":70},"msg":"Stopping HandGame App..."}
{"time":"2024-09-20T18:23:44.726318668+01:00","level":"INFO","source":{"function":"github.com/FredericoBento/HandGame/internal/app/handgame.(*HandGameApp).Stop","file":"/home/fredarch/Documents/Github/HandGame/internal/app/handgame/handgame.go","line":73},"msg":" - Ok"}
{"time":"2024-09-20T18:24:25.49446383+01:00","level":"WARN","source":{"function":"github.com/FredericoBento/HandGame/internal/app/handgame.(*HandGameApp).Stop","file":"/home/fredarch/Documents/Github/HandGame/internal/app/handgame/handgame.go","line":70},"msg":"Stopping HandGame App..."}
{"time":"2024-09-20T18:24:25.494472891+01:00","level":"INFO","source":{"function":"github.com/FredericoBento/HandGame/internal/app/handgame.(*HandGameApp).Stop","file":"/home/fredarch/Documents/Github/HandGame/internal/app/handgame/handgame.go","line":73},"msg":" - Ok"}
{"time":"2024-09-20T18:24:58.606363513+01:00","level":"WARN","source":{"function":"github.com/FredericoBento/HandGame/internal/app/handgame.(*HandGameApp).Stop","file":"/home/fredarch/Documents/Github/HandGame/internal/app/handgame/handgame.go","line":70},"msg":"Stopping HandGame App..."}
{"time":"2024-09-20T18:24:58.606371518+01:00","level":"INFO","source":{"function":"github.com/FredericoBento/HandGame/internal/app/handgame.(*HandGameApp).Stop","file":"/home/fredarch/Documents/Github/HandGame/internal/app/handgame/handgame.go","line":73},"msg":" - Ok"}
{"time":"2024-09-20T18:26:23.302810322+01:00","level":"WARN","source":{"function":"github.com/FredericoBento/HandGame/internal/app/handgame.(*HandGameApp).Stop","file":"/home/fredarch/Documents/Github/HandGame/internal/app/handgame/handgame.go","line":70},"msg":"Stopping HandGame App..."}
{"time":"2024-09-20T18:26:23.302838748+01:00","level":"INFO","source":{"function":"github.com/FredericoBento/HandGame/internal/app/handgame.(*HandGameApp).Stop","file":"/home/fredarch/Documents/Github/HandGame/internal/app/handgame/handgame.go","line":73},"msg":" - Ok"}
{"time":"2024-09-20T18:27:18.207314212+01:00","level":"WARN","source":{"function":"github.com/FredericoBento/HandGame/internal/app/handgame.(*HandGameApp).Stop","file":"/home/fredarch/Documents/Github/HandGame/internal/app/handgame/handgame.go","line":70},"msg":"Stopping HandGame App..."}
{"time":"2024-09-20T18:27:18.207338058+01:00","level":"INFO","source":{"function":"github.com/FredericoBento/HandGame/internal/app/handgame.(*HandGameApp).Stop","file":"/home/fredarch/Documents/Github/HandGame/internal/app/handgame/handgame.go","line":73},"msg":" - Ok"}
{"time":"2024-09-20T18:29:24.246868952+01:00","level":"WARN","source":{"function":"github.com/FredericoBento/HandGame/internal/app/handgame.(*HandGameApp).Stop","file":"/home/fredarch/Documents/Github/HandGame/internal/app/handgame/handgame.go","line":70},"msg":"Stopping HandGame App..."}
{"time":"2024-09-20T18:29:24.246918639+01:00","level":"INFO","source":{"function":"github.com/FredericoBento/HandGame/internal/app/handgame.(*HandGameApp).Stop","file":"/home/fredarch/Documents/Github/HandGame/internal/app/handgame/handgame.go","line":73},"msg":" - Ok"}
{"time":"2024-09-20T18:31:30.950833712+01:00","level":"WARN","source":{"function":"github.com/FredericoBento/HandGame/internal/app/handgame.(*HandGameApp).Stop","file":"/home/fredarch/Documents/Github/HandGame/internal/app/handgame/handgame.go","line":70},"msg":"Stopping HandGame App..."}
{"time":"2024-09-20T18:31:30.950857955+01:00","level":"INFO","source":{"function":"github.com/FredericoBento/HandGame/internal/app/handgame.(*HandGameApp).Stop","file":"/home/fredarch/Documents/Github/HandGame/internal/app/handgame/handgame.go","line":73},"msg":" - Ok"}
{"time":"2024-09-20T21:59:34.149702406+01:00","level":"WARN","source":{"function":"github.com/FredericoBento/HandGame/internal/app/handgame.(*HandGameApp).Stop","file":"/home/fredarch/Documents/Github/HandGame/internal/app/handgame/handgame.go","line":70},"msg":"Stopping HandGame App..."}
{"time":"2024-09-20T21:59:34.149806625+01:00","level":"INFO","source":{"function":"github.com/FredericoBento/HandGame/internal/app/handgame.(*HandGameApp).Stop","file":"/home/fredarch/Documents/Github/HandGame/internal/app/handgame/handgame.go","line":73},"msg":" - Ok"}
{"time":"2024-09-20T22:02:05.109747355+01:00","level":"WARN","source":{"function":"github.com/FredericoBento/HandGame/internal/app/handgame.(*HandGameApp).Stop","file":"/home/fredarch/Documents/Github/HandGame/internal/app/handgame/handgame.go","line":70},"msg":"Stopping HandGame App..."}
{"time":"2024-09-20T22:02:05.109773377+01:00","level":"INFO","source":{"function":"github.com/FredericoBento/HandGame/internal/app/handgame.(*HandGameApp).Stop","file":"/home/fredarch/Documents/Github/HandGame/internal/app/handgame/handgame.go","line":73},"msg":" - Ok"}
{"time":"2024-09-20T23:13:16.552209853+01:00","level":"WARN","source":{"function":"github.com/FredericoBento/HandGame/internal/app/handgame.(*HandGameApp).Stop","file":"/home/fredarch/Documents/Github/HandGame/internal/app/handgame/handgame.go","line":70},"msg":"Stopping HandGame App..."}
{"time":"2024-09-20T23:13:16.552247841+01:00","level":"INFO","source":{"function":"github.com/FredericoBento/HandGame/internal/app/handgame.(*HandGameApp).Stop","file":"/home/fredarch/Documents/Github/HandGame/internal/app/handgame/handgame.go","line":73},"msg":" - Ok"}
{"time":"2024-09-20T23:14:18.896007156+01:00","level":"WARN","source":{"function":"github.com/FredericoBento/HandGame/internal/app/handgame.(*HandGameApp).Stop","file":"/home/fredarch/Documents/Github/HandGame/internal/app/handgame/handgame.go","line":70},"msg":"Stopping HandGame App..."}
{"time":"2024-09-20T23:14:18.896035858+01:00","level":"INFO","source":{"function":"github.com/FredericoBento/HandGame/internal/app/handgame.(*HandGameApp).Stop","file":"/home/fredarch/Documents/Github/HandGame/internal/app/handgame/handgame.go","line":73},"msg":" - Ok"}
{"time":"2024-09-20T23:47:40.376479175+01:00","level":"WARN","source":{"function":"github.com/FredericoBento/HandGame/internal/app/handgame.(*HandGameApp).Stop","file":"/home/fredarch/Documents/Github/HandGame/internal/app/handgame/handgame.go","line":70},"msg":"Stopping HandGame App..."}
{"time":"2024-09-20T23:47:40.376491638+01:00","level":"INFO","source":{"function":"github.com/FredericoBento/HandGame/internal/app/handgame.(*HandGameApp).Stop","file":"/home/fredarch/Documents/Github/HandGame/internal/app/handgame/handgame.go","line":73},"msg":" - Ok"}
{"time":"2024-09-23T16:05:05.815553128+01:00","level":"WARN","source":{"function":"github.com/FredericoBento/HandGame/internal/app/handgame.(*HandGameApp).Stop","file":"/home/fredarch/Documents/Github/HandGame/internal/app/handgame/handgame.go","line":70},"msg":"Stopping HandGame App..."}
{"time":"2024-09-23T16:05:05.815617375+01:00","level":"INFO","source":{"function":"github.com/FredericoBento/HandGame/internal/app/handgame.(*HandGameApp).Stop","file":"/home/fredarch/Documents/Github/HandGame/internal/app/handgame/handgame.go","line":73},"msg":" - Ok"}
{"time":"2024-09-23T16:11:18.687093198+01:00","level":"WARN","source":{"function":"github.com/FredericoBento/HandGame/internal/app/handgame.(*HandGameApp).Stop","file":"/home/fredarch/Documents/Github/HandGame/internal/app/handgame/handgame.go","line":70},"msg":"Stopping HandGame App..."}
{"time":"2024-09-23T16:11:18.687116321+01:00","level":"INFO","source":{"function":"github.com/FredericoBento/HandGame/internal/app/handgame.(*HandGameApp).Stop","file":"/home/fredarch/Documents/Github/HandGame/internal/app/handgame/handgame.go","line":73},"msg":" - Ok"}
{"time":"2024-09-23T16:14:12.807558719+01:00","level":"WARN","source":{"function":"github.com/FredericoBento/HandGame/internal/app/handgame.(*HandGameApp).Stop","file":"/home/fredarch/Documents/Github/HandGame/internal/app/handgame/handgame.go","line":70},"msg":"Stopping HandGame App..."}
{"time":"2024-09-23T16:14:12.807587772+01:00","level":"INFO","source":{"function":"github.com/FredericoBento/HandGame/internal/app/handgame.(*HandGameApp).Stop","file":"/home/fredarch/Documents/Github/HandGame/internal/app/handgame/handgame.go","line":73},"msg":" - Ok"}
{"time":"2024-09-23T16:19:39.206029267+01:00","level":"WARN","source":{"function":"github.com/FredericoBento/HandGame/internal/app/handgame.(*HandGameApp).Stop","file":"/home/fredarch/Documents/Github/HandGame/internal/app/handgame/handgame.go","line":70},"msg":"Stopping HandGame App..."}
{"time":"2024-09-23T16:19:39.206237658+01:00","level":"INFO","source":{"function":"github.com/FredericoBento/HandGame/internal/app/handgame.(*HandGameApp).Stop","file":"/home/fredarch/Documents/Github/HandGame/internal/app/handgame/handgame.go","line":73},"msg":" - Ok"}
{"time":"2024-09-23T16:20:40.695445581+01:00","level":"WARN","source":{"function":"github.com/FredericoBento/HandGame/internal/app/handgame.(*HandGameApp).Stop","file":"/home/fredarch/Documents/Github/HandGame/internal/app/handgame/handgame.go","line":70},"msg":"Stopping HandGame App..."}
{"time":"2024-09-23T16:20:40.695542773+01:00","level":"INFO","source":{"function":"github.com/FredericoBento/HandGame/internal/app/handgame.(*HandGameApp).Stop","file":"/home/fredarch/Documents/Github/HandGame/internal/app/handgame/handgame.go","line":73},"msg":" - Ok"}
{"time":"2024-09-23T16:23:31.142813291+01:00","level":"WARN","source":{"function":"github.com/FredericoBento/HandGame/internal/app/handgame.(*HandGameApp).Stop","file":"/home/fredarch/Documents/Github/HandGame/internal/app/handgame/handgame.go","line":70},"msg":"Stopping HandGame App..."}
{"time":"2024-09-23T16:23:31.142850538+01:00","level":"INFO","source":{"function":"github.com/FredericoBento/HandGame/internal/app/handgame.(*HandGameApp).Stop","file":"/home/fredarch/Documents/Github/HandGame/internal/app/handgame/handgame.go","line":73},"msg":" - Ok"}
{"time":"2024-09-23T16:24:01.614942287+01:00","level":"WARN","source":{"function":"github.com/FredericoBento/HandGame/internal/app/handgame.(*HandGameApp).Stop","file":"/home/fredarch/Documents/Github/HandGame/internal/app/handgame/handgame.go","line":70},"msg":"Stopping HandGame App..."}
{"time":"2024-09-23T16:24:01.615192952+01:00","level":"INFO","source":{"function":"github.com/FredericoBento/HandGame/internal/app/handgame.(*HandGameApp).Stop","file":"/home/fredarch/Documents/Github/HandGame/internal/app/handgame/handgame.go","line":73},"msg":" - Ok"}
{"time":"2024-09-23T16:29:22.727022264+01:00","level":"WARN","source":{"function":"github.com/FredericoBento/HandGame/internal/app/handgame.(*HandGameApp).Stop","file":"/home/fredarch/Documents/Github/HandGame/internal/app/handgame/handgame.go","line":70},"msg":"Stopping HandGame App..."}
{"time":"2024-09-23T16:29:22.727031391+01:00","level":"INFO","source":{"function":"github.com/FredericoBento/HandGame/internal/app/handgame.(*HandGameApp).Stop","file":"/home/fredarch/Documents/Github/HandGame/internal/app/handgame/handgame.go","line":73},"msg":" - Ok"}
{"time":"2024-09-23T16:42:28.18335981+01:00","level":"WARN","source":{"function":"github.com/FredericoBento/HandGame/internal/app/handgame.(*HandGameApp).Stop","file":"/home/fredarch/Documents/Github/HandGame/internal/app/handgame/handgame.go","line":70},"msg":"Stopping HandGame App..."}
{"time":"2024-09-23T16:42:28.183373253+01:00","level":"INFO","source":{"function":"github.com/FredericoBento/HandGame/internal/app/handgame.(*HandGameApp).Stop","file":"/home/fredarch/Documents/Github/HandGame/internal/app/handgame/handgame.go","line":73},"msg":" - Ok"}
{"time":"2024-09-23T16:50:49.456486081+01:00","level":"WARN","source":{"function":"github.com/FredericoBento/HandGame/internal/app/handgame.(*HandGameApp).Stop","file":"/home/fredarch/Documents/Github/HandGame/internal/app/handgame/handgame.go","line":70},"msg":"Stopping HandGame App..."}
{"time":"2024-09-23T16:50:49.456567498+01:00","level":"INFO","source":{"function":"github.com/FredericoBento/HandGame/internal/app/handgame.(*HandGameApp).Stop","file":"/home/fredarch/Documents/Github/HandGame/internal/app/handgame/handgame.go","line":73},"msg":" - Ok"}
{"time":"2024-09-23T16:53:33.232571698+01:00","level":"WARN","source":{"function":"github.com/FredericoBento/HandGame/internal/app/handgame.(*HandGameApp).Stop","file":"/home/fredarch/Documents/Github/HandGame/internal/app/handgame/handgame.go","line":70},"msg":"Stopping HandGame App..."}
{"time":"2024-09-23T16:53:33.232599079+01:00","level":"INFO","source":{"function":"github.com/FredericoBento/HandGame/internal/app/handgame.(*HandGameApp).Stop","file":"/home/fredarch/Documents/Github/HandGame/internal/app/handgame/handgame.go","line":73},"msg":" - Ok"}
{"time":"2024-09-23T16:56:59.024837474+01:00","level":"WARN","source":{"function":"github.com/FredericoBento/HandGame/internal/app/handgame.(*HandGameApp).Stop","file":"/home/fredarch/Documents/Github/HandGame/internal/app/handgame/handgame.go","line":70},"msg":"Stopping HandGame App..."}
{"time":"2024-09-23T16:56:59.02493176+01:00","level":"INFO","source":{"function":"github.com/FredericoBento/HandGame/internal/app/handgame.(*HandGameApp).Stop","file":"/home/fredarch/Documents/Github/HandGame/internal/app/handgame/handgame.go","line":73},"msg":" - Ok"}
{"time":"2024-09-23T17:02:08.456792311+01:00","level":"WARN","source":{"function":"github.com/FredericoBento/HandGame/internal/app/handgame.(*HandGameApp).Stop","file":"/home/fredarch/Documents/Github/HandGame/internal/app/handgame/handgame.go","line":70},"msg":"Stopping HandGame App..."}
{"time":"2024-09-23T17:02:08.457069298+01:00","level":"INFO","source":{"function":"github.com/FredericoBento/HandGame/internal/app/handgame.(*HandGameApp).Stop","file":"/home/fredarch/Documents/Github/HandGame/internal/app/handgame/handgame.go","line":73},"msg":" - Ok"}
{"time":"2024-09-23T17:05:57.873793786+01:00","level":"WARN","source":{"function":"github.com/FredericoBento/HandGame/internal/app/handgame.(*HandGameApp).Stop","file":"/home/fredarch/Documents/Github/HandGame/internal/app/handgame/handgame.go","line":70},"msg":"Stopping HandGame App..."}
{"time":"2024-09-23T17:05:57.873845621+01:00","level":"INFO","source":{"function":"github.com/FredericoBento/HandGame/internal/app/handgame.(*HandGameApp).Stop","file":"/home/fredarch/Documents/Github/HandGame/internal/app/handgame/handgame.go","line":73},"msg":" - Ok"}
{"time":"2024-09-23T17:06:38.472218519+01:00","level":"WARN","source":{"function":"github.com/FredericoBento/HandGame/internal/app/handgame.(*HandGameApp).Stop","file":"/home/fredarch/Documents/Github/HandGame/internal/app/handgame/handgame.go","line":70},"msg":"Stopping HandGame App..."}
{"time":"2024-09-23T17:06:38.472227145+01:00","level":"INFO","source":{"function":"github.com/FredericoBento/HandGame/internal/app/handgame.(*HandGameApp).Stop","file":"/home/fredarch/Documents/Github/HandGame/internal/app/handgame/handgame.go","line":73},"msg":" - Ok"}
{"time":"2024-09-23T17:07:30.769044548+01:00","level":"WARN","source":{"function":"github.com/FredericoBento/HandGame/internal/app/handgame.(*HandGameApp).Stop","file":"/home/fredarch/Documents/Github/HandGame/internal/app/handgame/handgame.go","line":70},"msg":"Stopping HandGame App..."}
{"time":"2024-09-23T17:07:30.769185183+01:00","level":"INFO","source":{"function":"github.com/FredericoBento/HandGame/internal/app/handgame.(*HandGameApp).Stop","file":"/home/fredarch/Documents/Github/HandGame/internal/app/handgame/handgame.go","line":73},"msg":" - Ok"}
