{"time":"2024-10-04T16:23:18.885925191+01:00","level":"WARN","source":{"function":"github.com/FredericoBento/HandGame/internal/app/pong.(*PongApp).Stop","file":"/home/fredarch/Documents/Github/HandGame/internal/app/pong/pong.go","line":72},"msg":"Stopping Pong App..."}
{"time":"2024-10-04T16:23:18.88602506+01:00","level":"INFO","source":{"function":"github.com/FredericoBento/HandGame/internal/app/pong.(*PongApp).Stop","file":"/home/fredarch/Documents/Github/HandGame/internal/app/pong/pong.go","line":75},"msg":" - Ok"}
{"time":"2024-10-04T16:24:26.581289386+01:00","level":"WARN","source":{"function":"github.com/FredericoBento/HandGame/internal/app/pong.(*PongApp).Stop","file":"/home/fredarch/Documents/Github/HandGame/internal/app/pong/pong.go","line":72},"msg":"Stopping Pong App..."}
{"time":"2024-10-04T16:24:26.581310621+01:00","level":"INFO","source":{"function":"github.com/FredericoBento/HandGame/internal/app/pong.(*PongApp).Stop","file":"/home/fredarch/Documents/Github/HandGame/internal/app/pong/pong.go","line":75},"msg":" - Ok"}
{"time":"2024-10-04T16:30:27.206437991+01:00","level":"WARN","source":{"function":"github.com/FredericoBento/HandGame/internal/app/pong.(*PongApp).Stop","file":"/home/fredarch/Documents/Github/HandGame/internal/app/pong/pong.go","line":72},"msg":"Stopping Pong App..."}
{"time":"2024-10-04T16:30:27.206465567+01:00","level":"INFO","source":{"function":"github.com/FredericoBento/HandGame/internal/app/pong.(*PongApp).Stop","file":"/home/fredarch/Documents/Github/HandGame/internal/app/pong/pong.go","line":75},"msg":" - Ok"}
{"time":"2024-10-04T16:31:21.286287191+01:00","level":"WARN","source":{"function":"github.com/FredericoBento/HandGame/internal/app/pong.(*PongApp).Stop","file":"/home/fredarch/Documents/Github/HandGame/internal/app/pong/pong.go","line":72},"msg":"Stopping Pong App..."}
{"time":"2024-10-04T16:31:21.286314462+01:00","level":"INFO","source":{"function":"github.com/FredericoBento/HandGame/internal/app/pong.(*PongApp).Stop","file":"/home/fredarch/Documents/Github/HandGame/internal/app/pong/pong.go","line":75},"msg":" - Ok"}
{"time":"2024-10-04T16:33:02.198403734+01:00","level":"WARN","source":{"function":"github.com/FredericoBento/HandGame/internal/app/pong.(*PongApp).Stop","file":"/home/fredarch/Documents/Github/HandGame/internal/app/pong/pong.go","line":72},"msg":"Stopping Pong App..."}
{"time":"2024-10-04T16:33:02.198450641+01:00","level":"INFO","source":{"function":"github.com/FredericoBento/HandGame/internal/app/pong.(*PongApp).Stop","file":"/home/fredarch/Documents/Github/HandGame/internal/app/pong/pong.go","line":75},"msg":" - Ok"}
{"time":"2024-10-04T16:33:44.198357257+01:00","level":"WARN","source":{"function":"github.com/FredericoBento/HandGame/internal/app/pong.(*PongApp).Stop","file":"/home/fredarch/Documents/Github/HandGame/internal/app/pong/pong.go","line":72},"msg":"Stopping Pong App..."}
{"time":"2024-10-04T16:33:44.19843428+01:00","level":"INFO","source":{"function":"github.com/FredericoBento/HandGame/internal/app/pong.(*PongApp).Stop","file":"/home/fredarch/Documents/Github/HandGame/internal/app/pong/pong.go","line":75},"msg":" - Ok"}
{"time":"2024-10-04T16:34:14.182478188+01:00","level":"WARN","source":{"function":"github.com/FredericoBento/HandGame/internal/app/pong.(*PongApp).Stop","file":"/home/fredarch/Documents/Github/HandGame/internal/app/pong/pong.go","line":72},"msg":"Stopping Pong App..."}
{"time":"2024-10-04T16:34:14.182528983+01:00","level":"INFO","source":{"function":"github.com/FredericoBento/HandGame/internal/app/pong.(*PongApp).Stop","file":"/home/fredarch/Documents/Github/HandGame/internal/app/pong/pong.go","line":75},"msg":" - Ok"}
{"time":"2024-10-04T16:34:28.142499838+01:00","level":"WARN","source":{"function":"github.com/FredericoBento/HandGame/internal/app/pong.(*PongApp).Stop","file":"/home/fredarch/Documents/Github/HandGame/internal/app/pong/pong.go","line":72},"msg":"Stopping Pong App..."}
{"time":"2024-10-04T16:34:28.142525045+01:00","level":"INFO","source":{"function":"github.com/FredericoBento/HandGame/internal/app/pong.(*PongApp).Stop","file":"/home/fredarch/Documents/Github/HandGame/internal/app/pong/pong.go","line":75},"msg":" - Ok"}
{"time":"2024-10-04T16:35:03.862372398+01:00","level":"WARN","source":{"function":"github.com/FredericoBento/HandGame/internal/app/pong.(*PongApp).Stop","file":"/home/fredarch/Documents/Github/HandGame/internal/app/pong/pong.go","line":72},"msg":"Stopping Pong App..."}
{"time":"2024-10-04T16:35:03.862403177+01:00","level":"INFO","source":{"function":"github.com/FredericoBento/HandGame/internal/app/pong.(*PongApp).Stop","file":"/home/fredarch/Documents/Github/HandGame/internal/app/pong/pong.go","line":75},"msg":" - Ok"}
{"time":"2024-10-04T16:35:14.791588057+01:00","level":"WARN","source":{"function":"github.com/FredericoBento/HandGame/internal/app/pong.(*PongApp).Stop","file":"/home/fredarch/Documents/Github/HandGame/internal/app/pong/pong.go","line":72},"msg":"Stopping Pong App..."}
{"time":"2024-10-04T16:35:14.791598231+01:00","level":"INFO","source":{"function":"github.com/FredericoBento/HandGame/internal/app/pong.(*PongApp).Stop","file":"/home/fredarch/Documents/Github/HandGame/internal/app/pong/pong.go","line":75},"msg":" - Ok"}
{"time":"2024-10-04T16:37:22.318531486+01:00","level":"WARN","source":{"function":"github.com/FredericoBento/HandGame/internal/app/pong.(*PongApp).Stop","file":"/home/fredarch/Documents/Github/HandGame/internal/app/pong/pong.go","line":72},"msg":"Stopping Pong App..."}
{"time":"2024-10-04T16:37:22.318560898+01:00","level":"INFO","source":{"function":"github.com/FredericoBento/HandGame/internal/app/pong.(*PongApp).Stop","file":"/home/fredarch/Documents/Github/HandGame/internal/app/pong/pong.go","line":75},"msg":" - Ok"}
{"time":"2024-10-04T16:38:34.686230432+01:00","level":"WARN","source":{"function":"github.com/FredericoBento/HandGame/internal/app/pong.(*PongApp).Stop","file":"/home/fredarch/Documents/Github/HandGame/internal/app/pong/pong.go","line":72},"msg":"Stopping Pong App..."}
{"time":"2024-10-04T16:38:34.686328549+01:00","level":"INFO","source":{"function":"github.com/FredericoBento/HandGame/internal/app/pong.(*PongApp).Stop","file":"/home/fredarch/Documents/Github/HandGame/internal/app/pong/pong.go","line":75},"msg":" - Ok"}
{"time":"2024-10-04T16:40:04.214545558+01:00","level":"WARN","source":{"function":"github.com/FredericoBento/HandGame/internal/app/pong.(*PongApp).Stop","file":"/home/fredarch/Documents/Github/HandGame/internal/app/pong/pong.go","line":72},"msg":"Stopping Pong App..."}
{"time":"2024-10-04T16:40:04.214704888+01:00","level":"INFO","source":{"function":"github.com/FredericoBento/HandGame/internal/app/pong.(*PongApp).Stop","file":"/home/fredarch/Documents/Github/HandGame/internal/app/pong/pong.go","line":75},"msg":" - Ok"}
{"time":"2024-10-04T16:40:42.735060565+01:00","level":"WARN","source":{"function":"github.com/FredericoBento/HandGame/internal/app/pong.(*PongApp).Stop","file":"/home/fredarch/Documents/Github/HandGame/internal/app/pong/pong.go","line":72},"msg":"Stopping Pong App..."}
{"time":"2024-10-04T16:40:42.735290464+01:00","level":"INFO","source":{"function":"github.com/FredericoBento/HandGame/internal/app/pong.(*PongApp).Stop","file":"/home/fredarch/Documents/Github/HandGame/internal/app/pong/pong.go","line":75},"msg":" - Ok"}
{"time":"2024-10-04T16:41:41.461919393+01:00","level":"WARN","source":{"function":"github.com/FredericoBento/HandGame/internal/app/pong.(*PongApp).Stop","file":"/home/fredarch/Documents/Github/HandGame/internal/app/pong/pong.go","line":72},"msg":"Stopping Pong App..."}
{"time":"2024-10-04T16:41:41.461954714+01:00","level":"INFO","source":{"function":"github.com/FredericoBento/HandGame/internal/app/pong.(*PongApp).Stop","file":"/home/fredarch/Documents/Github/HandGame/internal/app/pong/pong.go","line":75},"msg":" - Ok"}
{"time":"2024-10-04T16:42:29.246819953+01:00","level":"WARN","source":{"function":"github.com/FredericoBento/HandGame/internal/app/pong.(*PongApp).Stop","file":"/home/fredarch/Documents/Github/HandGame/internal/app/pong/pong.go","line":72},"msg":"Stopping Pong App..."}
{"time":"2024-10-04T16:42:29.246846738+01:00","level":"INFO","source":{"function":"github.com/FredericoBento/HandGame/internal/app/pong.(*PongApp).Stop","file":"/home/fredarch/Documents/Github/HandGame/internal/app/pong/pong.go","line":75},"msg":" - Ok"}
{"time":"2024-10-04T16:48:01.984447464+01:00","level":"WARN","source":{"function":"github.com/FredericoBento/HandGame/internal/app/pong.(*PongApp).Stop","file":"/home/fredarch/Documents/Github/HandGame/internal/app/pong/pong.go","line":72},"msg":"Stopping Pong App..."}
{"time":"2024-10-04T16:48:01.984503375+01:00","level":"INFO","source":{"function":"github.com/FredericoBento/HandGame/internal/app/pong.(*PongApp).Stop","file":"/home/fredarch/Documents/Github/HandGame/internal/app/pong/pong.go","line":75},"msg":" - Ok"}
{"time":"2024-10-04T16:48:39.862900621+01:00","level":"WARN","source":{"function":"github.com/FredericoBento/HandGame/internal/app/pong.(*PongApp).Stop","file":"/home/fredarch/Documents/Github/HandGame/internal/app/pong/pong.go","line":72},"msg":"Stopping Pong App..."}
{"time":"2024-10-04T16:48:39.863001782+01:00","level":"INFO","source":{"function":"github.com/FredericoBento/HandGame/internal/app/pong.(*PongApp).Stop","file":"/home/fredarch/Documents/Github/HandGame/internal/app/pong/pong.go","line":75},"msg":" - Ok"}
{"time":"2024-10-04T16:49:15.863255394+01:00","level":"WARN","source":{"function":"github.com/FredericoBento/HandGame/internal/app/pong.(*PongApp).Stop","file":"/home/fredarch/Documents/Github/HandGame/internal/app/pong/pong.go","line":72},"msg":"Stopping Pong App..."}
{"time":"2024-10-04T16:49:15.863280215+01:00","level":"INFO","source":{"function":"github.com/FredericoBento/HandGame/internal/app/pong.(*PongApp).Stop","file":"/home/fredarch/Documents/Github/HandGame/internal/app/pong/pong.go","line":75},"msg":" - Ok"}
{"time":"2024-10-04T16:49:52.502844056+01:00","level":"WARN","source":{"function":"github.com/FredericoBento/HandGame/internal/app/pong.(*PongApp).Stop","file":"/home/fredarch/Documents/Github/HandGame/internal/app/pong/pong.go","line":72},"msg":"Stopping Pong App..."}
{"time":"2024-10-04T16:49:52.502917056+01:00","level":"INFO","source":{"function":"github.com/FredericoBento/HandGame/internal/app/pong.(*PongApp).Stop","file":"/home/fredarch/Documents/Github/HandGame/internal/app/pong/pong.go","line":75},"msg":" - Ok"}
{"time":"2024-10-04T16:52:19.238871965+01:00","level":"WARN","source":{"function":"github.com/FredericoBento/HandGame/internal/app/pong.(*PongApp).Stop","file":"/home/fredarch/Documents/Github/HandGame/internal/app/pong/pong.go","line":72},"msg":"Stopping Pong App..."}
{"time":"2024-10-04T16:52:19.238950747+01:00","level":"INFO","source":{"function":"github.com/FredericoBento/HandGame/internal/app/pong.(*PongApp).Stop","file":"/home/fredarch/Documents/Github/HandGame/internal/app/pong/pong.go","line":75},"msg":" - Ok"}
{"time":"2024-10-04T16:54:25.895171834+01:00","level":"WARN","source":{"function":"github.com/FredericoBento/HandGame/internal/app/pong.(*PongApp).Stop","file":"/home/fredarch/Documents/Github/HandGame/internal/app/pong/pong.go","line":72},"msg":"Stopping Pong App..."}
{"time":"2024-10-04T16:54:25.89519625+01:00","level":"INFO","source":{"function":"github.com/FredericoBento/HandGame/internal/app/pong.(*PongApp).Stop","file":"/home/fredarch/Documents/Github/HandGame/internal/app/pong/pong.go","line":75},"msg":" - Ok"}
{"time":"2024-10-04T16:57:19.63926037+01:00","level":"WARN","source":{"function":"github.com/FredericoBento/HandGame/internal/app/pong.(*PongApp).Stop","file":"/home/fredarch/Documents/Github/HandGame/internal/app/pong/pong.go","line":72},"msg":"Stopping Pong App..."}
{"time":"2024-10-04T16:57:19.639287365+01:00","level":"INFO","source":{"function":"github.com/FredericoBento/HandGame/internal/app/pong.(*PongApp).Stop","file":"/home/fredarch/Documents/Github/HandGame/internal/app/pong/pong.go","line":75},"msg":" - Ok"}
{"time":"2024-10-04T16:58:06.895243265+01:00","level":"WARN","source":{"function":"github.com/FredericoBento/HandGame/internal/app/pong.(*PongApp).Stop","file":"/home/fredarch/Documents/Github/HandGame/internal/app/pong/pong.go","line":72},"msg":"Stopping Pong App..."}
{"time":"2024-10-04T16:58:06.895343757+01:00","level":"INFO","source":{"function":"github.com/FredericoBento/HandGame/internal/app/pong.(*PongApp).Stop","file":"/home/fredarch/Documents/Github/HandGame/internal/app/pong/pong.go","line":75},"msg":" - Ok"}
{"time":"2024-10-04T17:08:22.719846705+01:00","level":"WARN","source":{"function":"github.com/FredericoBento/HandGame/internal/app/pong.(*PongApp).Stop","file":"/home/fredarch/Documents/Github/HandGame/internal/app/pong/pong.go","line":72},"msg":"Stopping Pong App..."}
{"time":"2024-10-04T17:08:22.719927896+01:00","level":"INFO","source":{"function":"github.com/FredericoBento/HandGame/internal/app/pong.(*PongApp).Stop","file":"/home/fredarch/Documents/Github/HandGame/internal/app/pong/pong.go","line":75},"msg":" - Ok"}
{"time":"2024-10-04T17:10:31.31277196+01:00","level":"WARN","source":{"function":"github.com/FredericoBento/HandGame/internal/app/pong.(*PongApp).Stop","file":"/home/fredarch/Documents/Github/HandGame/internal/app/pong/pong.go","line":72},"msg":"Stopping Pong App..."}
{"time":"2024-10-04T17:10:31.312870125+01:00","level":"INFO","source":{"function":"github.com/FredericoBento/HandGame/internal/app/pong.(*PongApp).Stop","file":"/home/fredarch/Documents/Github/HandGame/internal/app/pong/pong.go","line":75},"msg":" - Ok"}
{"time":"2024-10-04T17:13:48.103668265+01:00","level":"WARN","source":{"function":"github.com/FredericoBento/HandGame/internal/app/pong.(*PongApp).Stop","file":"/home/fredarch/Documents/Github/HandGame/internal/app/pong/pong.go","line":72},"msg":"Stopping Pong App..."}
{"time":"2024-10-04T17:13:48.103723089+01:00","level":"INFO","source":{"function":"github.com/FredericoBento/HandGame/internal/app/pong.(*PongApp).Stop","file":"/home/fredarch/Documents/Github/HandGame/internal/app/pong/pong.go","line":75},"msg":" - Ok"}
{"time":"2024-10-04T17:17:18.992772362+01:00","level":"WARN","source":{"function":"github.com/FredericoBento/HandGame/internal/app/pong.(*PongApp).Stop","file":"/home/fredarch/Documents/Github/HandGame/internal/app/pong/pong.go","line":72},"msg":"Stopping Pong App..."}
{"time":"2024-10-04T17:17:18.99280669+01:00","level":"INFO","source":{"function":"github.com/FredericoBento/HandGame/internal/app/pong.(*PongApp).Stop","file":"/home/fredarch/Documents/Github/HandGame/internal/app/pong/pong.go","line":75},"msg":" - Ok"}
{"time":"2024-10-04T17:17:30.271923034+01:00","level":"WARN","source":{"function":"github.com/FredericoBento/HandGame/internal/app/pong.(*PongApp).Stop","file":"/home/fredarch/Documents/Github/HandGame/internal/app/pong/pong.go","line":72},"msg":"Stopping Pong App..."}
{"time":"2024-10-04T17:17:30.27194773+01:00","level":"INFO","source":{"function":"github.com/FredericoBento/HandGame/internal/app/pong.(*PongApp).Stop","file":"/home/fredarch/Documents/Github/HandGame/internal/app/pong/pong.go","line":75},"msg":" - Ok"}
{"time":"2024-10-04T17:20:54.27184303+01:00","level":"WARN","source":{"function":"github.com/FredericoBento/HandGame/internal/app/pong.(*PongApp).Stop","file":"/home/fredarch/Documents/Github/HandGame/internal/app/pong/pong.go","line":72},"msg":"Stopping Pong App..."}
{"time":"2024-10-04T17:20:54.271869001+01:00","level":"INFO","source":{"function":"github.com/FredericoBento/HandGame/internal/app/pong.(*PongApp).Stop","file":"/home/fredarch/Documents/Github/HandGame/internal/app/pong/pong.go","line":75},"msg":" - Ok"}
{"time":"2024-10-04T17:23:19.096093507+01:00","level":"WARN","source":{"function":"github.com/FredericoBento/HandGame/internal/app/pong.(*PongApp).Stop","file":"/home/fredarch/Documents/Github/HandGame/internal/app/pong/pong.go","line":72},"msg":"Stopping Pong App..."}
{"time":"2024-10-04T17:23:19.096178032+01:00","level":"INFO","source":{"function":"github.com/FredericoBento/HandGame/internal/app/pong.(*PongApp).Stop","file":"/home/fredarch/Documents/Github/HandGame/internal/app/pong/pong.go","line":75},"msg":" - Ok"}
{"time":"2024-10-04T17:23:55.384051552+01:00","level":"WARN","source":{"function":"github.com/FredericoBento/HandGame/internal/app/pong.(*PongApp).Stop","file":"/home/fredarch/Documents/Github/HandGame/internal/app/pong/pong.go","line":72},"msg":"Stopping Pong App..."}
{"time":"2024-10-04T17:23:55.384098076+01:00","level":"INFO","source":{"function":"github.com/FredericoBento/HandGame/internal/app/pong.(*PongApp).Stop","file":"/home/fredarch/Documents/Github/HandGame/internal/app/pong/pong.go","line":75},"msg":" - Ok"}
{"time":"2024-10-04T17:32:50.482807839+01:00","level":"WARN","source":{"function":"github.com/FredericoBento/HandGame/internal/app/pong.(*PongApp).Stop","file":"/home/fredarch/Documents/Github/HandGame/internal/app/pong/pong.go","line":72},"msg":"Stopping Pong App..."}
{"time":"2024-10-04T17:32:50.482835714+01:00","level":"INFO","source":{"function":"github.com/FredericoBento/HandGame/internal/app/pong.(*PongApp).Stop","file":"/home/fredarch/Documents/Github/HandGame/internal/app/pong/pong.go","line":75},"msg":" - Ok"}
{"time":"2024-10-04T17:35:48.816433162+01:00","level":"WARN","source":{"function":"github.com/FredericoBento/HandGame/internal/app/pong.(*PongApp).Stop","file":"/home/fredarch/Documents/Github/HandGame/internal/app/pong/pong.go","line":72},"msg":"Stopping Pong App..."}
{"time":"2024-10-04T17:35:48.816459222+01:00","level":"INFO","source":{"function":"github.com/FredericoBento/HandGame/internal/app/pong.(*PongApp).Stop","file":"/home/fredarch/Documents/Github/HandGame/internal/app/pong/pong.go","line":75},"msg":" - Ok"}
{"time":"2024-10-04T17:36:05.432233889+01:00","level":"WARN","source":{"function":"github.com/FredericoBento/HandGame/internal/app/pong.(*PongApp).Stop","file":"/home/fredarch/Documents/Github/HandGame/internal/app/pong/pong.go","line":72},"msg":"Stopping Pong App..."}
{"time":"2024-10-04T17:36:05.432258657+01:00","level":"INFO","source":{"function":"github.com/FredericoBento/HandGame/internal/app/pong.(*PongApp).Stop","file":"/home/fredarch/Documents/Github/HandGame/internal/app/pong/pong.go","line":75},"msg":" - Ok"}
{"time":"2024-10-04T17:36:50.520187058+01:00","level":"WARN","source":{"function":"github.com/FredericoBento/HandGame/internal/app/pong.(*PongApp).Stop","file":"/home/fredarch/Documents/Github/HandGame/internal/app/pong/pong.go","line":72},"msg":"Stopping Pong App..."}
{"time":"2024-10-04T17:36:50.520213257+01:00","level":"INFO","source":{"function":"github.com/FredericoBento/HandGame/internal/app/pong.(*PongApp).Stop","file":"/home/fredarch/Documents/Github/HandGame/internal/app/pong/pong.go","line":75},"msg":" - Ok"}
{"time":"2024-10-04T17:37:55.096438925+01:00","level":"WARN","source":{"function":"github.com/FredericoBento/HandGame/internal/app/pong.(*PongApp).Stop","file":"/home/fredarch/Documents/Github/HandGame/internal/app/pong/pong.go","line":72},"msg":"Stopping Pong App..."}
{"time":"2024-10-04T17:37:55.09646306+01:00","level":"INFO","source":{"function":"github.com/FredericoBento/HandGame/internal/app/pong.(*PongApp).Stop","file":"/home/fredarch/Documents/Github/HandGame/internal/app/pong/pong.go","line":75},"msg":" - Ok"}
{"time":"2024-10-04T17:38:34.104631458+01:00","level":"WARN","source":{"function":"github.com/FredericoBento/HandGame/internal/app/pong.(*PongApp).Stop","file":"/home/fredarch/Documents/Github/HandGame/internal/app/pong/pong.go","line":72},"msg":"Stopping Pong App..."}
{"time":"2024-10-04T17:38:34.104662652+01:00","level":"INFO","source":{"function":"github.com/FredericoBento/HandGame/internal/app/pong.(*PongApp).Stop","file":"/home/fredarch/Documents/Github/HandGame/internal/app/pong/pong.go","line":75},"msg":" - Ok"}
{"time":"2024-10-04T17:39:37.87238929+01:00","level":"WARN","source":{"function":"github.com/FredericoBento/HandGame/internal/app/pong.(*PongApp).Stop","file":"/home/fredarch/Documents/Github/HandGame/internal/app/pong/pong.go","line":72},"msg":"Stopping Pong App..."}
{"time":"2024-10-04T17:39:37.872467641+01:00","level":"INFO","source":{"function":"github.com/FredericoBento/HandGame/internal/app/pong.(*PongApp).Stop","file":"/home/fredarch/Documents/Github/HandGame/internal/app/pong/pong.go","line":75},"msg":" - Ok"}
{"time":"2024-10-04T17:39:58.008518819+01:00","level":"WARN","source":{"function":"github.com/FredericoBento/HandGame/internal/app/pong.(*PongApp).Stop","file":"/home/fredarch/Documents/Github/HandGame/internal/app/pong/pong.go","line":72},"msg":"Stopping Pong App..."}
{"time":"2024-10-04T17:39:58.008621123+01:00","level":"INFO","source":{"function":"github.com/FredericoBento/HandGame/internal/app/pong.(*PongApp).Stop","file":"/home/fredarch/Documents/Github/HandGame/internal/app/pong/pong.go","line":75},"msg":" - Ok"}
{"time":"2024-10-04T17:43:18.328380256+01:00","level":"WARN","source":{"function":"github.com/FredericoBento/HandGame/internal/app/pong.(*PongApp).Stop","file":"/home/fredarch/Documents/Github/HandGame/internal/app/pong/pong.go","line":72},"msg":"Stopping Pong App..."}
{"time":"2024-10-04T17:43:18.328467149+01:00","level":"INFO","source":{"function":"github.com/FredericoBento/HandGame/internal/app/pong.(*PongApp).Stop","file":"/home/fredarch/Documents/Github/HandGame/internal/app/pong/pong.go","line":75},"msg":" - Ok"}
{"time":"2024-10-04T17:43:49.888529483+01:00","level":"WARN","source":{"function":"github.com/FredericoBento/HandGame/internal/app/pong.(*PongApp).Stop","file":"/home/fredarch/Documents/Github/HandGame/internal/app/pong/pong.go","line":72},"msg":"Stopping Pong App..."}
{"time":"2024-10-04T17:43:49.888555569+01:00","level":"INFO","source":{"function":"github.com/FredericoBento/HandGame/internal/app/pong.(*PongApp).Stop","file":"/home/fredarch/Documents/Github/HandGame/internal/app/pong/pong.go","line":75},"msg":" - Ok"}
{"time":"2024-10-04T17:44:14.504690358+01:00","level":"WARN","source":{"function":"github.com/FredericoBento/HandGame/internal/app/pong.(*PongApp).Stop","file":"/home/fredarch/Documents/Github/HandGame/internal/app/pong/pong.go","line":72},"msg":"Stopping Pong App..."}
{"time":"2024-10-04T17:44:14.504713958+01:00","level":"INFO","source":{"function":"github.com/FredericoBento/HandGame/internal/app/pong.(*PongApp).Stop","file":"/home/fredarch/Documents/Github/HandGame/internal/app/pong/pong.go","line":75},"msg":" - Ok"}
{"time":"2024-10-04T17:45:17.216747055+01:00","level":"WARN","source":{"function":"github.com/FredericoBento/HandGame/internal/app/pong.(*PongApp).Stop","file":"/home/fredarch/Documents/Github/HandGame/internal/app/pong/pong.go","line":72},"msg":"Stopping Pong App..."}
{"time":"2024-10-04T17:45:17.216772059+01:00","level":"INFO","source":{"function":"github.com/FredericoBento/HandGame/internal/app/pong.(*PongApp).Stop","file":"/home/fredarch/Documents/Github/HandGame/internal/app/pong/pong.go","line":75},"msg":" - Ok"}
{"time":"2024-10-04T17:45:36.512728728+01:00","level":"WARN","source":{"function":"github.com/FredericoBento/HandGame/internal/app/pong.(*PongApp).Stop","file":"/home/fredarch/Documents/Github/HandGame/internal/app/pong/pong.go","line":72},"msg":"Stopping Pong App..."}
{"time":"2024-10-04T17:45:36.512807008+01:00","level":"INFO","source":{"function":"github.com/FredericoBento/HandGame/internal/app/pong.(*PongApp).Stop","file":"/home/fredarch/Documents/Github/HandGame/internal/app/pong/pong.go","line":75},"msg":" - Ok"}
{"time":"2024-10-04T17:47:29.544479703+01:00","level":"WARN","source":{"function":"github.com/FredericoBento/HandGame/internal/app/pong.(*PongApp).Stop","file":"/home/fredarch/Documents/Github/HandGame/internal/app/pong/pong.go","line":72},"msg":"Stopping Pong App..."}
{"time":"2024-10-04T17:47:29.544569911+01:00","level":"INFO","source":{"function":"github.com/FredericoBento/HandGame/internal/app/pong.(*PongApp).Stop","file":"/home/fredarch/Documents/Github/HandGame/internal/app/pong/pong.go","line":75},"msg":" - Ok"}
{"time":"2024-10-04T17:47:53.424828516+01:00","level":"WARN","source":{"function":"github.com/FredericoBento/HandGame/internal/app/pong.(*PongApp).Stop","file":"/home/fredarch/Documents/Github/HandGame/internal/app/pong/pong.go","line":72},"msg":"Stopping Pong App..."}
{"time":"2024-10-04T17:47:53.424857769+01:00","level":"INFO","source":{"function":"github.com/FredericoBento/HandGame/internal/app/pong.(*PongApp).Stop","file":"/home/fredarch/Documents/Github/HandGame/internal/app/pong/pong.go","line":75},"msg":" - Ok"}
{"time":"2024-10-04T17:51:58.353025307+01:00","level":"WARN","source":{"function":"github.com/FredericoBento/HandGame/internal/app/pong.(*PongApp).Stop","file":"/home/fredarch/Documents/Github/HandGame/internal/app/pong/pong.go","line":72},"msg":"Stopping Pong App..."}
{"time":"2024-10-04T17:51:58.353054352+01:00","level":"INFO","source":{"function":"github.com/FredericoBento/HandGame/internal/app/pong.(*PongApp).Stop","file":"/home/fredarch/Documents/Github/HandGame/internal/app/pong/pong.go","line":75},"msg":" - Ok"}
{"time":"2024-10-04T17:54:56.641150796+01:00","level":"WARN","source":{"function":"github.com/FredericoBento/HandGame/internal/app/pong.(*PongApp).Stop","file":"/home/fredarch/Documents/Github/HandGame/internal/app/pong/pong.go","line":72},"msg":"Stopping Pong App..."}
{"time":"2024-10-04T17:54:56.641179847+01:00","level":"INFO","source":{"function":"github.com/FredericoBento/HandGame/internal/app/pong.(*PongApp).Stop","file":"/home/fredarch/Documents/Github/HandGame/internal/app/pong/pong.go","line":75},"msg":" - Ok"}
{"time":"2024-10-04T17:57:02.969193312+01:00","level":"WARN","source":{"function":"github.com/FredericoBento/HandGame/internal/app/pong.(*PongApp).Stop","file":"/home/fredarch/Documents/Github/HandGame/internal/app/pong/pong.go","line":72},"msg":"Stopping Pong App..."}
{"time":"2024-10-04T17:57:02.969217857+01:00","level":"INFO","source":{"function":"github.com/FredericoBento/HandGame/internal/app/pong.(*PongApp).Stop","file":"/home/fredarch/Documents/Github/HandGame/internal/app/pong/pong.go","line":75},"msg":" - Ok"}
{"time":"2024-10-04T17:57:49.321192119+01:00","level":"WARN","source":{"function":"github.com/FredericoBento/HandGame/internal/app/pong.(*PongApp).Stop","file":"/home/fredarch/Documents/Github/HandGame/internal/app/pong/pong.go","line":72},"msg":"Stopping Pong App..."}
{"time":"2024-10-04T17:57:49.321219717+01:00","level":"INFO","source":{"function":"github.com/FredericoBento/HandGame/internal/app/pong.(*PongApp).Stop","file":"/home/fredarch/Documents/Github/HandGame/internal/app/pong/pong.go","line":75},"msg":" - Ok"}
{"time":"2024-10-04T17:59:12.96913328+01:00","level":"WARN","source":{"function":"github.com/FredericoBento/HandGame/internal/app/pong.(*PongApp).Stop","file":"/home/fredarch/Documents/Github/HandGame/internal/app/pong/pong.go","line":72},"msg":"Stopping Pong App..."}
{"time":"2024-10-04T17:59:12.969157526+01:00","level":"INFO","source":{"function":"github.com/FredericoBento/HandGame/internal/app/pong.(*PongApp).Stop","file":"/home/fredarch/Documents/Github/HandGame/internal/app/pong/pong.go","line":75},"msg":" - Ok"}
{"time":"2024-10-04T18:05:14.881441671+01:00","level":"WARN","source":{"function":"github.com/FredericoBento/HandGame/internal/app/pong.(*PongApp).Stop","file":"/home/fredarch/Documents/Github/HandGame/internal/app/pong/pong.go","line":72},"msg":"Stopping Pong App..."}
{"time":"2024-10-04T18:05:14.881468201+01:00","level":"INFO","source":{"function":"github.com/FredericoBento/HandGame/internal/app/pong.(*PongApp).Stop","file":"/home/fredarch/Documents/Github/HandGame/internal/app/pong/pong.go","line":75},"msg":" - Ok"}
{"time":"2024-10-04T18:07:34.649452721+01:00","level":"WARN","source":{"function":"github.com/FredericoBento/HandGame/internal/app/pong.(*PongApp).Stop","file":"/home/fredarch/Documents/Github/HandGame/internal/app/pong/pong.go","line":72},"msg":"Stopping Pong App..."}
{"time":"2024-10-04T18:07:34.649480236+01:00","level":"INFO","source":{"function":"github.com/FredericoBento/HandGame/internal/app/pong.(*PongApp).Stop","file":"/home/fredarch/Documents/Github/HandGame/internal/app/pong/pong.go","line":75},"msg":" - Ok"}
{"time":"2024-10-04T18:08:40.873610752+01:00","level":"WARN","source":{"function":"github.com/FredericoBento/HandGame/internal/app/pong.(*PongApp).Stop","file":"/home/fredarch/Documents/Github/HandGame/internal/app/pong/pong.go","line":72},"msg":"Stopping Pong App..."}
{"time":"2024-10-04T18:08:40.873637585+01:00","level":"INFO","source":{"function":"github.com/FredericoBento/HandGame/internal/app/pong.(*PongApp).Stop","file":"/home/fredarch/Documents/Github/HandGame/internal/app/pong/pong.go","line":75},"msg":" - Ok"}
{"time":"2024-10-04T18:09:49.122543661+01:00","level":"WARN","source":{"function":"github.com/FredericoBento/HandGame/internal/app/pong.(*PongApp).Stop","file":"/home/fredarch/Documents/Github/HandGame/internal/app/pong/pong.go","line":72},"msg":"Stopping Pong App..."}
{"time":"2024-10-04T18:09:49.122638142+01:00","level":"INFO","source":{"function":"github.com/FredericoBento/HandGame/internal/app/pong.(*PongApp).Stop","file":"/home/fredarch/Documents/Github/HandGame/internal/app/pong/pong.go","line":75},"msg":" - Ok"}
{"time":"2024-10-04T18:10:43.321619018+01:00","level":"WARN","source":{"function":"github.com/FredericoBento/HandGame/internal/app/pong.(*PongApp).Stop","file":"/home/fredarch/Documents/Github/HandGame/internal/app/pong/pong.go","line":72},"msg":"Stopping Pong App..."}
{"time":"2024-10-04T18:10:43.321644248+01:00","level":"INFO","source":{"function":"github.com/FredericoBento/HandGame/internal/app/pong.(*PongApp).Stop","file":"/home/fredarch/Documents/Github/HandGame/internal/app/pong/pong.go","line":75},"msg":" - Ok"}
{"time":"2024-10-04T18:12:28.44975085+01:00","level":"WARN","source":{"function":"github.com/FredericoBento/HandGame/internal/app/pong.(*PongApp).Stop","file":"/home/fredarch/Documents/Github/HandGame/internal/app/pong/pong.go","line":72},"msg":"Stopping Pong App..."}
{"time":"2024-10-04T18:12:28.449776781+01:00","level":"INFO","source":{"function":"github.com/FredericoBento/HandGame/internal/app/pong.(*PongApp).Stop","file":"/home/fredarch/Documents/Github/HandGame/internal/app/pong/pong.go","line":75},"msg":" - Ok"}
{"time":"2024-10-04T18:12:42.321438868+01:00","level":"WARN","source":{"function":"github.com/FredericoBento/HandGame/internal/app/pong.(*PongApp).Stop","file":"/home/fredarch/Documents/Github/HandGame/internal/app/pong/pong.go","line":72},"msg":"Stopping Pong App..."}
{"time":"2024-10-04T18:12:42.32158069+01:00","level":"INFO","source":{"function":"github.com/FredericoBento/HandGame/internal/app/pong.(*PongApp).Stop","file":"/home/fredarch/Documents/Github/HandGame/internal/app/pong/pong.go","line":75},"msg":" - Ok"}
{"time":"2024-10-04T18:20:18.914337251+01:00","level":"WARN","source":{"function":"github.com/FredericoBento/HandGame/internal/app/pong.(*PongApp).Stop","file":"/home/fredarch/Documents/Github/HandGame/internal/app/pong/pong.go","line":72},"msg":"Stopping Pong App..."}
{"time":"2024-10-04T18:20:18.914444985+01:00","level":"INFO","source":{"function":"github.com/FredericoBento/HandGame/internal/app/pong.(*PongApp).Stop","file":"/home/fredarch/Documents/Github/HandGame/internal/app/pong/pong.go","line":75},"msg":" - Ok"}
{"time":"2024-10-04T18:21:25.697835607+01:00","level":"WARN","source":{"function":"github.com/FredericoBento/HandGame/internal/app/pong.(*PongApp).Stop","file":"/home/fredarch/Documents/Github/HandGame/internal/app/pong/pong.go","line":72},"msg":"Stopping Pong App..."}
{"time":"2024-10-04T18:21:25.697909742+01:00","level":"INFO","source":{"function":"github.com/FredericoBento/HandGame/internal/app/pong.(*PongApp).Stop","file":"/home/fredarch/Documents/Github/HandGame/internal/app/pong/pong.go","line":75},"msg":" - Ok"}
{"time":"2024-10-04T18:21:57.001928301+01:00","level":"WARN","source":{"function":"github.com/FredericoBento/HandGame/internal/app/pong.(*PongApp).Stop","file":"/home/fredarch/Documents/Github/HandGame/internal/app/pong/pong.go","line":72},"msg":"Stopping Pong App..."}
{"time":"2024-10-04T18:21:57.002012506+01:00","level":"INFO","source":{"function":"github.com/FredericoBento/HandGame/internal/app/pong.(*PongApp).Stop","file":"/home/fredarch/Documents/Github/HandGame/internal/app/pong/pong.go","line":75},"msg":" - Ok"}
{"time":"2024-10-04T18:22:24.337875424+01:00","level":"WARN","source":{"function":"github.com/FredericoBento/HandGame/internal/app/pong.(*PongApp).Stop","file":"/home/fredarch/Documents/Github/HandGame/internal/app/pong/pong.go","line":72},"msg":"Stopping Pong App..."}
{"time":"2024-10-04T18:22:24.337930862+01:00","level":"INFO","source":{"function":"github.com/FredericoBento/HandGame/internal/app/pong.(*PongApp).Stop","file":"/home/fredarch/Documents/Github/HandGame/internal/app/pong/pong.go","line":75},"msg":" - Ok"}
{"time":"2024-10-04T18:24:15.857888938+01:00","level":"WARN","source":{"function":"github.com/FredericoBento/HandGame/internal/app/pong.(*PongApp).Stop","file":"/home/fredarch/Documents/Github/HandGame/internal/app/pong/pong.go","line":72},"msg":"Stopping Pong App..."}
{"time":"2024-10-04T18:24:15.85798405+01:00","level":"INFO","source":{"function":"github.com/FredericoBento/HandGame/internal/app/pong.(*PongApp).Stop","file":"/home/fredarch/Documents/Github/HandGame/internal/app/pong/pong.go","line":75},"msg":" - Ok"}
{"time":"2024-10-04T18:31:38.938992091+01:00","level":"WARN","source":{"function":"github.com/FredericoBento/HandGame/internal/app/pong.(*PongApp).Stop","file":"/home/fredarch/Documents/Github/HandGame/internal/app/pong/pong.go","line":72},"msg":"Stopping Pong App..."}
{"time":"2024-10-04T18:31:38.939018833+01:00","level":"INFO","source":{"function":"github.com/FredericoBento/HandGame/internal/app/pong.(*PongApp).Stop","file":"/home/fredarch/Documents/Github/HandGame/internal/app/pong/pong.go","line":75},"msg":" - Ok"}
{"time":"2024-10-04T18:32:09.64203288+01:00","level":"WARN","source":{"function":"github.com/FredericoBento/HandGame/internal/app/pong.(*PongApp).Stop","file":"/home/fredarch/Documents/Github/HandGame/internal/app/pong/pong.go","line":72},"msg":"Stopping Pong App..."}
{"time":"2024-10-04T18:32:09.642137218+01:00","level":"INFO","source":{"function":"github.com/FredericoBento/HandGame/internal/app/pong.(*PongApp).Stop","file":"/home/fredarch/Documents/Github/HandGame/internal/app/pong/pong.go","line":75},"msg":" - Ok"}
{"time":"2024-10-04T18:32:34.25029377+01:00","level":"WARN","source":{"function":"github.com/FredericoBento/HandGame/internal/app/pong.(*PongApp).Stop","file":"/home/fredarch/Documents/Github/HandGame/internal/app/pong/pong.go","line":72},"msg":"Stopping Pong App..."}
{"time":"2024-10-04T18:32:34.250317815+01:00","level":"INFO","source":{"function":"github.com/FredericoBento/HandGame/internal/app/pong.(*PongApp).Stop","file":"/home/fredarch/Documents/Github/HandGame/internal/app/pong/pong.go","line":75},"msg":" - Ok"}
{"time":"2024-10-04T18:33:53.858226053+01:00","level":"WARN","source":{"function":"github.com/FredericoBento/HandGame/internal/app/pong.(*PongApp).Stop","file":"/home/fredarch/Documents/Github/HandGame/internal/app/pong/pong.go","line":72},"msg":"Stopping Pong App..."}
{"time":"2024-10-04T18:33:53.858251104+01:00","level":"INFO","source":{"function":"github.com/FredericoBento/HandGame/internal/app/pong.(*PongApp).Stop","file":"/home/fredarch/Documents/Github/HandGame/internal/app/pong/pong.go","line":75},"msg":" - Ok"}
{"time":"2024-10-04T18:35:19.706303055+01:00","level":"WARN","source":{"function":"github.com/FredericoBento/HandGame/internal/app/pong.(*PongApp).Stop","file":"/home/fredarch/Documents/Github/HandGame/internal/app/pong/pong.go","line":72},"msg":"Stopping Pong App..."}
{"time":"2024-10-04T18:35:19.706328651+01:00","level":"INFO","source":{"function":"github.com/FredericoBento/HandGame/internal/app/pong.(*PongApp).Stop","file":"/home/fredarch/Documents/Github/HandGame/internal/app/pong/pong.go","line":75},"msg":" - Ok"}
{"time":"2024-10-04T18:41:07.28268274+01:00","level":"WARN","source":{"function":"github.com/FredericoBento/HandGame/internal/app/pong.(*PongApp).Stop","file":"/home/fredarch/Documents/Github/HandGame/internal/app/pong/pong.go","line":72},"msg":"Stopping Pong App..."}
{"time":"2024-10-04T18:41:07.282706535+01:00","level":"INFO","source":{"function":"github.com/FredericoBento/HandGame/internal/app/pong.(*PongApp).Stop","file":"/home/fredarch/Documents/Github/HandGame/internal/app/pong/pong.go","line":75},"msg":" - Ok"}
{"time":"2024-10-04T18:41:20.034777637+01:00","level":"WARN","source":{"function":"github.com/FredericoBento/HandGame/internal/app/pong.(*PongApp).Stop","file":"/home/fredarch/Documents/Github/HandGame/internal/app/pong/pong.go","line":72},"msg":"Stopping Pong App..."}
{"time":"2024-10-04T18:41:20.034892386+01:00","level":"INFO","source":{"function":"github.com/FredericoBento/HandGame/internal/app/pong.(*PongApp).Stop","file":"/home/fredarch/Documents/Github/HandGame/internal/app/pong/pong.go","line":75},"msg":" - Ok"}
{"time":"2024-10-05T00:17:08.045575504+01:00","level":"WARN","source":{"function":"github.com/FredericoBento/HandGame/internal/app/pong.(*PongApp).Stop","file":"/home/fredarch/Documents/Github/HandGame/internal/app/pong/pong.go","line":72},"msg":"Stopping Pong App..."}
{"time":"2024-10-05T00:17:08.045600906+01:00","level":"INFO","source":{"function":"github.com/FredericoBento/HandGame/internal/app/pong.(*PongApp).Stop","file":"/home/fredarch/Documents/Github/HandGame/internal/app/pong/pong.go","line":75},"msg":" - Ok"}
{"time":"2024-10-05T16:10:38.123915645+01:00","level":"INFO","source":{"function":"github.com/FredericoBento/HandGame/internal/app/pong.(*PongApp).Start","file":"/home/fredarch/Documents/Github/HandGame/internal/app/pong/pong.go","line":43},"msg":"Starting Pong App..."}
{"time":"2024-10-05T16:10:38.124533121+01:00","level":"INFO","source":{"function":"github.com/FredericoBento/HandGame/internal/app/pong.(*PongApp).Start","file":"/home/fredarch/Documents/Github/HandGame/internal/app/pong/pong.go","line":50},"msg":" - Ok"}
{"time":"2024-10-05T16:10:38.667261026+01:00","level":"WARN","source":{"function":"github.com/FredericoBento/HandGame/internal/app/pong.(*PongApp).Stop","file":"/home/fredarch/Documents/Github/HandGame/internal/app/pong/pong.go","line":72},"msg":"Stopping Pong App..."}
{"time":"2024-10-05T16:10:38.667289494+01:00","level":"INFO","source":{"function":"github.com/FredericoBento/HandGame/internal/app/pong.(*PongApp).Stop","file":"/home/fredarch/Documents/Github/HandGame/internal/app/pong/pong.go","line":75},"msg":" - Ok"}
{"time":"2024-10-05T16:10:39.189441725+01:00","level":"WARN","source":{"function":"github.com/FredericoBento/HandGame/internal/app/pong.(*PongApp).Resume","file":"/home/fredarch/Documents/Github/HandGame/internal/app/pong/pong.go","line":86},"msg":"Resuming Pong App..."}
{"time":"2024-10-05T16:10:39.189468662+01:00","level":"INFO","source":{"function":"github.com/FredericoBento/HandGame/internal/app/pong.(*PongApp).Resume","file":"/home/fredarch/Documents/Github/HandGame/internal/app/pong/pong.go","line":89},"msg":" - Ok"}
{"time":"2024-10-05T16:10:40.497119296+01:00","level":"WARN","source":{"function":"github.com/FredericoBento/HandGame/internal/app/pong.(*PongApp).Stop","file":"/home/fredarch/Documents/Github/HandGame/internal/app/pong/pong.go","line":72},"msg":"Stopping Pong App..."}
{"time":"2024-10-05T16:10:40.497150591+01:00","level":"INFO","source":{"function":"github.com/FredericoBento/HandGame/internal/app/pong.(*PongApp).Stop","file":"/home/fredarch/Documents/Github/HandGame/internal/app/pong/pong.go","line":75},"msg":" - Ok"}
{"time":"2024-10-05T16:14:56.341141668+01:00","level":"WARN","source":{"function":"github.com/FredericoBento/HandGame/internal/app/pong.(*PongApp).Stop","file":"/home/fredarch/Documents/Github/HandGame/internal/app/pong/pong.go","line":72},"msg":"Stopping Pong App..."}
{"time":"2024-10-05T16:14:56.341165222+01:00","level":"INFO","source":{"function":"github.com/FredericoBento/HandGame/internal/app/pong.(*PongApp).Stop","file":"/home/fredarch/Documents/Github/HandGame/internal/app/pong/pong.go","line":75},"msg":" - Ok"}
{"time":"2024-10-05T17:00:33.390684845+01:00","level":"WARN","source":{"function":"github.com/FredericoBento/HandGame/internal/app/pong.(*PongApp).Stop","file":"/home/fredarch/Documents/Github/HandGame/internal/app/pong/pong.go","line":72},"msg":"Stopping Pong App..."}
{"time":"2024-10-05T17:00:33.390710255+01:00","level":"INFO","source":{"function":"github.com/FredericoBento/HandGame/internal/app/pong.(*PongApp).Stop","file":"/home/fredarch/Documents/Github/HandGame/internal/app/pong/pong.go","line":75},"msg":" - Ok"}
{"time":"2024-10-05T17:06:14.237942878+01:00","level":"WARN","source":{"function":"github.com/FredericoBento/HandGame/internal/app/pong.(*PongApp).Stop","file":"/home/fredarch/Documents/Github/HandGame/internal/app/pong/pong.go","line":72},"msg":"Stopping Pong App..."}
{"time":"2024-10-05T17:06:14.238009+01:00","level":"INFO","source":{"function":"github.com/FredericoBento/HandGame/internal/app/pong.(*PongApp).Stop","file":"/home/fredarch/Documents/Github/HandGame/internal/app/pong/pong.go","line":75},"msg":" - Ok"}
{"time":"2024-10-05T17:08:55.174779328+01:00","level":"WARN","source":{"function":"github.com/FredericoBento/HandGame/internal/app/pong.(*PongApp).Stop","file":"/home/fredarch/Documents/Github/HandGame/internal/app/pong/pong.go","line":72},"msg":"Stopping Pong App..."}
{"time":"2024-10-05T17:08:55.174863389+01:00","level":"INFO","source":{"function":"github.com/FredericoBento/HandGame/internal/app/pong.(*PongApp).Stop","file":"/home/fredarch/Documents/Github/HandGame/internal/app/pong/pong.go","line":75},"msg":" - Ok"}
{"time":"2024-10-05T17:18:39.248093444+01:00","level":"WARN","source":{"function":"github.com/FredericoBento/HandGame/internal/app/pong.(*PongApp).Stop","file":"/home/fredarch/Documents/Github/HandGame/internal/app/pong/pong.go","line":72},"msg":"Stopping Pong App..."}
{"time":"2024-10-05T17:18:39.248175023+01:00","level":"INFO","source":{"function":"github.com/FredericoBento/HandGame/internal/app/pong.(*PongApp).Stop","file":"/home/fredarch/Documents/Github/HandGame/internal/app/pong/pong.go","line":75},"msg":" - Ok"}
{"time":"2024-10-05T17:19:20.70353077+01:00","level":"WARN","source":{"function":"github.com/FredericoBento/HandGame/internal/app/pong.(*PongApp).Stop","file":"/home/fredarch/Documents/Github/HandGame/internal/app/pong/pong.go","line":72},"msg":"Stopping Pong App..."}
{"time":"2024-10-05T17:19:20.703557011+01:00","level":"INFO","source":{"function":"github.com/FredericoBento/HandGame/internal/app/pong.(*PongApp).Stop","file":"/home/fredarch/Documents/Github/HandGame/internal/app/pong/pong.go","line":75},"msg":" - Ok"}
{"time":"2024-10-05T17:22:00.288964125+01:00","level":"WARN","source":{"function":"github.com/FredericoBento/HandGame/internal/app/pong.(*PongApp).Stop","file":"/home/fredarch/Documents/Github/HandGame/internal/app/pong/pong.go","line":72},"msg":"Stopping Pong App..."}
{"time":"2024-10-05T17:22:00.288990041+01:00","level":"INFO","source":{"function":"github.com/FredericoBento/HandGame/internal/app/pong.(*PongApp).Stop","file":"/home/fredarch/Documents/Github/HandGame/internal/app/pong/pong.go","line":75},"msg":" - Ok"}
{"time":"2024-10-05T17:31:53.071517064+01:00","level":"WARN","source":{"function":"github.com/FredericoBento/HandGame/internal/app/pong.(*PongApp).Stop","file":"/home/fredarch/Documents/Github/HandGame/internal/app/pong/pong.go","line":72},"msg":"Stopping Pong App..."}
{"time":"2024-10-05T17:31:53.071597615+01:00","level":"INFO","source":{"function":"github.com/FredericoBento/HandGame/internal/app/pong.(*PongApp).Stop","file":"/home/fredarch/Documents/Github/HandGame/internal/app/pong/pong.go","line":75},"msg":" - Ok"}
{"time":"2024-10-05T17:39:43.351761507+01:00","level":"WARN","source":{"function":"github.com/FredericoBento/HandGame/internal/app/pong.(*PongApp).Stop","file":"/home/fredarch/Documents/Github/HandGame/internal/app/pong/pong.go","line":72},"msg":"Stopping Pong App..."}
{"time":"2024-10-05T17:39:43.351786824+01:00","level":"INFO","source":{"function":"github.com/FredericoBento/HandGame/internal/app/pong.(*PongApp).Stop","file":"/home/fredarch/Documents/Github/HandGame/internal/app/pong/pong.go","line":75},"msg":" - Ok"}
{"time":"2024-10-05T17:41:20.152010558+01:00","level":"WARN","source":{"function":"github.com/FredericoBento/HandGame/internal/app/pong.(*PongApp).Stop","file":"/home/fredarch/Documents/Github/HandGame/internal/app/pong/pong.go","line":72},"msg":"Stopping Pong App..."}
{"time":"2024-10-05T17:41:20.152036446+01:00","level":"INFO","source":{"function":"github.com/FredericoBento/HandGame/internal/app/pong.(*PongApp).Stop","file":"/home/fredarch/Documents/Github/HandGame/internal/app/pong/pong.go","line":75},"msg":" - Ok"}
{"time":"2024-10-05T17:45:29.944037894+01:00","level":"WARN","source":{"function":"github.com/FredericoBento/HandGame/internal/app/pong.(*PongApp).Stop","file":"/home/fredarch/Documents/Github/HandGame/internal/app/pong/pong.go","line":72},"msg":"Stopping Pong App..."}
{"time":"2024-10-05T17:45:29.944063549+01:00","level":"INFO","source":{"function":"github.com/FredericoBento/HandGame/internal/app/pong.(*PongApp).Stop","file":"/home/fredarch/Documents/Github/HandGame/internal/app/pong/pong.go","line":75},"msg":" - Ok"}
{"time":"2024-10-05T17:51:31.432549729+01:00","level":"WARN","source":{"function":"github.com/FredericoBento/HandGame/internal/app/pong.(*PongApp).Stop","file":"/home/fredarch/Documents/Github/HandGame/internal/app/pong/pong.go","line":72},"msg":"Stopping Pong App..."}
{"time":"2024-10-05T17:51:31.432629428+01:00","level":"INFO","source":{"function":"github.com/FredericoBento/HandGame/internal/app/pong.(*PongApp).Stop","file":"/home/fredarch/Documents/Github/HandGame/internal/app/pong/pong.go","line":75},"msg":" - Ok"}
{"time":"2024-10-05T17:55:52.784290086+01:00","level":"WARN","source":{"function":"github.com/FredericoBento/HandGame/internal/app/pong.(*PongApp).Stop","file":"/home/fredarch/Documents/Github/HandGame/internal/app/pong/pong.go","line":72},"msg":"Stopping Pong App..."}
{"time":"2024-10-05T17:55:52.784317399+01:00","level":"INFO","source":{"function":"github.com/FredericoBento/HandGame/internal/app/pong.(*PongApp).Stop","file":"/home/fredarch/Documents/Github/HandGame/internal/app/pong/pong.go","line":75},"msg":" - Ok"}
{"time":"2024-10-05T17:56:22.688631125+01:00","level":"WARN","source":{"function":"github.com/FredericoBento/HandGame/internal/app/pong.(*PongApp).Stop","file":"/home/fredarch/Documents/Github/HandGame/internal/app/pong/pong.go","line":72},"msg":"Stopping Pong App..."}
{"time":"2024-10-05T17:56:22.688711975+01:00","level":"INFO","source":{"function":"github.com/FredericoBento/HandGame/internal/app/pong.(*PongApp).Stop","file":"/home/fredarch/Documents/Github/HandGame/internal/app/pong/pong.go","line":75},"msg":" - Ok"}
{"time":"2024-10-05T17:58:44.736917357+01:00","level":"WARN","source":{"function":"github.com/FredericoBento/HandGame/internal/app/pong.(*PongApp).Stop","file":"/home/fredarch/Documents/Github/HandGame/internal/app/pong/pong.go","line":72},"msg":"Stopping Pong App..."}
{"time":"2024-10-05T17:58:44.736943549+01:00","level":"INFO","source":{"function":"github.com/FredericoBento/HandGame/internal/app/pong.(*PongApp).Stop","file":"/home/fredarch/Documents/Github/HandGame/internal/app/pong/pong.go","line":75},"msg":" - Ok"}
{"time":"2024-10-05T18:02:46.087998798+01:00","level":"WARN","source":{"function":"github.com/FredericoBento/HandGame/internal/app/pong.(*PongApp).Stop","file":"/home/fredarch/Documents/Github/HandGame/internal/app/pong/pong.go","line":72},"msg":"Stopping Pong App..."}
{"time":"2024-10-05T18:02:46.088019513+01:00","level":"INFO","source":{"function":"github.com/FredericoBento/HandGame/internal/app/pong.(*PongApp).Stop","file":"/home/fredarch/Documents/Github/HandGame/internal/app/pong/pong.go","line":75},"msg":" - Ok"}
{"time":"2024-10-05T18:03:46.584760797+01:00","level":"WARN","source":{"function":"github.com/FredericoBento/HandGame/internal/app/pong.(*PongApp).Stop","file":"/home/fredarch/Documents/Github/HandGame/internal/app/pong/pong.go","line":72},"msg":"Stopping Pong App..."}
{"time":"2024-10-05T18:03:46.5847842+01:00","level":"INFO","source":{"function":"github.com/FredericoBento/HandGame/internal/app/pong.(*PongApp).Stop","file":"/home/fredarch/Documents/Github/HandGame/internal/app/pong/pong.go","line":75},"msg":" - Ok"}
{"time":"2024-10-05T18:04:25.617176538+01:00","level":"WARN","source":{"function":"github.com/FredericoBento/HandGame/internal/app/pong.(*PongApp).Stop","file":"/home/fredarch/Documents/Github/HandGame/internal/app/pong/pong.go","line":72},"msg":"Stopping Pong App..."}
{"time":"2024-10-05T18:04:25.617203524+01:00","level":"INFO","source":{"function":"github.com/FredericoBento/HandGame/internal/app/pong.(*PongApp).Stop","file":"/home/fredarch/Documents/Github/HandGame/internal/app/pong/pong.go","line":75},"msg":" - Ok"}
{"time":"2024-10-05T18:04:47.63307109+01:00","level":"WARN","source":{"function":"github.com/FredericoBento/HandGame/internal/app/pong.(*PongApp).Stop","file":"/home/fredarch/Documents/Github/HandGame/internal/app/pong/pong.go","line":72},"msg":"Stopping Pong App..."}
{"time":"2024-10-05T18:04:47.633093683+01:00","level":"INFO","source":{"function":"github.com/FredericoBento/HandGame/internal/app/pong.(*PongApp).Stop","file":"/home/fredarch/Documents/Github/HandGame/internal/app/pong/pong.go","line":75},"msg":" - Ok"}
{"time":"2024-10-05T18:05:04.48791611+01:00","level":"WARN","source":{"function":"github.com/FredericoBento/HandGame/internal/app/pong.(*PongApp).Stop","file":"/home/fredarch/Documents/Github/HandGame/internal/app/pong/pong.go","line":72},"msg":"Stopping Pong App..."}
{"time":"2024-10-05T18:05:04.487960362+01:00","level":"INFO","source":{"function":"github.com/FredericoBento/HandGame/internal/app/pong.(*PongApp).Stop","file":"/home/fredarch/Documents/Github/HandGame/internal/app/pong/pong.go","line":75},"msg":" - Ok"}
{"time":"2024-10-05T18:05:28.056979693+01:00","level":"WARN","source":{"function":"github.com/FredericoBento/HandGame/internal/app/pong.(*PongApp).Stop","file":"/home/fredarch/Documents/Github/HandGame/internal/app/pong/pong.go","line":72},"msg":"Stopping Pong App..."}
{"time":"2024-10-05T18:05:28.05700634+01:00","level":"INFO","source":{"function":"github.com/FredericoBento/HandGame/internal/app/pong.(*PongApp).Stop","file":"/home/fredarch/Documents/Github/HandGame/internal/app/pong/pong.go","line":75},"msg":" - Ok"}
{"time":"2024-10-05T18:05:35.7211243+01:00","level":"WARN","source":{"function":"github.com/FredericoBento/HandGame/internal/app/pong.(*PongApp).Stop","file":"/home/fredarch/Documents/Github/HandGame/internal/app/pong/pong.go","line":72},"msg":"Stopping Pong App..."}
{"time":"2024-10-05T18:05:35.721152129+01:00","level":"INFO","source":{"function":"github.com/FredericoBento/HandGame/internal/app/pong.(*PongApp).Stop","file":"/home/fredarch/Documents/Github/HandGame/internal/app/pong/pong.go","line":75},"msg":" - Ok"}
{"time":"2024-10-05T18:07:37.073153918+01:00","level":"WARN","source":{"function":"github.com/FredericoBento/HandGame/internal/app/pong.(*PongApp).Stop","file":"/home/fredarch/Documents/Github/HandGame/internal/app/pong/pong.go","line":72},"msg":"Stopping Pong App..."}
{"time":"2024-10-05T18:07:37.07318033+01:00","level":"INFO","source":{"function":"github.com/FredericoBento/HandGame/internal/app/pong.(*PongApp).Stop","file":"/home/fredarch/Documents/Github/HandGame/internal/app/pong/pong.go","line":75},"msg":" - Ok"}
{"time":"2024-10-06T18:20:11.531345602+01:00","level":"WARN","source":{"function":"github.com/FredericoBento/HandGame/internal/app/pong.(*PongApp).Stop","file":"/home/fredarch/Documents/Github/HandGame/internal/app/pong/pong.go","line":72},"msg":"Stopping Pong App..."}
{"time":"2024-10-06T18:20:11.531361048+01:00","level":"INFO","source":{"function":"github.com/FredericoBento/HandGame/internal/app/pong.(*PongApp).Stop","file":"/home/fredarch/Documents/Github/HandGame/internal/app/pong/pong.go","line":75},"msg":" - Ok"}
{"time":"2024-10-06T18:21:27.524195124+01:00","level":"WARN","source":{"function":"github.com/FredericoBento/HandGame/internal/app/pong.(*PongApp).Stop","file":"/home/fredarch/Documents/Github/HandGame/internal/app/pong/pong.go","line":72},"msg":"Stopping Pong App..."}
{"time":"2024-10-06T18:21:27.524225316+01:00","level":"INFO","source":{"function":"github.com/FredericoBento/HandGame/internal/app/pong.(*PongApp).Stop","file":"/home/fredarch/Documents/Github/HandGame/internal/app/pong/pong.go","line":75},"msg":" - Ok"}
{"time":"2024-10-06T18:22:17.284473208+01:00","level":"WARN","source":{"function":"github.com/FredericoBento/HandGame/internal/app/pong.(*PongApp).Stop","file":"/home/fredarch/Documents/Github/HandGame/internal/app/pong/pong.go","line":72},"msg":"Stopping Pong App..."}
{"time":"2024-10-06T18:22:17.284545742+01:00","level":"INFO","source":{"function":"github.com/FredericoBento/HandGame/internal/app/pong.(*PongApp).Stop","file":"/home/fredarch/Documents/Github/HandGame/internal/app/pong/pong.go","line":75},"msg":" - Ok"}
{"time":"2024-10-06T23:27:45.949173045+01:00","level":"WARN","source":{"function":"github.com/FredericoBento/HandGame/internal/app/pong.(*PongApp).Stop","file":"/home/fredarch/Documents/Github/HandGame/internal/app/pong/pong.go","line":72},"msg":"Stopping Pong App..."}
{"time":"2024-10-06T23:27:45.94923509+01:00","level":"INFO","source":{"function":"github.com/FredericoBento/HandGame/internal/app/pong.(*PongApp).Stop","file":"/home/fredarch/Documents/Github/HandGame/internal/app/pong/pong.go","line":75},"msg":" - Ok"}
{"time":"2024-10-06T23:33:06.083419602+01:00","level":"WARN","source":{"function":"github.com/FredericoBento/HandGame/internal/app/pong.(*PongApp).Stop","file":"/home/fredarch/Documents/Github/HandGame/internal/app/pong/pong.go","line":72},"msg":"Stopping Pong App..."}
{"time":"2024-10-06T23:33:06.083440301+01:00","level":"INFO","source":{"function":"github.com/FredericoBento/HandGame/internal/app/pong.(*PongApp).Stop","file":"/home/fredarch/Documents/Github/HandGame/internal/app/pong/pong.go","line":75},"msg":" - Ok"}
{"time":"2024-10-06T23:34:14.974523668+01:00","level":"WARN","source":{"function":"github.com/FredericoBento/HandGame/internal/app/pong.(*PongApp).Stop","file":"/home/fredarch/Documents/Github/HandGame/internal/app/pong/pong.go","line":72},"msg":"Stopping Pong App..."}
{"time":"2024-10-06T23:34:14.974567524+01:00","level":"INFO","source":{"function":"github.com/FredericoBento/HandGame/internal/app/pong.(*PongApp).Stop","file":"/home/fredarch/Documents/Github/HandGame/internal/app/pong/pong.go","line":75},"msg":" - Ok"}
{"time":"2024-10-07T00:07:49.647688899+01:00","level":"WARN","source":{"function":"github.com/FredericoBento/HandGame/internal/app/pong.(*PongApp).Stop","file":"/home/fredarch/Documents/Github/HandGame/internal/app/pong/pong.go","line":72},"msg":"Stopping Pong App..."}
{"time":"2024-10-07T00:07:49.64769914+01:00","level":"INFO","source":{"function":"github.com/FredericoBento/HandGame/internal/app/pong.(*PongApp).Stop","file":"/home/fredarch/Documents/Github/HandGame/internal/app/pong/pong.go","line":75},"msg":" - Ok"}
{"time":"2024-10-07T00:08:11.422925024+01:00","level":"WARN","source":{"function":"github.com/FredericoBento/HandGame/internal/app/pong.(*PongApp).Stop","file":"/home/fredarch/Documents/Github/HandGame/internal/app/pong/pong.go","line":72},"msg":"Stopping Pong App..."}
{"time":"2024-10-07T00:08:11.423001205+01:00","level":"INFO","source":{"function":"github.com/FredericoBento/HandGame/internal/app/pong.(*PongApp).Stop","file":"/home/fredarch/Documents/Github/HandGame/internal/app/pong/pong.go","line":75},"msg":" - Ok"}
{"time":"2024-10-07T00:08:57.359564276+01:00","level":"WARN","source":{"function":"github.com/FredericoBento/HandGame/internal/app/pong.(*PongApp).Stop","file":"/home/fredarch/Documents/Github/HandGame/internal/app/pong/pong.go","line":72},"msg":"Stopping Pong App..."}
{"time":"2024-10-07T00:08:57.359730613+01:00","level":"INFO","source":{"function":"github.com/FredericoBento/HandGame/internal/app/pong.(*PongApp).Stop","file":"/home/fredarch/Documents/Github/HandGame/internal/app/pong/pong.go","line":75},"msg":" - Ok"}
{"time":"2024-10-07T00:15:45.632036188+01:00","level":"WARN","source":{"function":"github.com/FredericoBento/HandGame/internal/app/pong.(*PongApp).Stop","file":"/home/fredarch/Documents/Github/HandGame/internal/app/pong/pong.go","line":72},"msg":"Stopping Pong App..."}
{"time":"2024-10-07T00:15:45.632591867+01:00","level":"INFO","source":{"function":"github.com/FredericoBento/HandGame/internal/app/pong.(*PongApp).Stop","file":"/home/fredarch/Documents/Github/HandGame/internal/app/pong/pong.go","line":75},"msg":" - Ok"}
{"time":"2024-10-07T00:25:41.559818461+01:00","level":"WARN","source":{"function":"github.com/FredericoBento/HandGame/internal/app/pong.(*PongApp).Stop","file":"/home/fredarch/Documents/Github/HandGame/internal/app/pong/pong.go","line":72},"msg":"Stopping Pong App..."}
{"time":"2024-10-07T00:25:41.559843559+01:00","level":"INFO","source":{"function":"github.com/FredericoBento/HandGame/internal/app/pong.(*PongApp).Stop","file":"/home/fredarch/Documents/Github/HandGame/internal/app/pong/pong.go","line":75},"msg":" - Ok"}
{"time":"2024-10-07T00:34:40.624170794+01:00","level":"WARN","source":{"function":"github.com/FredericoBento/HandGame/internal/app/pong.(*PongApp).Stop","file":"/home/fredarch/Documents/Github/HandGame/internal/app/pong/pong.go","line":72},"msg":"Stopping Pong App..."}
{"time":"2024-10-07T00:34:40.624198143+01:00","level":"INFO","source":{"function":"github.com/FredericoBento/HandGame/internal/app/pong.(*PongApp).Stop","file":"/home/fredarch/Documents/Github/HandGame/internal/app/pong/pong.go","line":75},"msg":" - Ok"}
{"time":"2024-10-07T00:35:33.536934804+01:00","level":"WARN","source":{"function":"github.com/FredericoBento/HandGame/internal/app/pong.(*PongApp).Stop","file":"/home/fredarch/Documents/Github/HandGame/internal/app/pong/pong.go","line":72},"msg":"Stopping Pong App..."}
{"time":"2024-10-07T00:35:33.537160355+01:00","level":"INFO","source":{"function":"github.com/FredericoBento/HandGame/internal/app/pong.(*PongApp).Stop","file":"/home/fredarch/Documents/Github/HandGame/internal/app/pong/pong.go","line":75},"msg":" - Ok"}
{"time":"2024-10-07T00:37:01.631140466+01:00","level":"WARN","source":{"function":"github.com/FredericoBento/HandGame/internal/app/pong.(*PongApp).Stop","file":"/home/fredarch/Documents/Github/HandGame/internal/app/pong/pong.go","line":72},"msg":"Stopping Pong App..."}
{"time":"2024-10-07T00:37:01.631477906+01:00","level":"INFO","source":{"function":"github.com/FredericoBento/HandGame/internal/app/pong.(*PongApp).Stop","file":"/home/fredarch/Documents/Github/HandGame/internal/app/pong/pong.go","line":75},"msg":" - Ok"}
{"time":"2024-10-07T00:39:43.661799323+01:00","level":"WARN","source":{"function":"github.com/FredericoBento/HandGame/internal/app/pong.(*PongApp).Stop","file":"/home/fredarch/Documents/Github/HandGame/internal/app/pong/pong.go","line":72},"msg":"Stopping Pong App..."}
{"time":"2024-10-07T00:39:43.661855531+01:00","level":"INFO","source":{"function":"github.com/FredericoBento/HandGame/internal/app/pong.(*PongApp).Stop","file":"/home/fredarch/Documents/Github/HandGame/internal/app/pong/pong.go","line":75},"msg":" - Ok"}
{"time":"2024-10-07T00:41:17.696672101+01:00","level":"WARN","source":{"function":"github.com/FredericoBento/HandGame/internal/app/pong.(*PongApp).Stop","file":"/home/fredarch/Documents/Github/HandGame/internal/app/pong/pong.go","line":72},"msg":"Stopping Pong App..."}
{"time":"2024-10-07T00:41:17.696702396+01:00","level":"INFO","source":{"function":"github.com/FredericoBento/HandGame/internal/app/pong.(*PongApp).Stop","file":"/home/fredarch/Documents/Github/HandGame/internal/app/pong/pong.go","line":75},"msg":" - Ok"}
{"time":"2024-10-07T00:49:04.626592301+01:00","level":"INFO","source":{"function":"github.com/FredericoBento/HandGame/internal/app/pong.(*PongApp).Start","file":"/home/fredarch/Documents/Github/HandGame/internal/app/pong/pong.go","line":43},"msg":"Starting Pong App..."}
{"time":"2024-10-07T00:49:04.626758853+01:00","level":"INFO","source":{"function":"github.com/FredericoBento/HandGame/internal/app/pong.(*PongApp).Start","file":"/home/fredarch/Documents/Github/HandGame/internal/app/pong/pong.go","line":50},"msg":" - Ok"}
{"time":"2024-10-07T16:58:03.646190763+01:00","level":"WARN","source":{"function":"github.com/FredericoBento/HandGame/internal/app/pong.(*PongApp).Stop","file":"/home/fredarch/Documents/Github/HandGame/internal/app/pong/pong.go","line":72},"msg":"Stopping Pong App..."}
{"time":"2024-10-07T16:58:03.646749424+01:00","level":"INFO","source":{"function":"github.com/FredericoBento/HandGame/internal/app/pong.(*PongApp).Stop","file":"/home/fredarch/Documents/Github/HandGame/internal/app/pong/pong.go","line":75},"msg":" - Ok"}
{"time":"2024-10-07T17:00:07.873819319+01:00","level":"WARN","source":{"function":"github.com/FredericoBento/HandGame/internal/app/pong.(*PongApp).Stop","file":"/home/fredarch/Documents/Github/HandGame/internal/app/pong/pong.go","line":72},"msg":"Stopping Pong App..."}
{"time":"2024-10-07T17:00:07.873839283+01:00","level":"INFO","source":{"function":"github.com/FredericoBento/HandGame/internal/app/pong.(*PongApp).Stop","file":"/home/fredarch/Documents/Github/HandGame/internal/app/pong/pong.go","line":75},"msg":" - Ok"}
{"time":"2024-10-07T17:12:40.46378792+01:00","level":"WARN","source":{"function":"github.com/FredericoBento/HandGame/internal/app/pong.(*PongApp).Stop","file":"/home/fredarch/Documents/Github/HandGame/internal/app/pong/pong.go","line":72},"msg":"Stopping Pong App..."}
{"time":"2024-10-07T17:12:40.463796182+01:00","level":"INFO","source":{"function":"github.com/FredericoBento/HandGame/internal/app/pong.(*PongApp).Stop","file":"/home/fredarch/Documents/Github/HandGame/internal/app/pong/pong.go","line":75},"msg":" - Ok"}
{"time":"2024-10-07T17:56:25.247955291+01:00","level":"WARN","source":{"function":"github.com/FredericoBento/HandGame/internal/app/pong.(*PongApp).Stop","file":"/home/fredarch/Documents/Github/HandGame/internal/app/pong/pong.go","line":72},"msg":"Stopping Pong App..."}
{"time":"2024-10-07T17:56:25.247978787+01:00","level":"INFO","source":{"function":"github.com/FredericoBento/HandGame/internal/app/pong.(*PongApp).Stop","file":"/home/fredarch/Documents/Github/HandGame/internal/app/pong/pong.go","line":75},"msg":" - Ok"}
{"time":"2024-10-07T18:06:03.120391897+01:00","level":"WARN","source":{"function":"github.com/FredericoBento/HandGame/internal/app/pong.(*PongApp).Stop","file":"/home/fredarch/Documents/Github/HandGame/internal/app/pong/pong.go","line":72},"msg":"Stopping Pong App..."}
{"time":"2024-10-07T18:06:03.120402697+01:00","level":"INFO","source":{"function":"github.com/FredericoBento/HandGame/internal/app/pong.(*PongApp).Stop","file":"/home/fredarch/Documents/Github/HandGame/internal/app/pong/pong.go","line":75},"msg":" - Ok"}
{"time":"2024-10-07T21:22:37.47224509+01:00","level":"WARN","source":{"function":"github.com/FredericoBento/HandGame/internal/app/pong.(*PongApp).Stop","file":"/home/fredarch/Documents/Github/HandGame/internal/app/pong/pong.go","line":72},"msg":"Stopping Pong App..."}
{"time":"2024-10-07T21:22:37.472253882+01:00","level":"INFO","source":{"function":"github.com/FredericoBento/HandGame/internal/app/pong.(*PongApp).Stop","file":"/home/fredarch/Documents/Github/HandGame/internal/app/pong/pong.go","line":75},"msg":" - Ok"}
{"time":"2024-10-07T21:23:55.358762246+01:00","level":"WARN","source":{"function":"github.com/FredericoBento/HandGame/internal/app/pong.(*PongApp).Stop","file":"/home/fredarch/Documents/Github/HandGame/internal/app/pong/pong.go","line":72},"msg":"Stopping Pong App..."}
{"time":"2024-10-07T21:23:55.358859594+01:00","level":"INFO","source":{"function":"github.com/FredericoBento/HandGame/internal/app/pong.(*PongApp).Stop","file":"/home/fredarch/Documents/Github/HandGame/internal/app/pong/pong.go","line":75},"msg":" - Ok"}
{"time":"2024-10-07T21:24:00.543607345+01:00","level":"WARN","source":{"function":"github.com/FredericoBento/HandGame/internal/app/pong.(*PongApp).Stop","file":"/home/fredarch/Documents/Github/HandGame/internal/app/pong/pong.go","line":72},"msg":"Stopping Pong App..."}
{"time":"2024-10-07T21:24:00.543633212+01:00","level":"INFO","source":{"function":"github.com/FredericoBento/HandGame/internal/app/pong.(*PongApp).Stop","file":"/home/fredarch/Documents/Github/HandGame/internal/app/pong/pong.go","line":75},"msg":" - Ok"}
{"time":"2024-10-07T21:26:54.542273988+01:00","level":"WARN","source":{"function":"github.com/FredericoBento/HandGame/internal/app/pong.(*PongApp).Stop","file":"/home/fredarch/Documents/Github/HandGame/internal/app/pong/pong.go","line":72},"msg":"Stopping Pong App..."}
{"time":"2024-10-07T21:26:54.542308842+01:00","level":"INFO","source":{"function":"github.com/FredericoBento/HandGame/internal/app/pong.(*PongApp).Stop","file":"/home/fredarch/Documents/Github/HandGame/internal/app/pong/pong.go","line":75},"msg":" - Ok"}
{"time":"2024-10-07T21:27:48.320040287+01:00","level":"WARN","source":{"function":"github.com/FredericoBento/HandGame/internal/app/pong.(*PongApp).Stop","file":"/home/fredarch/Documents/Github/HandGame/internal/app/pong/pong.go","line":72},"msg":"Stopping Pong App..."}
{"time":"2024-10-07T21:27:48.320108336+01:00","level":"INFO","source":{"function":"github.com/FredericoBento/HandGame/internal/app/pong.(*PongApp).Stop","file":"/home/fredarch/Documents/Github/HandGame/internal/app/pong/pong.go","line":75},"msg":" - Ok"}
{"time":"2024-10-08T13:01:19.405324689+01:00","level":"WARN","source":{"function":"github.com/FredericoBento/HandGame/internal/app/pong.(*PongApp).Stop","file":"/home/fredarch/Documents/Github/HandGame/internal/app/pong/pong.go","line":72},"msg":"Stopping Pong App..."}
{"time":"2024-10-08T13:01:19.405370424+01:00","level":"INFO","source":{"function":"github.com/FredericoBento/HandGame/internal/app/pong.(*PongApp).Stop","file":"/home/fredarch/Documents/Github/HandGame/internal/app/pong/pong.go","line":75},"msg":" - Ok"}
{"time":"2024-10-08T13:26:17.414513962+01:00","level":"WARN","source":{"function":"github.com/FredericoBento/HandGame/internal/app/pong.(*PongApp).Stop","file":"/home/fredarch/Documents/Github/HandGame/internal/app/pong/pong.go","line":72},"msg":"Stopping Pong App..."}
{"time":"2024-10-08T13:26:17.414550747+01:00","level":"INFO","source":{"function":"github.com/FredericoBento/HandGame/internal/app/pong.(*PongApp).Stop","file":"/home/fredarch/Documents/Github/HandGame/internal/app/pong/pong.go","line":75},"msg":" - Ok"}
{"time":"2024-10-08T13:28:00.334338537+01:00","level":"WARN","source":{"function":"github.com/FredericoBento/HandGame/internal/app/pong.(*PongApp).Stop","file":"/home/fredarch/Documents/Github/HandGame/internal/app/pong/pong.go","line":72},"msg":"Stopping Pong App..."}
{"time":"2024-10-08T13:28:00.334372147+01:00","level":"INFO","source":{"function":"github.com/FredericoBento/HandGame/internal/app/pong.(*PongApp).Stop","file":"/home/fredarch/Documents/Github/HandGame/internal/app/pong/pong.go","line":75},"msg":" - Ok"}
{"time":"2024-10-08T13:29:46.190437908+01:00","level":"WARN","source":{"function":"github.com/FredericoBento/HandGame/internal/app/pong.(*PongApp).Stop","file":"/home/fredarch/Documents/Github/HandGame/internal/app/pong/pong.go","line":72},"msg":"Stopping Pong App..."}
{"time":"2024-10-08T13:29:46.190497261+01:00","level":"INFO","source":{"function":"github.com/FredericoBento/HandGame/internal/app/pong.(*PongApp).Stop","file":"/home/fredarch/Documents/Github/HandGame/internal/app/pong/pong.go","line":75},"msg":" - Ok"}
{"time":"2024-10-08T13:48:09.702972174+01:00","level":"WARN","source":{"function":"github.com/FredericoBento/HandGame/internal/app/pong.(*PongApp).Stop","file":"/home/fredarch/Documents/Github/HandGame/internal/app/pong/pong.go","line":72},"msg":"Stopping Pong App..."}
{"time":"2024-10-08T13:48:09.703003253+01:00","level":"INFO","source":{"function":"github.com/FredericoBento/HandGame/internal/app/pong.(*PongApp).Stop","file":"/home/fredarch/Documents/Github/HandGame/internal/app/pong/pong.go","line":75},"msg":" - Ok"}
{"time":"2024-10-08T14:29:11.624214766+01:00","level":"WARN","source":{"function":"github.com/FredericoBento/HandGame/internal/app/pong.(*PongApp).Stop","file":"/home/fredarch/Documents/Github/HandGame/internal/app/pong/pong.go","line":72},"msg":"Stopping Pong App..."}
{"time":"2024-10-08T14:29:11.624245297+01:00","level":"INFO","source":{"function":"github.com/FredericoBento/HandGame/internal/app/pong.(*PongApp).Stop","file":"/home/fredarch/Documents/Github/HandGame/internal/app/pong/pong.go","line":75},"msg":" - Ok"}
{"time":"2024-10-08T14:29:37.239987094+01:00","level":"WARN","source":{"function":"github.com/FredericoBento/HandGame/internal/app/pong.(*PongApp).Stop","file":"/home/fredarch/Documents/Github/HandGame/internal/app/pong/pong.go","line":72},"msg":"Stopping Pong App..."}
{"time":"2024-10-08T14:29:37.240252742+01:00","level":"INFO","source":{"function":"github.com/FredericoBento/HandGame/internal/app/pong.(*PongApp).Stop","file":"/home/fredarch/Documents/Github/HandGame/internal/app/pong/pong.go","line":75},"msg":" - Ok"}
{"time":"2024-10-08T14:30:06.560201077+01:00","level":"WARN","source":{"function":"github.com/FredericoBento/HandGame/internal/app/pong.(*PongApp).Stop","file":"/home/fredarch/Documents/Github/HandGame/internal/app/pong/pong.go","line":72},"msg":"Stopping Pong App..."}
{"time":"2024-10-08T14:30:06.560224932+01:00","level":"INFO","source":{"function":"github.com/FredericoBento/HandGame/internal/app/pong.(*PongApp).Stop","file":"/home/fredarch/Documents/Github/HandGame/internal/app/pong/pong.go","line":75},"msg":" - Ok"}
{"time":"2024-10-08T14:31:29.152234953+01:00","level":"WARN","source":{"function":"github.com/FredericoBento/HandGame/internal/app/pong.(*PongApp).Stop","file":"/home/fredarch/Documents/Github/HandGame/internal/app/pong/pong.go","line":72},"msg":"Stopping Pong App..."}
{"time":"2024-10-08T14:31:29.152267345+01:00","level":"INFO","source":{"function":"github.com/FredericoBento/HandGame/internal/app/pong.(*PongApp).Stop","file":"/home/fredarch/Documents/Github/HandGame/internal/app/pong/pong.go","line":75},"msg":" - Ok"}
{"time":"2024-10-08T14:32:59.808433445+01:00","level":"WARN","source":{"function":"github.com/FredericoBento/HandGame/internal/app/pong.(*PongApp).Stop","file":"/home/fredarch/Documents/Github/HandGame/internal/app/pong/pong.go","line":72},"msg":"Stopping Pong App..."}
{"time":"2024-10-08T14:32:59.808496994+01:00","level":"INFO","source":{"function":"github.com/FredericoBento/HandGame/internal/app/pong.(*PongApp).Stop","file":"/home/fredarch/Documents/Github/HandGame/internal/app/pong/pong.go","line":75},"msg":" - Ok"}
{"time":"2024-10-08T14:43:42.578081742+01:00","level":"WARN","source":{"function":"github.com/FredericoBento/HandGame/internal/app/pong.(*PongApp).Stop","file":"/home/fredarch/Documents/Github/HandGame/internal/app/pong/pong.go","line":72},"msg":"Stopping Pong App..."}
{"time":"2024-10-08T14:43:42.578149847+01:00","level":"INFO","source":{"function":"github.com/FredericoBento/HandGame/internal/app/pong.(*PongApp).Stop","file":"/home/fredarch/Documents/Github/HandGame/internal/app/pong/pong.go","line":75},"msg":" - Ok"}
{"time":"2024-10-08T15:02:45.545271595+01:00","level":"WARN","source":{"function":"github.com/FredericoBento/HandGame/internal/app/pong.(*PongApp).Stop","file":"/home/fredarch/Documents/Github/HandGame/internal/app/pong/pong.go","line":72},"msg":"Stopping Pong App..."}
{"time":"2024-10-08T15:02:45.545803361+01:00","level":"INFO","source":{"function":"github.com/FredericoBento/HandGame/internal/app/pong.(*PongApp).Stop","file":"/home/fredarch/Documents/Github/HandGame/internal/app/pong/pong.go","line":75},"msg":" - Ok"}
{"time":"2024-10-08T15:05:21.99335685+01:00","level":"WARN","source":{"function":"github.com/FredericoBento/HandGame/internal/app/pong.(*PongApp).Stop","file":"/home/fredarch/Documents/Github/HandGame/internal/app/pong/pong.go","line":72},"msg":"Stopping Pong App..."}
{"time":"2024-10-08T15:05:21.993386803+01:00","level":"INFO","source":{"function":"github.com/FredericoBento/HandGame/internal/app/pong.(*PongApp).Stop","file":"/home/fredarch/Documents/Github/HandGame/internal/app/pong/pong.go","line":75},"msg":" - Ok"}
{"time":"2024-10-08T15:10:47.144563994+01:00","level":"WARN","source":{"function":"github.com/FredericoBento/HandGame/internal/app/pong.(*PongApp).Stop","file":"/home/fredarch/Documents/Github/HandGame/internal/app/pong/pong.go","line":72},"msg":"Stopping Pong App..."}
{"time":"2024-10-08T15:10:47.144576427+01:00","level":"INFO","source":{"function":"github.com/FredericoBento/HandGame/internal/app/pong.(*PongApp).Stop","file":"/home/fredarch/Documents/Github/HandGame/internal/app/pong/pong.go","line":75},"msg":" - Ok"}
{"time":"2024-10-08T15:15:09.849201921+01:00","level":"WARN","source":{"function":"github.com/FredericoBento/HandGame/internal/app/pong.(*PongApp).Stop","file":"/home/fredarch/Documents/Github/HandGame/internal/app/pong/pong.go","line":73},"msg":"Stopping Pong App..."}
{"time":"2024-10-08T15:15:09.849511299+01:00","level":"INFO","source":{"function":"github.com/FredericoBento/HandGame/internal/app/pong.(*PongApp).Stop","file":"/home/fredarch/Documents/Github/HandGame/internal/app/pong/pong.go","line":76},"msg":" - Ok"}
{"time":"2024-10-08T15:21:48.767424365+01:00","level":"INFO","source":{"function":"github.com/FredericoBento/HandGame/internal/app/pong.(*PongApp).Start","file":"/home/fredarch/Documents/Github/HandGame/internal/app/pong/pong.go","line":44},"msg":"Starting Pong App..."}
{"time":"2024-10-08T15:21:48.767507448+01:00","level":"INFO","source":{"function":"github.com/FredericoBento/HandGame/internal/app/pong.(*PongApp).Start","file":"/home/fredarch/Documents/Github/HandGame/internal/app/pong/pong.go","line":51},"msg":" - Ok"}
{"time":"2024-10-08T15:24:21.28981337+01:00","level":"WARN","source":{"function":"github.com/FredericoBento/HandGame/internal/app/pong.(*PongApp).Stop","file":"/home/fredarch/Documents/Github/HandGame/internal/app/pong/pong.go","line":73},"msg":"Stopping Pong App..."}
{"time":"2024-10-08T15:24:21.289843339+01:00","level":"INFO","source":{"function":"github.com/FredericoBento/HandGame/internal/app/pong.(*PongApp).Stop","file":"/home/fredarch/Documents/Github/HandGame/internal/app/pong/pong.go","line":76},"msg":" - Ok"}
{"time":"2024-10-08T15:24:33.912399119+01:00","level":"INFO","source":{"function":"github.com/FredericoBento/HandGame/internal/app/pong.(*PongApp).Start","file":"/home/fredarch/Documents/Github/HandGame/internal/app/pong/pong.go","line":44},"msg":"Starting Pong App..."}
{"time":"2024-10-08T15:24:33.9124618+01:00","level":"INFO","source":{"function":"github.com/FredericoBento/HandGame/internal/app/pong.(*PongApp).Start","file":"/home/fredarch/Documents/Github/HandGame/internal/app/pong/pong.go","line":51},"msg":" - Ok"}
{"time":"2024-10-08T15:47:41.114611805+01:00","level":"WARN","source":{"function":"github.com/FredericoBento/HandGame/internal/app/pong.(*PongApp).Stop","file":"/home/fredarch/Documents/Github/HandGame/internal/app/pong/pong.go","line":73},"msg":"Stopping Pong App..."}
{"time":"2024-10-08T15:47:41.114636567+01:00","level":"INFO","source":{"function":"github.com/FredericoBento/HandGame/internal/app/pong.(*PongApp).Stop","file":"/home/fredarch/Documents/Github/HandGame/internal/app/pong/pong.go","line":76},"msg":" - Ok"}
{"time":"2024-10-08T15:47:59.186579291+01:00","level":"WARN","source":{"function":"github.com/FredericoBento/HandGame/internal/app/pong.(*PongApp).Stop","file":"/home/fredarch/Documents/Github/HandGame/internal/app/pong/pong.go","line":73},"msg":"Stopping Pong App..."}
{"time":"2024-10-08T15:47:59.186609067+01:00","level":"INFO","source":{"function":"github.com/FredericoBento/HandGame/internal/app/pong.(*PongApp).Stop","file":"/home/fredarch/Documents/Github/HandGame/internal/app/pong/pong.go","line":76},"msg":" - Ok"}
{"time":"2024-10-08T15:48:01.074245283+01:00","level":"INFO","source":{"function":"github.com/FredericoBento/HandGame/internal/app/pong.(*PongApp).Start","file":"/home/fredarch/Documents/Github/HandGame/internal/app/pong/pong.go","line":44},"msg":"Starting Pong App..."}
{"time":"2024-10-08T15:48:01.074305404+01:00","level":"INFO","source":{"function":"github.com/FredericoBento/HandGame/internal/app/pong.(*PongApp).Start","file":"/home/fredarch/Documents/Github/HandGame/internal/app/pong/pong.go","line":51},"msg":" - Ok"}
{"time":"2024-10-08T15:57:55.962948005+01:00","level":"WARN","source":{"function":"github.com/FredericoBento/HandGame/internal/app/pong.(*PongApp).Stop","file":"/home/fredarch/Documents/Github/HandGame/internal/app/pong/pong.go","line":73},"msg":"Stopping Pong App..."}
{"time":"2024-10-08T15:57:55.962974986+01:00","level":"INFO","source":{"function":"github.com/FredericoBento/HandGame/internal/app/pong.(*PongApp).Stop","file":"/home/fredarch/Documents/Github/HandGame/internal/app/pong/pong.go","line":76},"msg":" - Ok"}
{"time":"2024-10-08T15:57:58.968815076+01:00","level":"INFO","source":{"function":"github.com/FredericoBento/HandGame/internal/app/pong.(*PongApp).Start","file":"/home/fredarch/Documents/Github/HandGame/internal/app/pong/pong.go","line":44},"msg":"Starting Pong App..."}
{"time":"2024-10-08T15:57:58.968838899+01:00","level":"INFO","source":{"function":"github.com/FredericoBento/HandGame/internal/app/pong.(*PongApp).Start","file":"/home/fredarch/Documents/Github/HandGame/internal/app/pong/pong.go","line":51},"msg":" - Ok"}
{"time":"2024-10-08T15:58:24.753443242+01:00","level":"WARN","source":{"function":"github.com/FredericoBento/HandGame/internal/app/pong.(*PongApp).Stop","file":"/home/fredarch/Documents/Github/HandGame/internal/app/pong/pong.go","line":73},"msg":"Stopping Pong App..."}
{"time":"2024-10-08T15:58:24.75345356+01:00","level":"INFO","source":{"function":"github.com/FredericoBento/HandGame/internal/app/pong.(*PongApp).Stop","file":"/home/fredarch/Documents/Github/HandGame/internal/app/pong/pong.go","line":76},"msg":" - Ok"}
{"time":"2024-10-08T15:58:28.567541975+01:00","level":"INFO","source":{"function":"github.com/FredericoBento/HandGame/internal/app/pong.(*PongApp).Start","file":"/home/fredarch/Documents/Github/HandGame/internal/app/pong/pong.go","line":44},"msg":"Starting Pong App..."}
{"time":"2024-10-08T15:58:28.567620909+01:00","level":"INFO","source":{"function":"github.com/FredericoBento/HandGame/internal/app/pong.(*PongApp).Start","file":"/home/fredarch/Documents/Github/HandGame/internal/app/pong/pong.go","line":51},"msg":" - Ok"}
{"time":"2024-10-08T15:59:33.139107345+01:00","level":"WARN","source":{"function":"github.com/FredericoBento/HandGame/internal/app/pong.(*PongApp).Stop","file":"/home/fredarch/Documents/Github/HandGame/internal/app/pong/pong.go","line":73},"msg":"Stopping Pong App..."}
{"time":"2024-10-08T15:59:33.1392116+01:00","level":"INFO","source":{"function":"github.com/FredericoBento/HandGame/internal/app/pong.(*PongApp).Stop","file":"/home/fredarch/Documents/Github/HandGame/internal/app/pong/pong.go","line":76},"msg":" - Ok"}
{"time":"2024-10-08T15:59:36.182339004+01:00","level":"INFO","source":{"function":"github.com/FredericoBento/HandGame/internal/app/pong.(*PongApp).Start","file":"/home/fredarch/Documents/Github/HandGame/internal/app/pong/pong.go","line":44},"msg":"Starting Pong App..."}
{"time":"2024-10-08T15:59:36.182353561+01:00","level":"INFO","source":{"function":"github.com/FredericoBento/HandGame/internal/app/pong.(*PongApp).Start","file":"/home/fredarch/Documents/Github/HandGame/internal/app/pong/pong.go","line":51},"msg":" - Ok"}
{"time":"2024-10-08T16:00:10.555228685+01:00","level":"WARN","source":{"function":"github.com/FredericoBento/HandGame/internal/app/pong.(*PongApp).Stop","file":"/home/fredarch/Documents/Github/HandGame/internal/app/pong/pong.go","line":73},"msg":"Stopping Pong App..."}
{"time":"2024-10-08T16:00:10.555253691+01:00","level":"INFO","source":{"function":"github.com/FredericoBento/HandGame/internal/app/pong.(*PongApp).Stop","file":"/home/fredarch/Documents/Github/HandGame/internal/app/pong/pong.go","line":76},"msg":" - Ok"}
{"time":"2024-10-08T16:00:13.836121352+01:00","level":"INFO","source":{"function":"github.com/FredericoBento/HandGame/internal/app/pong.(*PongApp).Start","file":"/home/fredarch/Documents/Github/HandGame/internal/app/pong/pong.go","line":44},"msg":"Starting Pong App..."}
{"time":"2024-10-08T16:00:13.836220238+01:00","level":"INFO","source":{"function":"github.com/FredericoBento/HandGame/internal/app/pong.(*PongApp).Start","file":"/home/fredarch/Documents/Github/HandGame/internal/app/pong/pong.go","line":51},"msg":" - Ok"}
{"time":"2024-10-08T16:00:36.722899044+01:00","level":"WARN","source":{"function":"github.com/FredericoBento/HandGame/internal/app/pong.(*PongApp).Stop","file":"/home/fredarch/Documents/Github/HandGame/internal/app/pong/pong.go","line":73},"msg":"Stopping Pong App..."}
{"time":"2024-10-08T16:00:36.722984628+01:00","level":"INFO","source":{"function":"github.com/FredericoBento/HandGame/internal/app/pong.(*PongApp).Stop","file":"/home/fredarch/Documents/Github/HandGame/internal/app/pong/pong.go","line":76},"msg":" - Ok"}
{"time":"2024-10-08T16:00:40.968048393+01:00","level":"INFO","source":{"function":"github.com/FredericoBento/HandGame/internal/app/pong.(*PongApp).Start","file":"/home/fredarch/Documents/Github/HandGame/internal/app/pong/pong.go","line":44},"msg":"Starting Pong App..."}
{"time":"2024-10-08T16:00:40.968068442+01:00","level":"INFO","source":{"function":"github.com/FredericoBento/HandGame/internal/app/pong.(*PongApp).Start","file":"/home/fredarch/Documents/Github/HandGame/internal/app/pong/pong.go","line":51},"msg":" - Ok"}
{"time":"2024-10-08T16:01:00.442899477+01:00","level":"WARN","source":{"function":"github.com/FredericoBento/HandGame/internal/app/pong.(*PongApp).Stop","file":"/home/fredarch/Documents/Github/HandGame/internal/app/pong/pong.go","line":73},"msg":"Stopping Pong App..."}
{"time":"2024-10-08T16:01:00.442922803+01:00","level":"INFO","source":{"function":"github.com/FredericoBento/HandGame/internal/app/pong.(*PongApp).Stop","file":"/home/fredarch/Documents/Github/HandGame/internal/app/pong/pong.go","line":76},"msg":" - Ok"}
{"time":"2024-10-08T16:01:03.578463053+01:00","level":"INFO","source":{"function":"github.com/FredericoBento/HandGame/internal/app/pong.(*PongApp).Start","file":"/home/fredarch/Documents/Github/HandGame/internal/app/pong/pong.go","line":44},"msg":"Starting Pong App..."}
{"time":"2024-10-08T16:01:03.578477596+01:00","level":"INFO","source":{"function":"github.com/FredericoBento/HandGame/internal/app/pong.(*PongApp).Start","file":"/home/fredarch/Documents/Github/HandGame/internal/app/pong/pong.go","line":51},"msg":" - Ok"}
{"time":"2024-10-08T16:02:16.907202695+01:00","level":"WARN","source":{"function":"github.com/FredericoBento/HandGame/internal/app/pong.(*PongApp).Stop","file":"/home/fredarch/Documents/Github/HandGame/internal/app/pong/pong.go","line":73},"msg":"Stopping Pong App..."}
{"time":"2024-10-08T16:02:16.907229952+01:00","level":"INFO","source":{"function":"github.com/FredericoBento/HandGame/internal/app/pong.(*PongApp).Stop","file":"/home/fredarch/Documents/Github/HandGame/internal/app/pong/pong.go","line":76},"msg":" - Ok"}
{"time":"2024-10-08T16:02:29.919109371+01:00","level":"INFO","source":{"function":"github.com/FredericoBento/HandGame/internal/app/pong.(*PongApp).Start","file":"/home/fredarch/Documents/Github/HandGame/internal/app/pong/pong.go","line":44},"msg":"Starting Pong App..."}
{"time":"2024-10-08T16:02:29.919125035+01:00","level":"INFO","source":{"function":"github.com/FredericoBento/HandGame/internal/app/pong.(*PongApp).Start","file":"/home/fredarch/Documents/Github/HandGame/internal/app/pong/pong.go","line":51},"msg":" - Ok"}
{"time":"2024-10-08T16:02:46.099109372+01:00","level":"WARN","source":{"function":"github.com/FredericoBento/HandGame/internal/app/pong.(*PongApp).Stop","file":"/home/fredarch/Documents/Github/HandGame/internal/app/pong/pong.go","line":73},"msg":"Stopping Pong App..."}
{"time":"2024-10-08T16:02:46.099135309+01:00","level":"INFO","source":{"function":"github.com/FredericoBento/HandGame/internal/app/pong.(*PongApp).Stop","file":"/home/fredarch/Documents/Github/HandGame/internal/app/pong/pong.go","line":76},"msg":" - Ok"}
{"time":"2024-10-08T16:02:49.08214151+01:00","level":"INFO","source":{"function":"github.com/FredericoBento/HandGame/internal/app/pong.(*PongApp).Start","file":"/home/fredarch/Documents/Github/HandGame/internal/app/pong/pong.go","line":44},"msg":"Starting Pong App..."}
{"time":"2024-10-08T16:02:49.082156787+01:00","level":"INFO","source":{"function":"github.com/FredericoBento/HandGame/internal/app/pong.(*PongApp).Start","file":"/home/fredarch/Documents/Github/HandGame/internal/app/pong/pong.go","line":51},"msg":" - Ok"}
{"time":"2024-10-08T16:03:14.626188618+01:00","level":"WARN","source":{"function":"github.com/FredericoBento/HandGame/internal/app/pong.(*PongApp).Stop","file":"/home/fredarch/Documents/Github/HandGame/internal/app/pong/pong.go","line":73},"msg":"Stopping Pong App..."}
{"time":"2024-10-08T16:03:14.626202807+01:00","level":"INFO","source":{"function":"github.com/FredericoBento/HandGame/internal/app/pong.(*PongApp).Stop","file":"/home/fredarch/Documents/Github/HandGame/internal/app/pong/pong.go","line":76},"msg":" - Ok"}
{"time":"2024-10-08T16:03:17.819329656+01:00","level":"INFO","source":{"function":"github.com/FredericoBento/HandGame/internal/app/pong.(*PongApp).Start","file":"/home/fredarch/Documents/Github/HandGame/internal/app/pong/pong.go","line":44},"msg":"Starting Pong App..."}
{"time":"2024-10-08T16:03:17.819345657+01:00","level":"INFO","source":{"function":"github.com/FredericoBento/HandGame/internal/app/pong.(*PongApp).Start","file":"/home/fredarch/Documents/Github/HandGame/internal/app/pong/pong.go","line":51},"msg":" - Ok"}
{"time":"2024-10-08T16:06:18.691194056+01:00","level":"WARN","source":{"function":"github.com/FredericoBento/HandGame/internal/app/pong.(*PongApp).Stop","file":"/home/fredarch/Documents/Github/HandGame/internal/app/pong/pong.go","line":73},"msg":"Stopping Pong App..."}
{"time":"2024-10-08T16:06:18.691222886+01:00","level":"INFO","source":{"function":"github.com/FredericoBento/HandGame/internal/app/pong.(*PongApp).Stop","file":"/home/fredarch/Documents/Github/HandGame/internal/app/pong/pong.go","line":76},"msg":" - Ok"}
{"time":"2024-10-08T16:06:21.932829403+01:00","level":"INFO","source":{"function":"github.com/FredericoBento/HandGame/internal/app/pong.(*PongApp).Start","file":"/home/fredarch/Documents/Github/HandGame/internal/app/pong/pong.go","line":44},"msg":"Starting Pong App..."}
{"time":"2024-10-08T16:06:21.9328451+01:00","level":"INFO","source":{"function":"github.com/FredericoBento/HandGame/internal/app/pong.(*PongApp).Start","file":"/home/fredarch/Documents/Github/HandGame/internal/app/pong/pong.go","line":51},"msg":" - Ok"}
{"time":"2024-10-08T16:06:49.707149635+01:00","level":"WARN","source":{"function":"github.com/FredericoBento/HandGame/internal/app/pong.(*PongApp).Stop","file":"/home/fredarch/Documents/Github/HandGame/internal/app/pong/pong.go","line":73},"msg":"Stopping Pong App..."}
{"time":"2024-10-08T16:06:49.707179945+01:00","level":"INFO","source":{"function":"github.com/FredericoBento/HandGame/internal/app/pong.(*PongApp).Stop","file":"/home/fredarch/Documents/Github/HandGame/internal/app/pong/pong.go","line":76},"msg":" - Ok"}
{"time":"2024-10-08T16:06:53.680053872+01:00","level":"INFO","source":{"function":"github.com/FredericoBento/HandGame/internal/app/pong.(*PongApp).Start","file":"/home/fredarch/Documents/Github/HandGame/internal/app/pong/pong.go","line":44},"msg":"Starting Pong App..."}
{"time":"2024-10-08T16:06:53.680068801+01:00","level":"INFO","source":{"function":"github.com/FredericoBento/HandGame/internal/app/pong.(*PongApp).Start","file":"/home/fredarch/Documents/Github/HandGame/internal/app/pong/pong.go","line":51},"msg":" - Ok"}
{"time":"2024-10-08T16:07:53.042681161+01:00","level":"WARN","source":{"function":"github.com/FredericoBento/HandGame/internal/app/pong.(*PongApp).Stop","file":"/home/fredarch/Documents/Github/HandGame/internal/app/pong/pong.go","line":73},"msg":"Stopping Pong App..."}
{"time":"2024-10-08T16:07:53.042693568+01:00","level":"INFO","source":{"function":"github.com/FredericoBento/HandGame/internal/app/pong.(*PongApp).Stop","file":"/home/fredarch/Documents/Github/HandGame/internal/app/pong/pong.go","line":76},"msg":" - Ok"}
{"time":"2024-10-08T16:07:56.893419463+01:00","level":"INFO","source":{"function":"github.com/FredericoBento/HandGame/internal/app/pong.(*PongApp).Start","file":"/home/fredarch/Documents/Github/HandGame/internal/app/pong/pong.go","line":44},"msg":"Starting Pong App..."}
{"time":"2024-10-08T16:07:56.893435525+01:00","level":"INFO","source":{"function":"github.com/FredericoBento/HandGame/internal/app/pong.(*PongApp).Start","file":"/home/fredarch/Documents/Github/HandGame/internal/app/pong/pong.go","line":51},"msg":" - Ok"}
{"time":"2024-10-08T16:08:33.7714512+01:00","level":"WARN","source":{"function":"github.com/FredericoBento/HandGame/internal/app/pong.(*PongApp).Stop","file":"/home/fredarch/Documents/Github/HandGame/internal/app/pong/pong.go","line":73},"msg":"Stopping Pong App..."}
{"time":"2024-10-08T16:08:33.771479799+01:00","level":"INFO","source":{"function":"github.com/FredericoBento/HandGame/internal/app/pong.(*PongApp).Stop","file":"/home/fredarch/Documents/Github/HandGame/internal/app/pong/pong.go","line":76},"msg":" - Ok"}
{"time":"2024-10-08T16:08:36.789003485+01:00","level":"INFO","source":{"function":"github.com/FredericoBento/HandGame/internal/app/pong.(*PongApp).Start","file":"/home/fredarch/Documents/Github/HandGame/internal/app/pong/pong.go","line":44},"msg":"Starting Pong App..."}
{"time":"2024-10-08T16:08:36.789020465+01:00","level":"INFO","source":{"function":"github.com/FredericoBento/HandGame/internal/app/pong.(*PongApp).Start","file":"/home/fredarch/Documents/Github/HandGame/internal/app/pong/pong.go","line":51},"msg":" - Ok"}
{"time":"2024-10-08T16:32:23.459951258+01:00","level":"WARN","source":{"function":"github.com/FredericoBento/HandGame/internal/app/pong.(*PongApp).Stop","file":"/home/fredarch/Documents/Github/HandGame/internal/app/pong/pong.go","line":73},"msg":"Stopping Pong App..."}
{"time":"2024-10-08T16:32:23.4599788+01:00","level":"INFO","source":{"function":"github.com/FredericoBento/HandGame/internal/app/pong.(*PongApp).Stop","file":"/home/fredarch/Documents/Github/HandGame/internal/app/pong/pong.go","line":76},"msg":" - Ok"}
