
{"time":"2024-09-25T15:39:34.686708519+01:00","level":"ERROR","source":{"function":"github.com/FredericoBento/HandGame/internal/handler.(*AuthHandler).GetSignUp","file":"/home/fredarch/Documents/Github/HandGame/internal/handler/auth.go","line":83},"msg":"http: named cookie not present"}
{"time":"2024-09-25T15:52:34.690984157+01:00","level":"ERROR","source":{"function":"github.com/FredericoBento/HandGame/internal/handler.(*AuthHandler).GetSignUp","file":"/home/fredarch/Documents/Github/HandGame/internal/handler/auth.go","line":88},"msg":"token invalid, does not exist"}
{"time":"2024-09-25T16:06:16.142175193+01:00","level":"ERROR","source":{"function":"github.com/FredericoBento/HandGame/internal/handler.(*AuthHandler).GetSignUp","file":"/home/fredarch/Documents/Github/HandGame/internal/handler/auth.go","line":83},"msg":"http: named cookie not present"}
{"time":"2024-09-25T16:06:19.874558909+01:00","level":"ERROR","source":{"function":"github.com/FredericoBento/HandGame/internal/handler.(*AuthHandler).GetSignUp","file":"/home/fredarch/Documents/Github/HandGame/internal/handler/auth.go","line":83},"msg":"http: named cookie not present"}
{"time":"2024-09-25T16:06:25.11924056+01:00","level":"ERROR","source":{"function":"github.com/FredericoBento/HandGame/internal/handler.(*AuthHandler).GetSignUp","file":"/home/fredarch/Documents/Github/HandGame/internal/handler/auth.go","line":83},"msg":"http: named cookie not present"}
{"time":"2024-09-25T16:08:47.351929676+01:00","level":"ERROR","source":{"function":"github.com/FredericoBento/HandGame/internal/handler.(*AuthHandler).GetSignUp","file":"/home/fredarch/Documents/Github/HandGame/internal/handler/auth.go","line":83},"msg":"http: named cookie not present"}
{"time":"2024-09-25T16:46:07.49765444+01:00","level":"ERROR","source":{"function":"github.com/FredericoBento/HandGame/internal/handler.(*AuthHandler).GetSignUp","file":"/home/fredarch/Documents/Github/HandGame/internal/handler/auth.go","line":88},"msg":"token invalid, does not exist"}
{"time":"2024-09-25T16:47:05.445933102+01:00","level":"ERROR","source":{"function":"github.com/FredericoBento/HandGame/internal/handler.(*AuthHandler).GetSignUp","file":"/home/fredarch/Documents/Github/HandGame/internal/handler/auth.go","line":88},"msg":"token invalid, does not exist"}
{"time":"2024-09-25T16:47:06.031842915+01:00","level":"ERROR","source":{"function":"github.com/FredericoBento/HandGame/internal/handler.(*AuthHandler).GetSignUp","file":"/home/fredarch/Documents/Github/HandGame/internal/handler/auth.go","line":88},"msg":"token invalid, does not exist"}
{"time":"2024-09-25T16:47:06.485051754+01:00","level":"ERROR","source":{"function":"github.com/FredericoBento/HandGame/internal/handler.(*AuthHandler).GetSignUp","file":"/home/fredarch/Documents/Github/HandGame/internal/handler/auth.go","line":88},"msg":"token invalid, does not exist"}
{"time":"2024-09-25T16:49:05.663846975+01:00","level":"INFO","source":{"function":"github.com/FredericoBento/HandGame/internal/handler.(*AuthHandler).GetSignIn","file":"/home/fredarch/Documents/Github/HandGame/internal/handler/auth.go","line":134},"msg":"GOT SIGN IN"}
{"time":"2024-09-27T17:30:04.094614027+01:00","level":"ERROR","source":{"function":"github.com/FredericoBento/HandGame/internal/handler.(*AuthHandler).PostSignIn","file":"/home/fredarch/Documents/Github/HandGame/internal/handler/auth.go","line":226},"msg":"wrong credentials provided"}
{"time":"2024-09-27T17:44:57.204393223+01:00","level":"ERROR","source":{"function":"github.com/FredericoBento/HandGame/internal/handler.(*AuthHandler).PostSignIn","file":"/home/fredarch/Documents/Github/HandGame/internal/handler/auth.go","line":225},"msg":"wrong credentials provided"}
{"time":"2024-09-29T00:45:36.886837438+01:00","level":"ERROR","source":{"function":"github.com/FredericoBento/HandGame/internal/handler.(*AuthHandler).PostSignUp","file":"/home/fredarch/Documents/Github/HandGame/internal/handler/auth.go","line":145},"msg":"user already exists"}
{"time":"2024-09-29T01:07:47.706529444+01:00","level":"ERROR","source":{"function":"github.com/FredericoBento/HandGame/internal/handler.(*AuthHandler).PostSignIn","file":"/home/fredarch/Documents/Github/HandGame/internal/handler/auth.go","line":248},"msg":"wrong credentials provided"}
{"time":"2024-10-04T17:13:55.641907081+01:00","level":"ERROR","source":{"function":"github.com/FredericoBento/HandGame/internal/handler.(*AuthHandler).PostSignIn","file":"/home/fredarch/Documents/Github/HandGame/internal/handler/auth.go","line":272},"msg":"wrong credentials provided"}
{"time":"2024-10-11T17:14:17.390683784+01:00","level":"ERROR","source":{"function":"github.com/FredericoBento/HandGame/internal/handler.(*AuthHandler).GetSignIn","file":"/home/fredarch/Documents/Github/HandGame/internal/handler/auth.go","line":195},"msg":"not logged"}
{"time":"2024-10-11T17:14:21.340139559+01:00","level":"ERROR","source":{"function":"github.com/FredericoBento/HandGame/internal/handler.(*AuthHandler).GetSignIn","file":"/home/fredarch/Documents/Github/HandGame/internal/handler/auth.go","line":195},"msg":"not logged"}
{"time":"2024-10-11T17:14:22.610738567+01:00","level":"ERROR","source":{"function":"github.com/FredericoBento/HandGame/internal/handler.(*AuthHandler).GetSignIn","file":"/home/fredarch/Documents/Github/HandGame/internal/handler/auth.go","line":195},"msg":"not logged"}
{"time":"2024-10-11T17:15:27.775212108+01:00","level":"ERROR","source":{"function":"github.com/FredericoBento/HandGame/internal/handler.(*AuthHandler).GetSignIn","file":"/home/fredarch/Documents/Github/HandGame/internal/handler/auth.go","line":195},"msg":"not logged"}
{"time":"2024-10-11T17:16:55.590201084+01:00","level":"ERROR","source":{"function":"github.com/FredericoBento/HandGame/internal/handler.(*AuthHandler).GetSignIn","file":"/home/fredarch/Documents/Github/HandGame/internal/handler/auth.go","line":195},"msg":"not logged"}
{"time":"2024-10-11T17:16:56.45391267+01:00","level":"ERROR","source":{"function":"github.com/FredericoBento/HandGame/internal/handler.(*AuthHandler).GetSignIn","file":"/home/fredarch/Documents/Github/HandGame/internal/handler/auth.go","line":195},"msg":"not logged"}
{"time":"2024-10-11T17:18:04.770981344+01:00","level":"ERROR","source":{"function":"github.com/FredericoBento/HandGame/internal/handler.(*AuthHandler).GetSignIn","file":"/home/fredarch/Documents/Github/HandGame/internal/handler/auth.go","line":195},"msg":"not logged"}
{"time":"2024-10-11T17:18:28.046564835+01:00","level":"ERROR","source":{"function":"github.com/FredericoBento/HandGame/internal/handler.(*AuthHandler).GetSignIn","file":"/home/fredarch/Documents/Github/HandGame/internal/handler/auth.go","line":195},"msg":"not logged"}
{"time":"2024-10-11T17:21:25.694681441+01:00","level":"ERROR","source":{"function":"github.com/FredericoBento/HandGame/internal/handler.(*AuthHandler).GetSignIn","file":"/home/fredarch/Documents/Github/HandGame/internal/handler/auth.go","line":195},"msg":"not logged"}
{"time":"2024-10-11T17:22:16.822831648+01:00","level":"ERROR","source":{"function":"github.com/FredericoBento/HandGame/internal/handler.(*AuthHandler).GetSignIn","file":"/home/fredarch/Documents/Github/HandGame/internal/handler/auth.go","line":186},"msg":"logged"}
{"time":"2024-10-11T17:25:17.605331065+01:00","level":"ERROR","source":{"function":"github.com/FredericoBento/HandGame/internal/handler.(*AuthHandler).GetSignIn","file":"/home/fredarch/Documents/Github/HandGame/internal/handler/auth.go","line":195},"msg":"not logged"}
{"time":"2024-10-11T17:25:34.056842691+01:00","level":"ERROR","source":{"function":"github.com/FredericoBento/HandGame/internal/handler.(*AuthHandler).GetSignIn","file":"/home/fredarch/Documents/Github/HandGame/internal/handler/auth.go","line":195},"msg":"not logged"}
{"time":"2024-10-11T17:25:35.38529042+01:00","level":"ERROR","source":{"function":"github.com/FredericoBento/HandGame/internal/handler.(*AuthHandler).GetSignIn","file":"/home/fredarch/Documents/Github/HandGame/internal/handler/auth.go","line":195},"msg":"not logged"}
{"time":"2024-10-11T17:25:44.76284509+01:00","level":"ERROR","source":{"function":"github.com/FredericoBento/HandGame/internal/handler.(*AuthHandler).GetSignIn","file":"/home/fredarch/Documents/Github/HandGame/internal/handler/auth.go","line":195},"msg":"not logged"}
{"time":"2024-10-11T17:28:29.296065188+01:00","level":"ERROR","source":{"function":"github.com/FredericoBento/HandGame/internal/handler.(*AuthHandler).GetSignIn","file":"/home/fredarch/Documents/Github/HandGame/internal/handler/auth.go","line":195},"msg":"not logged"}
{"time":"2024-10-11T17:29:33.052795086+01:00","level":"ERROR","source":{"function":"github.com/FredericoBento/HandGame/internal/handler.(*AuthHandler).GetSignIn","file":"/home/fredarch/Documents/Github/HandGame/internal/handler/auth.go","line":195},"msg":"not logged"}
{"time":"2024-10-11T17:30:36.222199594+01:00","level":"ERROR","source":{"function":"github.com/FredericoBento/HandGame/internal/handler.(*AuthHandler).GetSignIn","file":"/home/fredarch/Documents/Github/HandGame/internal/handler/auth.go","line":195},"msg":"not logged"}
{"time":"2024-10-11T17:30:50.832591994+01:00","level":"ERROR","source":{"function":"github.com/FredericoBento/HandGame/internal/handler.(*AuthHandler).GetSignIn","file":"/home/fredarch/Documents/Github/HandGame/internal/handler/auth.go","line":195},"msg":"not logged"}
{"time":"2024-10-11T17:31:03.255621565+01:00","level":"ERROR","source":{"function":"github.com/FredericoBento/HandGame/internal/handler.(*AuthHandler).GetSignIn","file":"/home/fredarch/Documents/Github/HandGame/internal/handler/auth.go","line":195},"msg":"not logged"}
